debug: Tue, 26 Mar 2024 10:02:46 GMT
debug: Project: /Users/zhangxinxin/XXWorkSpace/Github项目/Cocos 项目/CocosLearnDemo/打火箭
debug: Targets: editor,preview
debug: Incremental file seems great.
debug: Engine path: /Applications/Cocos/Creator/3.8.0/CocosCreator.app/Contents/Resources/resources/3d/engine
debug: Initializing target [Editor]
debug: Loading cache
debug: Loading cache costs 2.736239969730377ms.
debug: Engine features shipped in editor: base,gfx-webgl,gfx-webgl2,gfx-empty,3d,animation,skeletal-animation,2d,ui,particle,particle-2d,physics-framework,physics-2d-framework,intersection-2d,primitive,profiler,occlusion-query,geometry-renderer,debug-renderer,audio,video,xr,light-probe,terrain,webview,tween,tiled-map,spine,dragon-bones,marionette,procedural-animation,custom-pipeline,websocket,websocket-server
debug: Our import map(foo:/bar): {
  "imports": {
    "cc": "cce:/internal/x/cc"
  }
}
debug: Initializing target [Preview]
debug: Loading cache
debug: Loading cache costs 2.7688350081443787ms.
debug: Our import map(foo:/bar): {
  "imports": {
    "cc": "cce:/internal/x/cc"
  }
}
debug: Sync engine features: 2d,animation,audio,base,dragon-bones,gfx-webgl,gfx-webgl2,intersection-2d,particle-2d,physics-2d-box2d,profiler,spine,tiled-map,tween,ui,video,webview
debug: Reset databases. Enumerated domains: [
  {
    "root": "db://internal/",
    "physical": "/Applications/Cocos/Creator/3.8.0/CocosCreator.app/Contents/Resources/resources/3d/engine/editor/assets"
  },
  {
    "root": "db://assets/",
    "physical": "/Users/zhangxinxin/XXWorkSpace/Github项目/Cocos 项目/CocosLearnDemo/打火箭/assets"
  }
]
debug: Our import map(foo:/bar): {
  "imports": {
    "cc": "cce:/internal/x/cc",
    "db://internal/": "file:///Applications/Cocos/Creator/3.8.0/CocosCreator.app/Contents/Resources/resources/3d/engine/editor/assets/",
    "db://assets/": "file:///Users/zhangxinxin/XXWorkSpace/Github%E9%A1%B9%E7%9B%AE/Cocos%20%E9%A1%B9%E7%9B%AE/CocosLearnDemo/%E6%89%93%E7%81%AB%E7%AE%AD/assets/"
  }
}
debug: Our import map(foo:/bar): {
  "imports": {
    "cc": "cce:/internal/x/cc",
    "db://internal/": "file:///Applications/Cocos/Creator/3.8.0/CocosCreator.app/Contents/Resources/resources/3d/engine/editor/assets/",
    "db://assets/": "file:///Users/zhangxinxin/XXWorkSpace/Github%E9%A1%B9%E7%9B%AE/Cocos%20%E9%A1%B9%E7%9B%AE/CocosLearnDemo/%E6%89%93%E7%81%AB%E7%AE%AD/assets/"
  }
}
debug: Pulling asset-db.
debug: Fetch asset-db cost: 18.571542024612427ms.
debug: Build iteration starts.
Number of accumulated asset changes: 2
Feature changed: false
debug: Target(editor) build started.
debug: Detected change: cce:/internal/x/cc. Last mtime: Thu Jan 01 1970 08:00:16 GMT+0800 (中国标准时间), Current mtime: Thu Jan 01 1970 08:00:18 GMT+0800 (中国标准时间)
debug: Inspect cce:/internal/x/cc
debug: Resolve cce:/internal/x/cc-fu/base from cce:/internal/x/cc as external dependency cce:/internal/x/cc-fu/base.
debug: Resolve cce:/internal/x/cc-fu/gfx-webgl from cce:/internal/x/cc as external dependency cce:/internal/x/cc-fu/gfx-webgl.
debug: Resolve cce:/internal/x/cc-fu/gfx-webgl2 from cce:/internal/x/cc as external dependency cce:/internal/x/cc-fu/gfx-webgl2.
debug: Resolve cce:/internal/x/cc-fu/gfx-empty from cce:/internal/x/cc as external dependency cce:/internal/x/cc-fu/gfx-empty.
debug: Resolve cce:/internal/x/cc-fu/3d from cce:/internal/x/cc as external dependency cce:/internal/x/cc-fu/3d.
debug: Resolve cce:/internal/x/cc-fu/animation from cce:/internal/x/cc as external dependency cce:/internal/x/cc-fu/animation.
debug: Resolve cce:/internal/x/cc-fu/skeletal-animation from cce:/internal/x/cc as external dependency cce:/internal/x/cc-fu/skeletal-animation.
debug: Resolve cce:/internal/x/cc-fu/2d from cce:/internal/x/cc as external dependency cce:/internal/x/cc-fu/2d.
debug: Resolve cce:/internal/x/cc-fu/sorting from cce:/internal/x/cc as external dependency cce:/internal/x/cc-fu/sorting.
debug: Resolve cce:/internal/x/cc-fu/ui from cce:/internal/x/cc as external dependency cce:/internal/x/cc-fu/ui.
debug: Resolve cce:/internal/x/cc-fu/particle from cce:/internal/x/cc as external dependency cce:/internal/x/cc-fu/particle.
debug: Resolve cce:/internal/x/cc-fu/particle-2d from cce:/internal/x/cc as external dependency cce:/internal/x/cc-fu/particle-2d.
debug: Resolve cce:/internal/x/cc-fu/physics-framework from cce:/internal/x/cc as external dependency cce:/internal/x/cc-fu/physics-framework.
debug: Resolve cce:/internal/x/cc-fu/physics-2d-framework from cce:/internal/x/cc as external dependency cce:/internal/x/cc-fu/physics-2d-framework.
debug: Resolve cce:/internal/x/cc-fu/intersection-2d from cce:/internal/x/cc as external dependency cce:/internal/x/cc-fu/intersection-2d.
debug: Resolve cce:/internal/x/cc-fu/primitive from cce:/internal/x/cc as external dependency cce:/internal/x/cc-fu/primitive.
debug: Resolve cce:/internal/x/cc-fu/profiler from cce:/internal/x/cc as external dependency cce:/internal/x/cc-fu/profiler.
debug: Resolve cce:/internal/x/cc-fu/geometry-renderer from cce:/internal/x/cc as external dependency cce:/internal/x/cc-fu/geometry-renderer.
debug: Resolve cce:/internal/x/cc-fu/audio from cce:/internal/x/cc as external dependency cce:/internal/x/cc-fu/audio.
debug: Resolve cce:/internal/x/cc-fu/video from cce:/internal/x/cc as external dependency cce:/internal/x/cc-fu/video.
debug: Resolve cce:/internal/x/cc-fu/xr from cce:/internal/x/cc as external dependency cce:/internal/x/cc-fu/xr.
debug: Resolve cce:/internal/x/cc-fu/light-probe from cce:/internal/x/cc as external dependency cce:/internal/x/cc-fu/light-probe.
debug: Resolve cce:/internal/x/cc-fu/terrain from cce:/internal/x/cc as external dependency cce:/internal/x/cc-fu/terrain.
debug: Resolve cce:/internal/x/cc-fu/webview from cce:/internal/x/cc as external dependency cce:/internal/x/cc-fu/webview.
debug: Resolve cce:/internal/x/cc-fu/tween from cce:/internal/x/cc as external dependency cce:/internal/x/cc-fu/tween.
debug: Resolve cce:/internal/x/cc-fu/tiled-map from cce:/internal/x/cc as external dependency cce:/internal/x/cc-fu/tiled-map.
debug: Resolve cce:/internal/x/cc-fu/spine from cce:/internal/x/cc as external dependency cce:/internal/x/cc-fu/spine.
debug: Resolve cce:/internal/x/cc-fu/dragon-bones from cce:/internal/x/cc as external dependency cce:/internal/x/cc-fu/dragon-bones.
debug: Resolve cce:/internal/x/cc-fu/custom-pipeline from cce:/internal/x/cc as external dependency cce:/internal/x/cc-fu/custom-pipeline.
debug: Detected change: cce:/internal/x/prerequisite-imports. Last mtime: Thu Jan 01 1970 08:55:07 GMT+0800 (中国标准时间), Current mtime: Thu Jan 01 1970 08:00:37 GMT+0800 (中国标准时间)
debug: Inspect cce:/internal/x/prerequisite-imports
debug: Resolve file:///Applications/Cocos/Creator/3.8.0/CocosCreator.app/Contents/Resources/resources/3d/engine/editor/assets/tools/debug-view-runtime-control.ts from cce:/internal/x/prerequisite-imports as file:///Applications/Cocos/Creator/3.8.0/CocosCreator.app/Contents/Resources/resources/3d/engine/editor/assets/tools/debug-view-runtime-control.ts.
debug: Resolve cc from file:///Applications/Cocos/Creator/3.8.0/CocosCreator.app/Contents/Resources/resources/3d/engine/editor/assets/tools/debug-view-runtime-control.ts as cce:/internal/x/cc.
debug: Resolve cc from file:///Applications/Cocos/Creator/3.8.0/CocosCreator.app/Contents/Resources/resources/3d/engine/editor/assets/tools/debug-view-runtime-control.ts as cce:/internal/x/cc.
debug: Resolve cc from file:///Applications/Cocos/Creator/3.8.0/CocosCreator.app/Contents/Resources/resources/3d/engine/editor/assets/tools/debug-view-runtime-control.ts as cce:/internal/x/cc.
debug: Resolve file:///Users/zhangxinxin/XXWorkSpace/Github%E9%A1%B9%E7%9B%AE/Cocos%20%E9%A1%B9%E7%9B%AE/CocosLearnDemo/%E6%89%93%E7%81%AB%E7%AE%AD/assets/scripts/GameRoot.ts from cce:/internal/x/prerequisite-imports as file:///Users/zhangxinxin/XXWorkSpace/Github%E9%A1%B9%E7%9B%AE/Cocos%20%E9%A1%B9%E7%9B%AE/CocosLearnDemo/%E6%89%93%E7%81%AB%E7%AE%AD/assets/scripts/GameRoot.ts.
debug: Resolve cc from file:///Users/zhangxinxin/XXWorkSpace/Github%E9%A1%B9%E7%9B%AE/Cocos%20%E9%A1%B9%E7%9B%AE/CocosLearnDemo/%E6%89%93%E7%81%AB%E7%AE%AD/assets/scripts/GameRoot.ts as cce:/internal/x/cc.
debug: Resolve cc from file:///Users/zhangxinxin/XXWorkSpace/Github%E9%A1%B9%E7%9B%AE/Cocos%20%E9%A1%B9%E7%9B%AE/CocosLearnDemo/%E6%89%93%E7%81%AB%E7%AE%AD/assets/scripts/GameRoot.ts as cce:/internal/x/cc.
debug: Resolve cc from file:///Users/zhangxinxin/XXWorkSpace/Github%E9%A1%B9%E7%9B%AE/Cocos%20%E9%A1%B9%E7%9B%AE/CocosLearnDemo/%E6%89%93%E7%81%AB%E7%AE%AD/assets/scripts/GameRoot.ts as cce:/internal/x/cc.
debug: Target(editor) ends with cost 148.4331250190735ms.
debug: Target(preview) build started.
debug: Detected change: cce:/internal/x/cc. Last mtime: Thu Jan 01 1970 08:00:32 GMT+0800 (中国标准时间), Current mtime: Thu Jan 01 1970 08:00:37 GMT+0800 (中国标准时间)
debug: Inspect cce:/internal/x/cc
debug: Resolve cce:/internal/x/cc-fu/2d from cce:/internal/x/cc as external dependency cce:/internal/x/cc-fu/2d.
debug: Resolve cce:/internal/x/cc-fu/sorting from cce:/internal/x/cc as external dependency cce:/internal/x/cc-fu/sorting.
debug: Resolve cce:/internal/x/cc-fu/animation from cce:/internal/x/cc as external dependency cce:/internal/x/cc-fu/animation.
debug: Resolve cce:/internal/x/cc-fu/audio from cce:/internal/x/cc as external dependency cce:/internal/x/cc-fu/audio.
debug: Resolve cce:/internal/x/cc-fu/base from cce:/internal/x/cc as external dependency cce:/internal/x/cc-fu/base.
debug: Resolve cce:/internal/x/cc-fu/dragon-bones from cce:/internal/x/cc as external dependency cce:/internal/x/cc-fu/dragon-bones.
debug: Resolve cce:/internal/x/cc-fu/gfx-webgl from cce:/internal/x/cc as external dependency cce:/internal/x/cc-fu/gfx-webgl.
debug: Resolve cce:/internal/x/cc-fu/gfx-webgl2 from cce:/internal/x/cc as external dependency cce:/internal/x/cc-fu/gfx-webgl2.
debug: Resolve cce:/internal/x/cc-fu/intersection-2d from cce:/internal/x/cc as external dependency cce:/internal/x/cc-fu/intersection-2d.
debug: Resolve cce:/internal/x/cc-fu/particle-2d from cce:/internal/x/cc as external dependency cce:/internal/x/cc-fu/particle-2d.
debug: Resolve cce:/internal/x/cc-fu/physics-2d-box2d from cce:/internal/x/cc as external dependency cce:/internal/x/cc-fu/physics-2d-box2d.
debug: Resolve cce:/internal/x/cc-fu/physics-2d-framework from cce:/internal/x/cc as external dependency cce:/internal/x/cc-fu/physics-2d-framework.
debug: Resolve cce:/internal/x/cc-fu/profiler from cce:/internal/x/cc as external dependency cce:/internal/x/cc-fu/profiler.
debug: Resolve cce:/internal/x/cc-fu/spine from cce:/internal/x/cc as external dependency cce:/internal/x/cc-fu/spine.
debug: Resolve cce:/internal/x/cc-fu/tiled-map from cce:/internal/x/cc as external dependency cce:/internal/x/cc-fu/tiled-map.
debug: Resolve cce:/internal/x/cc-fu/tween from cce:/internal/x/cc as external dependency cce:/internal/x/cc-fu/tween.
debug: Resolve cce:/internal/x/cc-fu/ui from cce:/internal/x/cc as external dependency cce:/internal/x/cc-fu/ui.
debug: Resolve cce:/internal/x/cc-fu/video from cce:/internal/x/cc as external dependency cce:/internal/x/cc-fu/video.
debug: Resolve cce:/internal/x/cc-fu/webview from cce:/internal/x/cc as external dependency cce:/internal/x/cc-fu/webview.
debug: Detected change: cce:/internal/x/prerequisite-imports. Last mtime: Thu Jan 01 1970 08:55:07 GMT+0800 (中国标准时间), Current mtime: Thu Jan 01 1970 08:00:37 GMT+0800 (中国标准时间)
debug: Inspect cce:/internal/x/prerequisite-imports
debug: Resolve file:///Applications/Cocos/Creator/3.8.0/CocosCreator.app/Contents/Resources/resources/3d/engine/editor/assets/tools/debug-view-runtime-control.ts from cce:/internal/x/prerequisite-imports as file:///Applications/Cocos/Creator/3.8.0/CocosCreator.app/Contents/Resources/resources/3d/engine/editor/assets/tools/debug-view-runtime-control.ts.
debug: Resolve cc from file:///Applications/Cocos/Creator/3.8.0/CocosCreator.app/Contents/Resources/resources/3d/engine/editor/assets/tools/debug-view-runtime-control.ts as cce:/internal/x/cc.
debug: Resolve cc from file:///Applications/Cocos/Creator/3.8.0/CocosCreator.app/Contents/Resources/resources/3d/engine/editor/assets/tools/debug-view-runtime-control.ts as cce:/internal/x/cc.
debug: Resolve cc from file:///Applications/Cocos/Creator/3.8.0/CocosCreator.app/Contents/Resources/resources/3d/engine/editor/assets/tools/debug-view-runtime-control.ts as cce:/internal/x/cc.
debug: Resolve file:///Users/zhangxinxin/XXWorkSpace/Github%E9%A1%B9%E7%9B%AE/Cocos%20%E9%A1%B9%E7%9B%AE/CocosLearnDemo/%E6%89%93%E7%81%AB%E7%AE%AD/assets/scripts/GameRoot.ts from cce:/internal/x/prerequisite-imports as file:///Users/zhangxinxin/XXWorkSpace/Github%E9%A1%B9%E7%9B%AE/Cocos%20%E9%A1%B9%E7%9B%AE/CocosLearnDemo/%E6%89%93%E7%81%AB%E7%AE%AD/assets/scripts/GameRoot.ts.
debug: Resolve cc from file:///Users/zhangxinxin/XXWorkSpace/Github%E9%A1%B9%E7%9B%AE/Cocos%20%E9%A1%B9%E7%9B%AE/CocosLearnDemo/%E6%89%93%E7%81%AB%E7%AE%AD/assets/scripts/GameRoot.ts as cce:/internal/x/cc.
debug: Resolve cc from file:///Users/zhangxinxin/XXWorkSpace/Github%E9%A1%B9%E7%9B%AE/Cocos%20%E9%A1%B9%E7%9B%AE/CocosLearnDemo/%E6%89%93%E7%81%AB%E7%AE%AD/assets/scripts/GameRoot.ts as cce:/internal/x/cc.
debug: Resolve cc from file:///Users/zhangxinxin/XXWorkSpace/Github%E9%A1%B9%E7%9B%AE/Cocos%20%E9%A1%B9%E7%9B%AE/CocosLearnDemo/%E6%89%93%E7%81%AB%E7%AE%AD/assets/scripts/GameRoot.ts as cce:/internal/x/cc.
debug: Target(preview) ends with cost 118.49520701169968ms.
debug: Pulling asset-db.
debug: Fetch asset-db cost: 1052.134033024311ms.
debug: Build iteration starts.
Number of accumulated asset changes: 2
Feature changed: false
debug: Target(editor) build started.
debug: Detected change: cce:/internal/x/prerequisite-imports. Last mtime: Thu Jan 01 1970 08:00:37 GMT+0800 (中国标准时间), Current mtime: Thu Jan 01 1970 08:00:39 GMT+0800 (中国标准时间)
debug: Inspect cce:/internal/x/prerequisite-imports
debug: Resolve file:///Applications/Cocos/Creator/3.8.0/CocosCreator.app/Contents/Resources/resources/3d/engine/editor/assets/tools/debug-view-runtime-control.ts from cce:/internal/x/prerequisite-imports as file:///Applications/Cocos/Creator/3.8.0/CocosCreator.app/Contents/Resources/resources/3d/engine/editor/assets/tools/debug-view-runtime-control.ts.
debug: Resolve file:///Users/zhangxinxin/XXWorkSpace/Github%E9%A1%B9%E7%9B%AE/Cocos%20%E9%A1%B9%E7%9B%AE/CocosLearnDemo/%E6%89%93%E7%81%AB%E7%AE%AD/assets/scripts/GameRoot.ts from cce:/internal/x/prerequisite-imports as file:///Users/zhangxinxin/XXWorkSpace/Github%E9%A1%B9%E7%9B%AE/Cocos%20%E9%A1%B9%E7%9B%AE/CocosLearnDemo/%E6%89%93%E7%81%AB%E7%AE%AD/assets/scripts/GameRoot.ts.
debug: Target(editor) ends with cost 53.12453895807266ms.
debug: Target(preview) build started.
debug: Detected change: cce:/internal/x/prerequisite-imports. Last mtime: Thu Jan 01 1970 08:00:37 GMT+0800 (中国标准时间), Current mtime: Thu Jan 01 1970 08:00:39 GMT+0800 (中国标准时间)
debug: Inspect cce:/internal/x/prerequisite-imports
debug: Resolve file:///Applications/Cocos/Creator/3.8.0/CocosCreator.app/Contents/Resources/resources/3d/engine/editor/assets/tools/debug-view-runtime-control.ts from cce:/internal/x/prerequisite-imports as file:///Applications/Cocos/Creator/3.8.0/CocosCreator.app/Contents/Resources/resources/3d/engine/editor/assets/tools/debug-view-runtime-control.ts.
debug: Resolve file:///Users/zhangxinxin/XXWorkSpace/Github%E9%A1%B9%E7%9B%AE/Cocos%20%E9%A1%B9%E7%9B%AE/CocosLearnDemo/%E6%89%93%E7%81%AB%E7%AE%AD/assets/scripts/GameRoot.ts from cce:/internal/x/prerequisite-imports as file:///Users/zhangxinxin/XXWorkSpace/Github%E9%A1%B9%E7%9B%AE/Cocos%20%E9%A1%B9%E7%9B%AE/CocosLearnDemo/%E6%89%93%E7%81%AB%E7%AE%AD/assets/scripts/GameRoot.ts.
debug: Target(preview) ends with cost 48.633809983730316ms.
debug: Dispatch build request for time accumulated 1 asset changes.
debug: Build iteration starts.
Number of accumulated asset changes: 1
Feature changed: false
debug: Target(editor) build started.
debug: Detected change: cce:/internal/x/prerequisite-imports. Last mtime: Thu Jan 01 1970 08:00:39 GMT+0800 (中国标准时间), Current mtime: Fri Jan 02 1970 08:42:43 GMT+0800 (中国标准时间)
debug: Inspect cce:/internal/x/prerequisite-imports
debug: Resolve file:///Applications/Cocos/Creator/3.8.0/CocosCreator.app/Contents/Resources/resources/3d/engine/editor/assets/tools/debug-view-runtime-control.ts from cce:/internal/x/prerequisite-imports as file:///Applications/Cocos/Creator/3.8.0/CocosCreator.app/Contents/Resources/resources/3d/engine/editor/assets/tools/debug-view-runtime-control.ts.
debug: Resolve file:///Users/zhangxinxin/XXWorkSpace/Github%E9%A1%B9%E7%9B%AE/Cocos%20%E9%A1%B9%E7%9B%AE/CocosLearnDemo/%E6%89%93%E7%81%AB%E7%AE%AD/assets/scripts/GameRoot.ts from cce:/internal/x/prerequisite-imports as file:///Users/zhangxinxin/XXWorkSpace/Github%E9%A1%B9%E7%9B%AE/Cocos%20%E9%A1%B9%E7%9B%AE/CocosLearnDemo/%E6%89%93%E7%81%AB%E7%AE%AD/assets/scripts/GameRoot.ts.
debug: Detected change: file:///Users/zhangxinxin/XXWorkSpace/Github%E9%A1%B9%E7%9B%AE/Cocos%20%E9%A1%B9%E7%9B%AE/CocosLearnDemo/%E6%89%93%E7%81%AB%E7%AE%AD/assets/scripts/GameRoot.ts. Last mtime: Mon Sep 25 2023 20:41:40 GMT+0800 (中国标准时间)@ac2ff9fa-5101-4a5a-b79d-510acee57d29, Current mtime: Wed Mar 27 2024 18:45:05 GMT+0800 (中国标准时间)@ac2ff9fa-5101-4a5a-b79d-510acee57d29
debug: Inspect file:///Users/zhangxinxin/XXWorkSpace/Github%E9%A1%B9%E7%9B%AE/Cocos%20%E9%A1%B9%E7%9B%AE/CocosLearnDemo/%E6%89%93%E7%81%AB%E7%AE%AD/assets/scripts/GameRoot.ts
debug: Resolve cc from file:///Users/zhangxinxin/XXWorkSpace/Github%E9%A1%B9%E7%9B%AE/Cocos%20%E9%A1%B9%E7%9B%AE/CocosLearnDemo/%E6%89%93%E7%81%AB%E7%AE%AD/assets/scripts/GameRoot.ts as cce:/internal/x/cc.
debug: Resolve cc from file:///Users/zhangxinxin/XXWorkSpace/Github%E9%A1%B9%E7%9B%AE/Cocos%20%E9%A1%B9%E7%9B%AE/CocosLearnDemo/%E6%89%93%E7%81%AB%E7%AE%AD/assets/scripts/GameRoot.ts as cce:/internal/x/cc.
debug: Resolve cc from file:///Users/zhangxinxin/XXWorkSpace/Github%E9%A1%B9%E7%9B%AE/Cocos%20%E9%A1%B9%E7%9B%AE/CocosLearnDemo/%E6%89%93%E7%81%AB%E7%AE%AD/assets/scripts/GameRoot.ts as cce:/internal/x/cc.
debug: Target(editor) ends with cost 752.4875000119209ms.
debug: Target(preview) build started.
debug: Detected change: cce:/internal/x/prerequisite-imports. Last mtime: Thu Jan 01 1970 08:00:39 GMT+0800 (中国标准时间), Current mtime: Fri Jan 02 1970 08:42:44 GMT+0800 (中国标准时间)
debug: Inspect cce:/internal/x/prerequisite-imports
debug: Resolve file:///Applications/Cocos/Creator/3.8.0/CocosCreator.app/Contents/Resources/resources/3d/engine/editor/assets/tools/debug-view-runtime-control.ts from cce:/internal/x/prerequisite-imports as file:///Applications/Cocos/Creator/3.8.0/CocosCreator.app/Contents/Resources/resources/3d/engine/editor/assets/tools/debug-view-runtime-control.ts.
debug: Resolve file:///Users/zhangxinxin/XXWorkSpace/Github%E9%A1%B9%E7%9B%AE/Cocos%20%E9%A1%B9%E7%9B%AE/CocosLearnDemo/%E6%89%93%E7%81%AB%E7%AE%AD/assets/scripts/GameRoot.ts from cce:/internal/x/prerequisite-imports as file:///Users/zhangxinxin/XXWorkSpace/Github%E9%A1%B9%E7%9B%AE/Cocos%20%E9%A1%B9%E7%9B%AE/CocosLearnDemo/%E6%89%93%E7%81%AB%E7%AE%AD/assets/scripts/GameRoot.ts.
debug: Detected change: file:///Users/zhangxinxin/XXWorkSpace/Github%E9%A1%B9%E7%9B%AE/Cocos%20%E9%A1%B9%E7%9B%AE/CocosLearnDemo/%E6%89%93%E7%81%AB%E7%AE%AD/assets/scripts/GameRoot.ts. Last mtime: Mon Sep 25 2023 20:41:40 GMT+0800 (中国标准时间)@ac2ff9fa-5101-4a5a-b79d-510acee57d29, Current mtime: Wed Mar 27 2024 18:45:05 GMT+0800 (中国标准时间)@ac2ff9fa-5101-4a5a-b79d-510acee57d29
debug: Inspect file:///Users/zhangxinxin/XXWorkSpace/Github%E9%A1%B9%E7%9B%AE/Cocos%20%E9%A1%B9%E7%9B%AE/CocosLearnDemo/%E6%89%93%E7%81%AB%E7%AE%AD/assets/scripts/GameRoot.ts
debug: Resolve cc from file:///Users/zhangxinxin/XXWorkSpace/Github%E9%A1%B9%E7%9B%AE/Cocos%20%E9%A1%B9%E7%9B%AE/CocosLearnDemo/%E6%89%93%E7%81%AB%E7%AE%AD/assets/scripts/GameRoot.ts as cce:/internal/x/cc.
debug: Resolve cc from file:///Users/zhangxinxin/XXWorkSpace/Github%E9%A1%B9%E7%9B%AE/Cocos%20%E9%A1%B9%E7%9B%AE/CocosLearnDemo/%E6%89%93%E7%81%AB%E7%AE%AD/assets/scripts/GameRoot.ts as cce:/internal/x/cc.
debug: Resolve cc from file:///Users/zhangxinxin/XXWorkSpace/Github%E9%A1%B9%E7%9B%AE/Cocos%20%E9%A1%B9%E7%9B%AE/CocosLearnDemo/%E6%89%93%E7%81%AB%E7%AE%AD/assets/scripts/GameRoot.ts as cce:/internal/x/cc.
debug: Target(preview) ends with cost 423.73966097831726ms.
debug: Dispatch build request for time accumulated 1 asset changes.
debug: Build iteration starts.
Number of accumulated asset changes: 1
Feature changed: false
debug: Target(editor) build started.
debug: Detected change: cce:/internal/x/prerequisite-imports. Last mtime: Fri Jan 02 1970 08:42:43 GMT+0800 (中国标准时间), Current mtime: Fri Jan 02 1970 08:43:35 GMT+0800 (中国标准时间)
debug: Inspect cce:/internal/x/prerequisite-imports
debug: Resolve file:///Applications/Cocos/Creator/3.8.0/CocosCreator.app/Contents/Resources/resources/3d/engine/editor/assets/tools/debug-view-runtime-control.ts from cce:/internal/x/prerequisite-imports as file:///Applications/Cocos/Creator/3.8.0/CocosCreator.app/Contents/Resources/resources/3d/engine/editor/assets/tools/debug-view-runtime-control.ts.
debug: Resolve file:///Users/zhangxinxin/XXWorkSpace/Github%E9%A1%B9%E7%9B%AE/Cocos%20%E9%A1%B9%E7%9B%AE/CocosLearnDemo/%E6%89%93%E7%81%AB%E7%AE%AD/assets/scripts/GameRoot.ts from cce:/internal/x/prerequisite-imports as file:///Users/zhangxinxin/XXWorkSpace/Github%E9%A1%B9%E7%9B%AE/Cocos%20%E9%A1%B9%E7%9B%AE/CocosLearnDemo/%E6%89%93%E7%81%AB%E7%AE%AD/assets/scripts/GameRoot.ts.
debug: Detected change: file:///Users/zhangxinxin/XXWorkSpace/Github%E9%A1%B9%E7%9B%AE/Cocos%20%E9%A1%B9%E7%9B%AE/CocosLearnDemo/%E6%89%93%E7%81%AB%E7%AE%AD/assets/scripts/GameRoot.ts. Last mtime: Wed Mar 27 2024 18:45:05 GMT+0800 (中国标准时间)@ac2ff9fa-5101-4a5a-b79d-510acee57d29, Current mtime: Wed Mar 27 2024 18:46:00 GMT+0800 (中国标准时间)@ac2ff9fa-5101-4a5a-b79d-510acee57d29
debug: Inspect file:///Users/zhangxinxin/XXWorkSpace/Github%E9%A1%B9%E7%9B%AE/Cocos%20%E9%A1%B9%E7%9B%AE/CocosLearnDemo/%E6%89%93%E7%81%AB%E7%AE%AD/assets/scripts/GameRoot.ts
debug: Resolve cc from file:///Users/zhangxinxin/XXWorkSpace/Github%E9%A1%B9%E7%9B%AE/Cocos%20%E9%A1%B9%E7%9B%AE/CocosLearnDemo/%E6%89%93%E7%81%AB%E7%AE%AD/assets/scripts/GameRoot.ts as cce:/internal/x/cc.
debug: Resolve cc from file:///Users/zhangxinxin/XXWorkSpace/Github%E9%A1%B9%E7%9B%AE/Cocos%20%E9%A1%B9%E7%9B%AE/CocosLearnDemo/%E6%89%93%E7%81%AB%E7%AE%AD/assets/scripts/GameRoot.ts as cce:/internal/x/cc.
debug: Resolve cc from file:///Users/zhangxinxin/XXWorkSpace/Github%E9%A1%B9%E7%9B%AE/Cocos%20%E9%A1%B9%E7%9B%AE/CocosLearnDemo/%E6%89%93%E7%81%AB%E7%AE%AD/assets/scripts/GameRoot.ts as cce:/internal/x/cc.
debug: Target(editor) ends with cost 280.61034697294235ms.
debug: Target(preview) build started.
debug: Detected change: cce:/internal/x/prerequisite-imports. Last mtime: Fri Jan 02 1970 08:42:44 GMT+0800 (中国标准时间), Current mtime: Fri Jan 02 1970 08:43:35 GMT+0800 (中国标准时间)
debug: Inspect cce:/internal/x/prerequisite-imports
debug: Resolve file:///Applications/Cocos/Creator/3.8.0/CocosCreator.app/Contents/Resources/resources/3d/engine/editor/assets/tools/debug-view-runtime-control.ts from cce:/internal/x/prerequisite-imports as file:///Applications/Cocos/Creator/3.8.0/CocosCreator.app/Contents/Resources/resources/3d/engine/editor/assets/tools/debug-view-runtime-control.ts.
debug: Resolve file:///Users/zhangxinxin/XXWorkSpace/Github%E9%A1%B9%E7%9B%AE/Cocos%20%E9%A1%B9%E7%9B%AE/CocosLearnDemo/%E6%89%93%E7%81%AB%E7%AE%AD/assets/scripts/GameRoot.ts from cce:/internal/x/prerequisite-imports as file:///Users/zhangxinxin/XXWorkSpace/Github%E9%A1%B9%E7%9B%AE/Cocos%20%E9%A1%B9%E7%9B%AE/CocosLearnDemo/%E6%89%93%E7%81%AB%E7%AE%AD/assets/scripts/GameRoot.ts.
debug: Detected change: file:///Users/zhangxinxin/XXWorkSpace/Github%E9%A1%B9%E7%9B%AE/Cocos%20%E9%A1%B9%E7%9B%AE/CocosLearnDemo/%E6%89%93%E7%81%AB%E7%AE%AD/assets/scripts/GameRoot.ts. Last mtime: Wed Mar 27 2024 18:45:05 GMT+0800 (中国标准时间)@ac2ff9fa-5101-4a5a-b79d-510acee57d29, Current mtime: Wed Mar 27 2024 18:46:00 GMT+0800 (中国标准时间)@ac2ff9fa-5101-4a5a-b79d-510acee57d29
debug: Inspect file:///Users/zhangxinxin/XXWorkSpace/Github%E9%A1%B9%E7%9B%AE/Cocos%20%E9%A1%B9%E7%9B%AE/CocosLearnDemo/%E6%89%93%E7%81%AB%E7%AE%AD/assets/scripts/GameRoot.ts
debug: Resolve cc from file:///Users/zhangxinxin/XXWorkSpace/Github%E9%A1%B9%E7%9B%AE/Cocos%20%E9%A1%B9%E7%9B%AE/CocosLearnDemo/%E6%89%93%E7%81%AB%E7%AE%AD/assets/scripts/GameRoot.ts as cce:/internal/x/cc.
debug: Resolve cc from file:///Users/zhangxinxin/XXWorkSpace/Github%E9%A1%B9%E7%9B%AE/Cocos%20%E9%A1%B9%E7%9B%AE/CocosLearnDemo/%E6%89%93%E7%81%AB%E7%AE%AD/assets/scripts/GameRoot.ts as cce:/internal/x/cc.
debug: Resolve cc from file:///Users/zhangxinxin/XXWorkSpace/Github%E9%A1%B9%E7%9B%AE/Cocos%20%E9%A1%B9%E7%9B%AE/CocosLearnDemo/%E6%89%93%E7%81%AB%E7%AE%AD/assets/scripts/GameRoot.ts as cce:/internal/x/cc.
debug: Target(preview) ends with cost 323.1944790482521ms.
debug: Dispatch build request for time accumulated 1 asset changes.
debug: Build iteration starts.
Number of accumulated asset changes: 1
Feature changed: false
debug: Target(editor) build started.
debug: Detected change: cce:/internal/x/prerequisite-imports. Last mtime: Fri Jan 02 1970 08:43:35 GMT+0800 (中国标准时间), Current mtime: Fri Jan 02 1970 08:44:36 GMT+0800 (中国标准时间)
debug: Inspect cce:/internal/x/prerequisite-imports
debug: Resolve file:///Applications/Cocos/Creator/3.8.0/CocosCreator.app/Contents/Resources/resources/3d/engine/editor/assets/tools/debug-view-runtime-control.ts from cce:/internal/x/prerequisite-imports as file:///Applications/Cocos/Creator/3.8.0/CocosCreator.app/Contents/Resources/resources/3d/engine/editor/assets/tools/debug-view-runtime-control.ts.
debug: Resolve file:///Users/zhangxinxin/XXWorkSpace/Github%E9%A1%B9%E7%9B%AE/Cocos%20%E9%A1%B9%E7%9B%AE/CocosLearnDemo/%E6%89%93%E7%81%AB%E7%AE%AD/assets/scripts/GameRoot.ts from cce:/internal/x/prerequisite-imports as file:///Users/zhangxinxin/XXWorkSpace/Github%E9%A1%B9%E7%9B%AE/Cocos%20%E9%A1%B9%E7%9B%AE/CocosLearnDemo/%E6%89%93%E7%81%AB%E7%AE%AD/assets/scripts/GameRoot.ts.
debug: Detected change: file:///Users/zhangxinxin/XXWorkSpace/Github%E9%A1%B9%E7%9B%AE/Cocos%20%E9%A1%B9%E7%9B%AE/CocosLearnDemo/%E6%89%93%E7%81%AB%E7%AE%AD/assets/scripts/GameRoot.ts. Last mtime: Wed Mar 27 2024 18:46:00 GMT+0800 (中国标准时间)@ac2ff9fa-5101-4a5a-b79d-510acee57d29, Current mtime: Wed Mar 27 2024 18:46:54 GMT+0800 (中国标准时间)@ac2ff9fa-5101-4a5a-b79d-510acee57d29
debug: Inspect file:///Users/zhangxinxin/XXWorkSpace/Github%E9%A1%B9%E7%9B%AE/Cocos%20%E9%A1%B9%E7%9B%AE/CocosLearnDemo/%E6%89%93%E7%81%AB%E7%AE%AD/assets/scripts/GameRoot.ts
debug: Resolve cc from file:///Users/zhangxinxin/XXWorkSpace/Github%E9%A1%B9%E7%9B%AE/Cocos%20%E9%A1%B9%E7%9B%AE/CocosLearnDemo/%E6%89%93%E7%81%AB%E7%AE%AD/assets/scripts/GameRoot.ts as cce:/internal/x/cc.
debug: Resolve cc from file:///Users/zhangxinxin/XXWorkSpace/Github%E9%A1%B9%E7%9B%AE/Cocos%20%E9%A1%B9%E7%9B%AE/CocosLearnDemo/%E6%89%93%E7%81%AB%E7%AE%AD/assets/scripts/GameRoot.ts as cce:/internal/x/cc.
debug: Resolve cc from file:///Users/zhangxinxin/XXWorkSpace/Github%E9%A1%B9%E7%9B%AE/Cocos%20%E9%A1%B9%E7%9B%AE/CocosLearnDemo/%E6%89%93%E7%81%AB%E7%AE%AD/assets/scripts/GameRoot.ts as cce:/internal/x/cc.
debug: Target(editor) ends with cost 168.27677500247955ms.
debug: Target(preview) build started.
debug: Detected change: cce:/internal/x/prerequisite-imports. Last mtime: Fri Jan 02 1970 08:43:35 GMT+0800 (中国标准时间), Current mtime: Fri Jan 02 1970 08:44:36 GMT+0800 (中国标准时间)
debug: Inspect cce:/internal/x/prerequisite-imports
debug: Resolve file:///Applications/Cocos/Creator/3.8.0/CocosCreator.app/Contents/Resources/resources/3d/engine/editor/assets/tools/debug-view-runtime-control.ts from cce:/internal/x/prerequisite-imports as file:///Applications/Cocos/Creator/3.8.0/CocosCreator.app/Contents/Resources/resources/3d/engine/editor/assets/tools/debug-view-runtime-control.ts.
debug: Resolve file:///Users/zhangxinxin/XXWorkSpace/Github%E9%A1%B9%E7%9B%AE/Cocos%20%E9%A1%B9%E7%9B%AE/CocosLearnDemo/%E6%89%93%E7%81%AB%E7%AE%AD/assets/scripts/GameRoot.ts from cce:/internal/x/prerequisite-imports as file:///Users/zhangxinxin/XXWorkSpace/Github%E9%A1%B9%E7%9B%AE/Cocos%20%E9%A1%B9%E7%9B%AE/CocosLearnDemo/%E6%89%93%E7%81%AB%E7%AE%AD/assets/scripts/GameRoot.ts.
debug: Detected change: file:///Users/zhangxinxin/XXWorkSpace/Github%E9%A1%B9%E7%9B%AE/Cocos%20%E9%A1%B9%E7%9B%AE/CocosLearnDemo/%E6%89%93%E7%81%AB%E7%AE%AD/assets/scripts/GameRoot.ts. Last mtime: Wed Mar 27 2024 18:46:00 GMT+0800 (中国标准时间)@ac2ff9fa-5101-4a5a-b79d-510acee57d29, Current mtime: Wed Mar 27 2024 18:46:54 GMT+0800 (中国标准时间)@ac2ff9fa-5101-4a5a-b79d-510acee57d29
debug: Inspect file:///Users/zhangxinxin/XXWorkSpace/Github%E9%A1%B9%E7%9B%AE/Cocos%20%E9%A1%B9%E7%9B%AE/CocosLearnDemo/%E6%89%93%E7%81%AB%E7%AE%AD/assets/scripts/GameRoot.ts
debug: Resolve cc from file:///Users/zhangxinxin/XXWorkSpace/Github%E9%A1%B9%E7%9B%AE/Cocos%20%E9%A1%B9%E7%9B%AE/CocosLearnDemo/%E6%89%93%E7%81%AB%E7%AE%AD/assets/scripts/GameRoot.ts as cce:/internal/x/cc.
debug: Resolve cc from file:///Users/zhangxinxin/XXWorkSpace/Github%E9%A1%B9%E7%9B%AE/Cocos%20%E9%A1%B9%E7%9B%AE/CocosLearnDemo/%E6%89%93%E7%81%AB%E7%AE%AD/assets/scripts/GameRoot.ts as cce:/internal/x/cc.
debug: Resolve cc from file:///Users/zhangxinxin/XXWorkSpace/Github%E9%A1%B9%E7%9B%AE/Cocos%20%E9%A1%B9%E7%9B%AE/CocosLearnDemo/%E6%89%93%E7%81%AB%E7%AE%AD/assets/scripts/GameRoot.ts as cce:/internal/x/cc.
debug: Target(preview) ends with cost 164.50271099805832ms.
debug: Dispatch build request for time accumulated 1 asset changes.
debug: Build iteration starts.
Number of accumulated asset changes: 1
Feature changed: false
debug: Target(editor) build started.
debug: Detected change: cce:/internal/x/prerequisite-imports. Last mtime: Fri Jan 02 1970 08:44:36 GMT+0800 (中国标准时间), Current mtime: Fri Jan 02 1970 08:44:58 GMT+0800 (中国标准时间)
debug: Inspect cce:/internal/x/prerequisite-imports
debug: Resolve file:///Applications/Cocos/Creator/3.8.0/CocosCreator.app/Contents/Resources/resources/3d/engine/editor/assets/tools/debug-view-runtime-control.ts from cce:/internal/x/prerequisite-imports as file:///Applications/Cocos/Creator/3.8.0/CocosCreator.app/Contents/Resources/resources/3d/engine/editor/assets/tools/debug-view-runtime-control.ts.
debug: Resolve file:///Users/zhangxinxin/XXWorkSpace/Github%E9%A1%B9%E7%9B%AE/Cocos%20%E9%A1%B9%E7%9B%AE/CocosLearnDemo/%E6%89%93%E7%81%AB%E7%AE%AD/assets/scripts/GameRoot.ts from cce:/internal/x/prerequisite-imports as file:///Users/zhangxinxin/XXWorkSpace/Github%E9%A1%B9%E7%9B%AE/Cocos%20%E9%A1%B9%E7%9B%AE/CocosLearnDemo/%E6%89%93%E7%81%AB%E7%AE%AD/assets/scripts/GameRoot.ts.
debug: Detected change: file:///Users/zhangxinxin/XXWorkSpace/Github%E9%A1%B9%E7%9B%AE/Cocos%20%E9%A1%B9%E7%9B%AE/CocosLearnDemo/%E6%89%93%E7%81%AB%E7%AE%AD/assets/scripts/GameRoot.ts. Last mtime: Wed Mar 27 2024 18:46:54 GMT+0800 (中国标准时间)@ac2ff9fa-5101-4a5a-b79d-510acee57d29, Current mtime: Wed Mar 27 2024 18:47:25 GMT+0800 (中国标准时间)@ac2ff9fa-5101-4a5a-b79d-510acee57d29
debug: Inspect file:///Users/zhangxinxin/XXWorkSpace/Github%E9%A1%B9%E7%9B%AE/Cocos%20%E9%A1%B9%E7%9B%AE/CocosLearnDemo/%E6%89%93%E7%81%AB%E7%AE%AD/assets/scripts/GameRoot.ts
debug: Resolve cc from file:///Users/zhangxinxin/XXWorkSpace/Github%E9%A1%B9%E7%9B%AE/Cocos%20%E9%A1%B9%E7%9B%AE/CocosLearnDemo/%E6%89%93%E7%81%AB%E7%AE%AD/assets/scripts/GameRoot.ts as cce:/internal/x/cc.
debug: Resolve cc from file:///Users/zhangxinxin/XXWorkSpace/Github%E9%A1%B9%E7%9B%AE/Cocos%20%E9%A1%B9%E7%9B%AE/CocosLearnDemo/%E6%89%93%E7%81%AB%E7%AE%AD/assets/scripts/GameRoot.ts as cce:/internal/x/cc.
debug: Resolve cc from file:///Users/zhangxinxin/XXWorkSpace/Github%E9%A1%B9%E7%9B%AE/Cocos%20%E9%A1%B9%E7%9B%AE/CocosLearnDemo/%E6%89%93%E7%81%AB%E7%AE%AD/assets/scripts/GameRoot.ts as cce:/internal/x/cc.
debug: Target(editor) ends with cost 193.22261703014374ms.
debug: Target(preview) build started.
debug: Detected change: cce:/internal/x/prerequisite-imports. Last mtime: Fri Jan 02 1970 08:44:36 GMT+0800 (中国标准时间), Current mtime: Fri Jan 02 1970 08:44:58 GMT+0800 (中国标准时间)
debug: Inspect cce:/internal/x/prerequisite-imports
debug: Resolve file:///Applications/Cocos/Creator/3.8.0/CocosCreator.app/Contents/Resources/resources/3d/engine/editor/assets/tools/debug-view-runtime-control.ts from cce:/internal/x/prerequisite-imports as file:///Applications/Cocos/Creator/3.8.0/CocosCreator.app/Contents/Resources/resources/3d/engine/editor/assets/tools/debug-view-runtime-control.ts.
debug: Resolve file:///Users/zhangxinxin/XXWorkSpace/Github%E9%A1%B9%E7%9B%AE/Cocos%20%E9%A1%B9%E7%9B%AE/CocosLearnDemo/%E6%89%93%E7%81%AB%E7%AE%AD/assets/scripts/GameRoot.ts from cce:/internal/x/prerequisite-imports as file:///Users/zhangxinxin/XXWorkSpace/Github%E9%A1%B9%E7%9B%AE/Cocos%20%E9%A1%B9%E7%9B%AE/CocosLearnDemo/%E6%89%93%E7%81%AB%E7%AE%AD/assets/scripts/GameRoot.ts.
debug: Detected change: file:///Users/zhangxinxin/XXWorkSpace/Github%E9%A1%B9%E7%9B%AE/Cocos%20%E9%A1%B9%E7%9B%AE/CocosLearnDemo/%E6%89%93%E7%81%AB%E7%AE%AD/assets/scripts/GameRoot.ts. Last mtime: Wed Mar 27 2024 18:46:54 GMT+0800 (中国标准时间)@ac2ff9fa-5101-4a5a-b79d-510acee57d29, Current mtime: Wed Mar 27 2024 18:47:25 GMT+0800 (中国标准时间)@ac2ff9fa-5101-4a5a-b79d-510acee57d29
debug: Inspect file:///Users/zhangxinxin/XXWorkSpace/Github%E9%A1%B9%E7%9B%AE/Cocos%20%E9%A1%B9%E7%9B%AE/CocosLearnDemo/%E6%89%93%E7%81%AB%E7%AE%AD/assets/scripts/GameRoot.ts
debug: Resolve cc from file:///Users/zhangxinxin/XXWorkSpace/Github%E9%A1%B9%E7%9B%AE/Cocos%20%E9%A1%B9%E7%9B%AE/CocosLearnDemo/%E6%89%93%E7%81%AB%E7%AE%AD/assets/scripts/GameRoot.ts as cce:/internal/x/cc.
debug: Resolve cc from file:///Users/zhangxinxin/XXWorkSpace/Github%E9%A1%B9%E7%9B%AE/Cocos%20%E9%A1%B9%E7%9B%AE/CocosLearnDemo/%E6%89%93%E7%81%AB%E7%AE%AD/assets/scripts/GameRoot.ts as cce:/internal/x/cc.
debug: Resolve cc from file:///Users/zhangxinxin/XXWorkSpace/Github%E9%A1%B9%E7%9B%AE/Cocos%20%E9%A1%B9%E7%9B%AE/CocosLearnDemo/%E6%89%93%E7%81%AB%E7%AE%AD/assets/scripts/GameRoot.ts as cce:/internal/x/cc.
debug: Target(preview) ends with cost 228.0602269768715ms.
