2023-9-22 18:11:35-log: Cannot access game frame or container.
2023-9-22 18:11:36-debug: asset-db:require-engine-code (1962ms)
2023-9-22 18:11:37-log: Cocos Creator v3.8.0
2023-9-22 18:11:37-debug: [Assets Memory track]: asset-db:worker-init: initPlugin start:87.90MB, end 91.72MB, increase: 3.82MB
2023-9-22 18:11:37-debug: [Assets Memory track]: asset-db-plugin-register: programming start:88.68MB, end 94.17MB, increase: 5.49MB
2023-9-22 18:11:37-debug: [Assets Memory track]: asset-db:worker-init: initEngine start:18.69MB, end 87.89MB, increase: 69.21MB
2023-9-22 18:11:37-debug: asset-db:worker-init: initPlugin (361ms)
2023-9-22 18:11:37-debug: [Assets Memory track]: asset-db:worker-init start:18.69MB, end 91.78MB, increase: 73.09MB
2023-9-22 18:11:37-debug: Run asset db hook engine-extends:beforePreStart ...
2023-9-22 18:11:37-debug: Run asset db hook programming:beforePreStart success!
2023-9-22 18:11:37-debug: Run asset db hook programming:beforePreStart ...
2023-9-22 18:11:37-debug: Run asset db hook engine-extends:beforePreStart success!
2023-9-22 18:11:38-debug: asset-db:worker-init (3532ms)
2023-9-22 18:11:38-debug: asset-db-hook-programming-beforePreStart (703ms)
2023-9-22 18:11:38-debug: asset-db-hook-engine-extends-beforePreStart (703ms)
2023-9-22 18:11:38-debug: Preimport db internal success
2023-9-22 18:11:38-debug: Preimport db assets success
2023-9-22 18:11:38-debug: Run asset db hook programming:afterPreStart ...
2023-9-22 18:11:41-debug: run package(builder) handler(enable) start
2023-9-22 18:11:52-debug: [Assets Memory track]: asset-db-plugin-enable: builder start:109.37MB, end 280.31MB, increase: 170.94MB
2023-9-22 18:11:52-debug: run package(builder) handler(enable) success!
2023-9-22 18:11:52-debug: run package(shortcuts) handler(enable) start
2023-9-22 18:11:52-debug: run package(about) handler(enable) start
2023-9-22 18:11:52-debug: run package(about) handler(enable) success!
2023-9-22 18:11:52-debug: run package(assets) handler(enable) start
2023-9-22 18:11:52-debug: run package(assets) handler(enable) success!
2023-9-22 18:11:52-debug: run package(console) handler(enable) start
2023-9-22 18:11:52-debug: run package(console) handler(enable) success!
2023-9-22 18:11:52-debug: run package(crash-reporter) handler(enable) start
2023-9-22 18:11:52-debug: run package(crash-reporter) handler(enable) success!
2023-9-22 18:11:52-debug: run package(extension) handler(enable) start
2023-9-22 18:11:52-debug: run package(extension) handler(enable) success!
2023-9-22 18:11:52-debug: run package(hierarchy) handler(enable) start
2023-9-22 18:11:52-debug: run package(hierarchy) handler(enable) success!
2023-9-22 18:11:52-debug: run package(inspector) handler(enable) start
2023-9-22 18:11:52-debug: run package(inspector) handler(enable) success!
2023-9-22 18:11:52-debug: run package(light-probe) handler(enable) start
2023-9-22 18:11:52-debug: run package(light-probe) handler(enable) success!
2023-9-22 18:11:52-debug: run package(lightmap) handler(enable) start
2023-9-22 18:11:52-debug: run package(lightmap) handler(enable) success!
2023-9-22 18:11:52-debug: run package(node-library) handler(enable) start
2023-9-22 18:11:52-debug: run package(node-library) handler(enable) success!
2023-9-22 18:11:52-debug: run package(package-asset) handler(enable) start
2023-9-22 18:11:52-debug: run package(package-asset) handler(enable) success!
2023-9-22 18:11:52-debug: run package(process) handler(enable) start
2023-9-22 18:11:52-debug: run package(process) handler(enable) success!
2023-9-22 18:11:52-debug: run package(reference-image) handler(enable) start
2023-9-22 18:11:52-debug: run package(reference-image) handler(enable) success!
2023-9-22 18:11:52-debug: run package(reflection-probe) handler(enable) start
2023-9-22 18:11:52-debug: run package(reflection-probe) handler(enable) success!
2023-9-22 18:11:52-debug: run package(engine-extends) handler(enable) start
2023-9-22 18:11:52-debug: run package(engine-extends) handler(enable) success!
2023-9-22 18:11:52-debug: run package(adsense-h5g-plugin) handler(enable) start
2023-9-22 18:11:52-debug: run package(adsense-h5g-plugin) handler(enable) success!
2023-9-22 18:11:52-debug: run package(alipay-mini-game) handler(enable) start
2023-9-22 18:11:52-debug: run package(alipay-mini-game) handler(enable) success!
2023-9-22 18:11:52-debug: run package(android) handler(enable) start
2023-9-22 18:11:52-debug: run package(android) handler(enable) success!
2023-9-22 18:11:52-debug: run package(bytedance-mini-game) handler(enable) start
2023-9-22 18:11:52-debug: run package(bytedance-mini-game) handler(enable) success!
2023-9-22 18:11:52-debug: run package(certificate) handler(enable) start
2023-9-22 18:11:52-debug: run package(certificate) handler(enable) success!
2023-9-22 18:11:52-debug: run package(channel-upload-tools) handler(enable) start
2023-9-22 18:11:52-debug: run package(channel-upload-tools) handler(enable) success!
2023-9-22 18:11:52-debug: run package(fb-instant-games) handler(enable) start
2023-9-22 18:11:52-debug: run package(fb-instant-games) handler(enable) success!
2023-9-22 18:11:52-debug: run package(huawei-agc) handler(enable) start
2023-9-22 18:11:52-debug: run package(huawei-agc) handler(enable) success!
2023-9-22 18:11:52-debug: run package(huawei-quick-game) handler(enable) start
2023-9-22 18:11:52-debug: run package(huawei-quick-game) handler(enable) success!
2023-9-22 18:11:52-debug: run package(ios) handler(enable) start
2023-9-22 18:11:52-debug: run package(ios) handler(enable) success!
2023-9-22 18:11:52-debug: run package(linux) handler(enable) start
2023-9-22 18:11:52-debug: run package(linux) handler(enable) success!
2023-9-22 18:11:52-debug: run package(mac) handler(enable) start
2023-9-22 18:11:52-debug: run package(mac) handler(enable) success!
2023-9-22 18:11:52-debug: run package(native) handler(enable) start
2023-9-22 18:11:52-debug: run package(native) handler(enable) success!
2023-9-22 18:11:52-debug: run package(ohos) handler(enable) start
2023-9-22 18:11:52-debug: run package(ohos) handler(enable) success!
2023-9-22 18:11:52-debug: run package(openharmony) handler(enable) start
2023-9-22 18:11:52-debug: run package(openharmony) handler(enable) success!
2023-9-22 18:11:52-debug: run package(oppo-mini-game) handler(enable) start
2023-9-22 18:11:52-debug: run package(oppo-mini-game) handler(enable) success!
2023-9-22 18:11:52-debug: run package(runtime-dev-tools) handler(enable) start
2023-9-22 18:11:52-debug: run package(shortcuts) handler(enable) success!
2023-9-22 18:11:52-debug: run package(taobao-creative-app) handler(enable) start
2023-9-22 18:11:52-debug: run package(runtime-dev-tools) handler(enable) success!
2023-9-22 18:11:52-debug: run package(taobao-mini-game) handler(enable) start
2023-9-22 18:11:52-debug: run package(taobao-mini-game) handler(enable) success!
2023-9-22 18:11:52-debug: run package(taobao-creative-app) handler(enable) success!
2023-9-22 18:11:52-debug: run package(vivo-mini-game) handler(enable) success!
2023-9-22 18:11:52-debug: run package(web-desktop) handler(enable) start
2023-9-22 18:11:52-debug: run package(vivo-mini-game) handler(enable) start
2023-9-22 18:11:52-debug: run package(web-mobile) handler(enable) start
2023-9-22 18:11:52-debug: run package(web-mobile) handler(enable) success!
2023-9-22 18:11:52-debug: run package(wechatgame) handler(enable) start
2023-9-22 18:11:52-debug: run package(web-desktop) handler(enable) success!
2023-9-22 18:11:52-debug: run package(animation-graph) handler(enable) start
2023-9-22 18:11:52-debug: run package(wechatprogram) handler(enable) success!
2023-9-22 18:11:52-debug: run package(windows) handler(enable) start
2023-9-22 18:11:52-debug: run package(windows) handler(enable) success!
2023-9-22 18:11:52-debug: run package(xiaomi-quick-game) handler(enable) start
2023-9-22 18:11:52-debug: run package(wechatprogram) handler(enable) start
2023-9-22 18:11:52-debug: run package(cocos-service) handler(enable) start
2023-9-22 18:11:52-debug: run package(cocos-service) handler(enable) success!
2023-9-22 18:11:52-debug: run package(animation-graph) handler(enable) success!
2023-9-22 18:11:52-debug: run package(im-plugin) handler(enable) success!
2023-9-22 18:11:52-debug: run package(prefab380fix) handler(enable) start
2023-9-22 18:11:52-debug: run package(prefab380fix) handler(enable) success!
2023-9-22 18:11:52-debug: run package(placeholder) handler(enable) start
2023-9-22 18:11:52-debug: run package(placeholder) handler(enable) success!
2023-9-22 18:11:52-debug: run package(xiaomi-quick-game) handler(enable) success!
2023-9-22 18:11:52-debug: run package(wechatgame) handler(enable) success!
2023-9-22 18:11:52-debug: run package(im-plugin) handler(enable) start
2023-9-22 18:11:53-debug: Set detail map pack:///resolution-detail-map.json: {}
2023-9-22 18:11:53-debug: [Assets Memory track]: asset-db:worker-init: preStart start:91.78MB, end 282.27MB, increase: 190.49MB
2023-9-22 18:11:53-debug: Start up the 'internal' database...
2023-9-22 18:11:53-debug: Run asset db hook engine-extends:afterPreStart success!
2023-9-22 18:11:53-debug: Run asset db hook programming:afterPreStart success!
2023-9-22 18:11:53-debug: Run asset db hook engine-extends:afterPreStart ...
2023-9-22 18:11:53-debug: asset-db-hook-programming-afterPreStart (15089ms)
2023-9-22 18:11:53-debug: asset-db:worker-effect-data-processing (52ms)
2023-9-22 18:11:53-debug: asset-db-hook-engine-extends-afterPreStart (52ms)
2023-9-22 18:11:53-debug: start asset-db with asset: 459
2023-9-22 18:11:53-debug: [Assets Memory track]: asset-db:worker-startup-database[internal] start:108.93MB, end 285.26MB, increase: 176.33MB
2023-9-22 18:11:53-debug: Start up the 'assets' database...
2023-9-22 18:11:53-debug: asset-db:worker-startup-database[internal] (15273ms)
2023-9-22 18:11:53-debug: start asset-db with asset: 16
2023-9-22 18:11:53-debug: [Assets Memory track]: asset-db:worker-startup-database[assets] start:109.13MB, end 285.51MB, increase: 176.38MB
2023-9-22 18:11:53-debug: [Assets Memory track]: asset-db:worker-init: startup start:282.27MB, end 285.51MB, increase: 3.24MB
2023-9-22 18:11:53-debug: asset-db:worker-startup-database[assets] (15142ms)
2023-9-22 18:11:53-debug: asset-db:start-database (15868ms)
2023-9-22 18:11:53-debug: asset-db:ready (22580ms)
2023-9-22 18:11:53-debug: init worker message success
2023-9-22 18:11:53-debug: programming:execute-script (7ms)
2023-9-22 18:11:53-debug: [Build Memory track]: builder:worker-init start:282.20MB, end 296.24MB, increase: 14.03MB
2023-9-22 18:11:53-debug: builder:worker-init (617ms)
2023-9-22 18:11:55-debug: programming:execute-script (7ms)
2023-9-22 18:12:04-debug: Query all assets info in project
2023-9-22 18:12:04-debug: init custom config: keepNodeUuid: false, useCache: true
2023-9-22 18:12:05-debug:   Number of all scripts: 2
2023-9-22 18:12:05-debug:   Number of other assets: 340
2023-9-22 18:12:05-debug:   Number of all scenes: 2
2023-9-22 18:12:05-debug: reload all scripts.
2023-9-22 18:12:05-debug: Incremental keys: 
2023-9-22 18:12:05-debug: Set detail map pack:///resolution-detail-map.json: {}
2023-9-22 18:12:05-debug: /Users/zhangxinxin/XXWorkSpace/Github项目/Cocos 项目/CocosLearnDemo/打火箭/temp/programming/packer-driver/targets/editor/chunks/ce/cee638a986ad8fae09398db255647defcaa6612a.js resolved to /Users/zhangxinxin/XXWorkSpace/Github项目/Cocos 项目/CocosLearnDemo/打火箭/temp/programming/packer-driver/targets/editor/chunks/ce/cee638a986ad8fae09398db255647defcaa6612a.js is not in module cache!
2023-9-22 18:12:05-debug: [[Executor]] Module "cce:/internal/x/cc-fu/gfx-empty" loaded.
2023-9-22 18:12:05-debug: [[Executor]] Module "cce:/internal/x/cc-fu/3d" loaded.
2023-9-22 18:12:05-debug: [[Executor]] Module "cce:/internal/x/cc-fu/animation" loaded.
2023-9-22 18:12:05-debug: [[Executor]] Module "cce:/internal/x/cc-fu/skeletal-animation" loaded.
2023-9-22 18:12:05-debug: [[Executor]] Module "cce:/internal/x/cc-fu/2d" loaded.
2023-9-22 18:12:05-debug: [[Executor]] Module "cce:/internal/x/cc-fu/sorting" loaded.
2023-9-22 18:12:05-debug: [[Executor]] Module "cce:/internal/x/cc-fu/ui" loaded.
2023-9-22 18:12:05-debug: [[Executor]] Module "cce:/internal/x/cc-fu/particle" loaded.
2023-9-22 18:12:05-debug: [[Executor]] Module "cce:/internal/x/cc-fu/particle-2d" loaded.
2023-9-22 18:12:05-debug: [[Executor]] Module "cce:/internal/x/cc-fu/physics-framework" loaded.
2023-9-22 18:12:05-debug: [[Executor]] Module "cce:/internal/x/cc-fu/physics-2d-framework" loaded.
2023-9-22 18:12:05-debug: [[Executor]] Module "cce:/internal/x/cc-fu/intersection-2d" loaded.
2023-9-22 18:12:05-debug: [[Executor]] Module "cce:/internal/x/cc-fu/primitive" loaded.
2023-9-22 18:12:05-debug: [[Executor]] Module "cce:/internal/x/cc-fu/profiler" loaded.
2023-9-22 18:12:05-debug: [[Executor]] Module "cce:/internal/x/cc-fu/base" loaded.
2023-9-22 18:12:05-debug: [[Executor]] Module "cce:/internal/x/cc-fu/audio" loaded.
2023-9-22 18:12:05-debug: [[Executor]] Module "cce:/internal/x/cc-fu/video" loaded.
2023-9-22 18:12:05-debug: [[Executor]] Module "cce:/internal/x/cc-fu/xr" loaded.
2023-9-22 18:12:05-debug: [[Executor]] Module "cce:/internal/x/cc-fu/light-probe" loaded.
2023-9-22 18:12:05-debug: [[Executor]] Module "cce:/internal/x/cc-fu/terrain" loaded.
2023-9-22 18:12:05-debug: [[Executor]] Module "cce:/internal/x/cc-fu/webview" loaded.
2023-9-22 18:12:05-debug: [[Executor]] Module "cce:/internal/x/cc-fu/tween" loaded.
2023-9-22 18:12:05-debug: [[Executor]] Module "cce:/internal/x/cc-fu/geometry-renderer" loaded.
2023-9-22 18:12:05-debug: [[Executor]] Module "cce:/internal/x/cc-fu/spine" loaded.
2023-9-22 18:12:05-debug: [[Executor]] Module "cce:/internal/x/cc-fu/dragon-bones" loaded.
2023-9-22 18:12:05-debug: [[Executor]] Module "cce:/internal/x/cc-fu/custom-pipeline" loaded.
2023-9-22 18:12:05-debug: [[Executor]] Module "cce:/internal/x/cc-fu/base" loaded.
2023-9-22 18:12:05-debug: [[Executor]] Module "cce:/internal/x/cc-fu/gfx-webgl" loaded.
2023-9-22 18:12:05-debug: [[Executor]] Module "cce:/internal/x/cc-fu/gfx-webgl2" loaded.
2023-9-22 18:12:05-debug: [[Executor]] Module "cce:/internal/x/cc-fu/gfx-empty" loaded.
2023-9-22 18:12:05-debug: [[Executor]] Module "cce:/internal/x/cc-fu/gfx-webgl2" loaded.
2023-9-22 18:12:05-debug: [[Executor]] Module "cce:/internal/x/cc-fu/animation" loaded.
2023-9-22 18:12:05-debug: [[Executor]] Module "cce:/internal/x/cc-fu/skeletal-animation" loaded.
2023-9-22 18:12:05-debug: [[Executor]] Module "cce:/internal/x/cc-fu/2d" loaded.
2023-9-22 18:12:05-debug: [[Executor]] Module "cce:/internal/x/cc-fu/3d" loaded.
2023-9-22 18:12:05-debug: [[Executor]] Module "cce:/internal/x/cc-fu/ui" loaded.
2023-9-22 18:12:05-debug: [[Executor]] Module "cce:/internal/x/cc-fu/sorting" loaded.
2023-9-22 18:12:05-debug: [[Executor]] Module "cce:/internal/x/cc-fu/particle-2d" loaded.
2023-9-22 18:12:05-debug: [[Executor]] Module "cce:/internal/x/cc-fu/physics-framework" loaded.
2023-9-22 18:12:05-debug: [[Executor]] Module "cce:/internal/x/cc-fu/physics-2d-framework" loaded.
2023-9-22 18:12:05-debug: [[Executor]] Module "cce:/internal/x/cc-fu/intersection-2d" loaded.
2023-9-22 18:12:05-debug: [[Executor]] Module "cce:/internal/x/cc-fu/primitive" loaded.
2023-9-22 18:12:05-debug: [[Executor]] Module "cce:/internal/x/cc-fu/profiler" loaded.
2023-9-22 18:12:05-debug: [[Executor]] Module "cce:/internal/x/cc-fu/geometry-renderer" loaded.
2023-9-22 18:12:05-debug: [[Executor]] Module "cce:/internal/x/cc-fu/audio" loaded.
2023-9-22 18:12:05-debug: [[Executor]] Module "cce:/internal/x/cc-fu/particle" loaded.
2023-9-22 18:12:05-debug: [[Executor]] Module "cce:/internal/x/cc-fu/xr" loaded.
2023-9-22 18:12:05-debug: [[Executor]] Module "cce:/internal/x/cc-fu/light-probe" loaded.
2023-9-22 18:12:05-debug: [[Executor]] Module "cce:/internal/x/cc-fu/terrain" loaded.
2023-9-22 18:12:05-debug: [[Executor]] Module "cce:/internal/x/cc-fu/tiled-map" loaded.
2023-9-22 18:12:05-debug: [[Executor]] Module "cce:/internal/x/cc-fu/tween" loaded.
2023-9-22 18:12:05-debug: [[Executor]] Module "cce:/internal/x/cc-fu/tiled-map" loaded.
2023-9-22 18:12:05-debug: [[Executor]] Module "cce:/internal/x/cc-fu/webview" loaded.
2023-9-22 18:12:05-debug: [[Executor]] Module "cce:/internal/x/cc-fu/dragon-bones" loaded.
2023-9-22 18:12:05-debug: [[Executor]] Module "cce:/internal/x/cc-fu/custom-pipeline" loaded.
2023-9-22 18:12:05-debug: [[Executor]] Module "pack:///chunks/ce/cee638a986ad8fae09398db255647defcaa6612a.js" loaded.
2023-9-22 18:12:05-debug: Invalidating 'pack:///chunks/ce/cee638a986ad8fae09398db255647defcaa6612a.js'
2023-9-22 18:12:05-debug: [[Executor]] Module "pack:///chunks/ce/cee638a986ad8fae09398db255647defcaa6612a.js" loaded.
2023-9-22 18:12:05-debug: [[Executor]] Module "cce:/internal/x/cc-fu/spine" loaded.
2023-9-22 18:12:05-debug: [[Executor]] Module "cce:/internal/x/cc-fu/video" loaded.
2023-9-22 18:12:05-debug: [[Executor]] Module "cce:/internal/x/cc-fu/gfx-webgl" loaded.
2023-9-22 18:12:05-debug: /Users/zhangxinxin/XXWorkSpace/Github项目/Cocos 项目/CocosLearnDemo/打火箭/temp/programming/packer-driver/targets/editor/chunks/63/6324fd7f2a6a90bef45040fcb7ce34af0ba6a7d3.js resolved to /Users/zhangxinxin/XXWorkSpace/Github项目/Cocos 项目/CocosLearnDemo/打火箭/temp/programming/packer-driver/targets/editor/chunks/63/6324fd7f2a6a90bef45040fcb7ce34af0ba6a7d3.js is not in module cache!
2023-9-22 18:12:05-debug: [[Executor]] Module "pack:///chunks/63/6324fd7f2a6a90bef45040fcb7ce34af0ba6a7d3.js" loaded.
2023-9-22 18:12:05-debug: /Users/zhangxinxin/XXWorkSpace/Github项目/Cocos 项目/CocosLearnDemo/打火箭/temp/programming/packer-driver/targets/editor/chunks/d5/d5608b38b037f8fab3d80ad8b6997514f74129c4.js resolved to /Users/zhangxinxin/XXWorkSpace/Github项目/Cocos 项目/CocosLearnDemo/打火箭/temp/programming/packer-driver/targets/editor/chunks/d5/d5608b38b037f8fab3d80ad8b6997514f74129c4.js is not in module cache!
2023-9-22 18:12:05-debug: [[Executor]] Register DebugViewRuntimeControl
2023-9-22 18:12:05-debug: [[Executor]] Module "pack:///chunks/d5/d5608b38b037f8fab3d80ad8b6997514f74129c4.js" loaded.
2023-9-22 18:12:05-debug: /Users/zhangxinxin/XXWorkSpace/Github项目/Cocos 项目/CocosLearnDemo/打火箭/temp/programming/packer-driver/targets/editor/chunks/ff/ff72b71293993d0dffdc69234a408f101a510263.js resolved to /Users/zhangxinxin/XXWorkSpace/Github项目/Cocos 项目/CocosLearnDemo/打火箭/temp/programming/packer-driver/targets/editor/chunks/ff/ff72b71293993d0dffdc69234a408f101a510263.js is not in module cache!
2023-9-22 18:12:05-debug: [[Executor]] Register GameRoot
2023-9-22 18:12:05-debug: [[Executor]] Module "pack:///chunks/ff/ff72b71293993d0dffdc69234a408f101a510263.js" loaded.
2023-9-22 18:12:05-debug: [[Executor]] Module "pack:///chunks/63/6324fd7f2a6a90bef45040fcb7ce34af0ba6a7d3.js" loaded.
2023-9-22 18:12:05-debug: 查询 Asset Bundle start0%
2023-9-22 18:12:05-debug: // ---- build task 查询 Asset Bundle ----
2023-9-22 18:12:05-debug: Query preload assets from cc.config.json: 60f7195c-ec2a-45eb-ba94-8955f60e81d0,1c02ae6f-4492-4915-b8f8-7492a3b1e4cd,810e96e4-e456-4468-9b59-f4e8f39732c0,efe8e2a3-eace-427b-b4f1-cb8a937ec77d,e9aa9a3e-5b2b-4ac7-a2c7-073de2b2b24f,8bbdbcdd-5cd4-4100-b6d5-b7c9625b6107,50f4348b-c883-4e2f-8f11-ce233b859fa1,fda095cb-831d-4601-ad94-846013963de8,f92806d7-1768-443f-afe8-12bcde84d0f0,dd3a144d-ab7f-41f0-82b8-2e43a090d496,f0416e68-0200-4b77-a926-4f9d16e494da,970b0598-bcb0-4714-91fb-2e81440dccd8,bcd64cc6-2dd9-43f6-abbe-66318d332032,d930590d-bb92-4cc8-8bd1-23cd027f9edf,a3cd009f-0ab0-420d-9278-b9fdab939bbc,c27215d8-6835-4b68-bfbb-bdeac6100c04,b5d6115f-0370-4d7c-aad3-c194cc71cf98,871c3b6c-7379-419d-bda3-794b239ab90d
2023-9-22 18:12:05-debug: // ---- build task 查询 Asset Bundle ---- (26ms)
2023-9-22 18:12:05-debug: run build task 查询 Asset Bundle success in 26 ms √5%
2023-9-22 18:12:05-debug: [Build Memory track]: 查询 Asset Bundle start:245.36MB, end 246.06MB, increase: 717.64KB
2023-9-22 18:12:05-debug: 查询 Asset Bundle start5%
2023-9-22 18:12:05-debug: // ---- build task 查询 Asset Bundle ----
2023-9-22 18:12:05-debug: // ---- build task 查询 Asset Bundle ---- (1ms)
2023-9-22 18:12:05-debug: 整理部分构建选项内数据到 settings.json start10%
2023-9-22 18:12:05-debug: run build task 查询 Asset Bundle success in 1 ms √10%
2023-9-22 18:12:05-debug: [Build Memory track]: 查询 Asset Bundle start:246.07MB, end 246.08MB, increase: 11.18KB
2023-9-22 18:12:05-debug: // ---- build task 整理部分构建选项内数据到 settings.json ----
2023-9-22 18:12:05-debug: // ---- build task 整理部分构建选项内数据到 settings.json ---- (1ms)
2023-9-22 18:12:05-debug: run build task 整理部分构建选项内数据到 settings.json success in 1 ms √12%
2023-9-22 18:12:05-debug: // ---- build task 填充脚本数据到 settings.json ----
2023-9-22 18:12:05-debug: [Build Memory track]: 整理部分构建选项内数据到 settings.json start:246.09MB, end 246.10MB, increase: 15.67KB
2023-9-22 18:12:05-debug: 填充脚本数据到 settings.json start12%
2023-9-22 18:12:05-debug: // ---- build task 填充脚本数据到 settings.json ---- (1ms)
2023-9-22 18:12:05-debug: // ---- build task 整理部分构建选项内数据到 settings.json ----
2023-9-22 18:12:05-debug: [Build Memory track]: 填充脚本数据到 settings.json start:246.11MB, end 246.12MB, increase: 13.95KB
2023-9-22 18:12:05-debug: run build task 填充脚本数据到 settings.json success in 1 ms √13%
2023-9-22 18:12:05-debug: 整理部分构建选项内数据到 settings.json start13%
2023-9-22 18:12:05-debug: // ---- build task 整理部分构建选项内数据到 settings.json ---- (8ms)
2023-9-22 18:12:05-debug: run build task 整理部分构建选项内数据到 settings.json success in 8 ms √15%
2023-9-22 18:12:05-debug: [Build Memory track]: 整理部分构建选项内数据到 settings.json start:246.13MB, end 244.59MB, increase: -1576.57KB
2023-9-22 18:12:21-debug: refresh db internal success
2023-9-22 18:12:21-debug: refresh db assets success
2023-9-22 18:12:21-debug: Run asset db hook engine-extends:afterRefresh ...
2023-9-22 18:12:21-debug: Run asset db hook engine-extends:afterRefresh success!
2023-9-22 18:12:21-debug: asset-db:refresh-all-database (71ms)
2023-9-22 18:12:21-debug: asset-db:worker-effect-data-processing (1ms)
2023-9-22 18:12:21-debug: asset-db-hook-engine-extends-afterRefresh (1ms)
2023-9-22 18:12:23-debug: Query all assets info in project
2023-9-22 18:12:23-debug: init custom config: keepNodeUuid: false, useCache: true
2023-9-22 18:12:23-debug:   Number of all scenes: 2
2023-9-22 18:12:23-debug:   Number of all scripts: 2
2023-9-22 18:12:23-debug:   Number of other assets: 340
2023-9-22 18:12:23-debug: reload all scripts.
2023-9-22 18:12:23-debug: Incremental keys: 
2023-9-22 18:12:23-debug: Set detail map pack:///resolution-detail-map.json: {}
2023-9-22 18:12:23-debug: Invalidating 'pack:///chunks/63/6324fd7f2a6a90bef45040fcb7ce34af0ba6a7d3.js'
2023-9-22 18:12:23-debug: Invalidating 'pack:///chunks/d5/d5608b38b037f8fab3d80ad8b6997514f74129c4.js'
2023-9-22 18:12:23-debug: Invalidating 'pack:///chunks/ff/ff72b71293993d0dffdc69234a408f101a510263.js'
2023-9-22 18:12:23-debug: [[Executor]] Module "pack:///chunks/ce/cee638a986ad8fae09398db255647defcaa6612a.js" loaded.
2023-9-22 18:12:23-debug: [[Executor]] Module "pack:///chunks/63/6324fd7f2a6a90bef45040fcb7ce34af0ba6a7d3.js" loaded.
2023-9-22 18:12:23-debug: [[Executor]] Register DebugViewRuntimeControl
2023-9-22 18:12:23-debug: [[Executor]] Module "pack:///chunks/d5/d5608b38b037f8fab3d80ad8b6997514f74129c4.js" loaded.
2023-9-22 18:12:23-debug: [[Executor]] Register GameRoot
2023-9-22 18:12:23-debug: [[Executor]] Module "pack:///chunks/ff/ff72b71293993d0dffdc69234a408f101a510263.js" loaded.
2023-9-22 18:12:23-debug: Unregister DebugViewRuntimeControl
2023-9-22 18:12:23-debug: 查询 Asset Bundle start0%
2023-9-22 18:12:23-debug: // ---- build task 查询 Asset Bundle ----
2023-9-22 18:12:23-debug: [[Executor]] Module "pack:///chunks/63/6324fd7f2a6a90bef45040fcb7ce34af0ba6a7d3.js" loaded.
2023-9-22 18:12:23-debug: Unregister GameRoot
2023-9-22 18:12:23-debug: Invalidating 'pack:///chunks/ce/cee638a986ad8fae09398db255647defcaa6612a.js'
2023-9-22 18:12:23-debug: Query preload assets from cc.config.json: 60f7195c-ec2a-45eb-ba94-8955f60e81d0,1c02ae6f-4492-4915-b8f8-7492a3b1e4cd,810e96e4-e456-4468-9b59-f4e8f39732c0,efe8e2a3-eace-427b-b4f1-cb8a937ec77d,e9aa9a3e-5b2b-4ac7-a2c7-073de2b2b24f,8bbdbcdd-5cd4-4100-b6d5-b7c9625b6107,50f4348b-c883-4e2f-8f11-ce233b859fa1,fda095cb-831d-4601-ad94-846013963de8,f92806d7-1768-443f-afe8-12bcde84d0f0,dd3a144d-ab7f-41f0-82b8-2e43a090d496,f0416e68-0200-4b77-a926-4f9d16e494da,970b0598-bcb0-4714-91fb-2e81440dccd8,bcd64cc6-2dd9-43f6-abbe-66318d332032,d930590d-bb92-4cc8-8bd1-23cd027f9edf,a3cd009f-0ab0-420d-9278-b9fdab939bbc,c27215d8-6835-4b68-bfbb-bdeac6100c04,b5d6115f-0370-4d7c-aad3-c194cc71cf98,871c3b6c-7379-419d-bda3-794b239ab90d
2023-9-22 18:12:23-debug: // ---- build task 查询 Asset Bundle ---- (15ms)
2023-9-22 18:12:23-debug: [Build Memory track]: 查询 Asset Bundle start:248.27MB, end 248.74MB, increase: 480.43KB
2023-9-22 18:12:23-debug: run build task 查询 Asset Bundle success in 15 ms √5%
2023-9-22 18:12:23-debug: 查询 Asset Bundle start5%
2023-9-22 18:12:23-debug: // ---- build task 查询 Asset Bundle ----
2023-9-22 18:12:23-debug: // ---- build task 查询 Asset Bundle ---- (1ms)
2023-9-22 18:12:23-debug: 整理部分构建选项内数据到 settings.json start10%
2023-9-22 18:12:23-debug: [Build Memory track]: 查询 Asset Bundle start:248.75MB, end 248.76MB, increase: 10.95KB
2023-9-22 18:12:23-debug: // ---- build task 整理部分构建选项内数据到 settings.json ----
2023-9-22 18:12:23-debug: run build task 查询 Asset Bundle success in 1 ms √10%
2023-9-22 18:12:23-debug: // ---- build task 整理部分构建选项内数据到 settings.json ---- (1ms)
2023-9-22 18:12:23-debug: run build task 整理部分构建选项内数据到 settings.json success in 1 ms √12%
2023-9-22 18:12:23-debug: [Build Memory track]: 整理部分构建选项内数据到 settings.json start:248.77MB, end 248.79MB, increase: 16.16KB
2023-9-22 18:12:23-debug: 填充脚本数据到 settings.json start12%
2023-9-22 18:12:23-debug: // ---- build task 填充脚本数据到 settings.json ----
2023-9-22 18:12:23-debug: run build task 填充脚本数据到 settings.json success in 0 ms √13%
2023-9-22 18:12:23-debug: // ---- build task 整理部分构建选项内数据到 settings.json ----
2023-9-22 18:12:23-debug: [Build Memory track]: 填充脚本数据到 settings.json start:248.80MB, end 248.81MB, increase: 11.18KB
2023-9-22 18:12:23-debug: 整理部分构建选项内数据到 settings.json start13%
2023-9-22 18:12:23-debug: // ---- build task 整理部分构建选项内数据到 settings.json ---- (6ms)
2023-9-22 18:12:23-debug: run build task 整理部分构建选项内数据到 settings.json success in 6 ms √15%
2023-9-22 18:12:23-debug: [Build Memory track]: 整理部分构建选项内数据到 settings.json start:248.82MB, end 248.87MB, increase: 57.73KB
2023-9-22 18:14:05-debug: refresh db internal success
2023-9-22 18:14:05-debug: refresh db assets success
2023-9-22 18:14:05-debug: Run asset db hook engine-extends:afterRefresh ...
2023-9-22 18:14:05-debug: Run asset db hook engine-extends:afterRefresh success!
2023-9-22 18:14:05-debug: asset-db:refresh-all-database (64ms)
2023-9-22 18:14:32-debug: refresh db internal success
2023-9-22 18:14:32-debug: refresh db assets success
2023-9-22 18:14:32-debug: Run asset db hook engine-extends:afterRefresh ...
2023-9-22 18:14:32-debug: Run asset db hook engine-extends:afterRefresh success!
2023-9-22 18:14:32-debug: asset-db:refresh-all-database (100ms)
2023-9-22 18:14:32-debug: asset-db:worker-effect-data-processing (1ms)
2023-9-22 18:14:32-debug: asset-db-hook-engine-extends-afterRefresh (1ms)
2023-9-22 18:17:36-debug: refresh db internal success
2023-9-22 18:17:36-debug: %cImport%c: /Users/zhangxinxin/XXWorkSpace/Github项目/Cocos 项目/CocosLearnDemo/打火箭/assets/scriptsbackground: #aaff85; color: #000;color: #000;
2023-9-22 18:17:36-debug: %cImport%c: /Users/zhangxinxin/XXWorkSpace/Github项目/Cocos 项目/CocosLearnDemo/打火箭/assets/scripts/GameRoot.tsbackground: #aaff85; color: #000;color: #000;
2023-9-22 18:17:36-debug: refresh db assets success
2023-9-22 18:17:36-debug: Run asset db hook engine-extends:afterRefresh ...
2023-9-22 18:17:36-debug: Run asset db hook engine-extends:afterRefresh success!
2023-9-22 18:17:36-debug: asset-db:refresh-all-database (87ms)
2023-9-22 18:17:36-debug: asset-db:worker-effect-data-processing (1ms)
2023-9-22 18:17:36-debug: asset-db-hook-engine-extends-afterRefresh (1ms)
2023-9-22 18:17:37-debug: Query all assets info in project
2023-9-22 18:17:37-debug: init custom config: keepNodeUuid: false, useCache: true
2023-9-22 18:17:37-debug:   Number of all scenes: 2
2023-9-22 18:17:37-debug:   Number of all scripts: 2
2023-9-22 18:17:37-debug:   Number of other assets: 340
2023-9-22 18:17:37-debug: reload all scripts.
2023-9-22 18:17:37-debug: Incremental keys: 
2023-9-22 18:17:37-debug: Set detail map pack:///resolution-detail-map.json: {}
2023-9-22 18:17:37-debug: Invalidating 'pack:///chunks/ce/cee638a986ad8fae09398db255647defcaa6612a.js'
2023-9-22 18:17:37-debug: Invalidating 'pack:///chunks/d5/d5608b38b037f8fab3d80ad8b6997514f74129c4.js'
2023-9-22 18:17:37-debug: Invalidating 'pack:///chunks/ff/ff72b71293993d0dffdc69234a408f101a510263.js'
2023-9-22 18:17:37-debug: [[Executor]] Module "pack:///chunks/ce/cee638a986ad8fae09398db255647defcaa6612a.js" loaded.
2023-9-22 18:17:37-debug: Unregister GameRoot
2023-9-22 18:17:37-debug: Invalidating 'pack:///chunks/63/6324fd7f2a6a90bef45040fcb7ce34af0ba6a7d3.js'
2023-9-22 18:17:37-debug: Unregister DebugViewRuntimeControl
2023-9-22 18:17:37-debug: /Users/zhangxinxin/XXWorkSpace/Github项目/Cocos 项目/CocosLearnDemo/打火箭/temp/programming/packer-driver/targets/editor/chunks/63/6324fd7f2a6a90bef45040fcb7ce34af0ba6a7d3.js resolved to /Users/zhangxinxin/XXWorkSpace/Github项目/Cocos 项目/CocosLearnDemo/打火箭/temp/programming/packer-driver/targets/editor/chunks/63/6324fd7f2a6a90bef45040fcb7ce34af0ba6a7d3.js is not in module cache!
2023-9-22 18:17:37-debug: [[Executor]] Module "pack:///chunks/63/6324fd7f2a6a90bef45040fcb7ce34af0ba6a7d3.js" loaded.
2023-9-22 18:17:37-debug: [[Executor]] Register DebugViewRuntimeControl
2023-9-22 18:17:37-debug: [[Executor]] Module "pack:///chunks/d5/d5608b38b037f8fab3d80ad8b6997514f74129c4.js" loaded.
2023-9-22 18:17:37-debug: /Users/zhangxinxin/XXWorkSpace/Github项目/Cocos 项目/CocosLearnDemo/打火箭/temp/programming/packer-driver/targets/editor/chunks/b3/b3707905d6bf9d190bdd423e9765d63f80638a77.js resolved to /Users/zhangxinxin/XXWorkSpace/Github项目/Cocos 项目/CocosLearnDemo/打火箭/temp/programming/packer-driver/targets/editor/chunks/b3/b3707905d6bf9d190bdd423e9765d63f80638a77.js is not in module cache!
2023-9-22 18:17:37-debug: 查询 Asset Bundle start0%
2023-9-22 18:17:37-debug: // ---- build task 查询 Asset Bundle ----
2023-9-22 18:17:37-debug: [[Executor]] Module "pack:///chunks/63/6324fd7f2a6a90bef45040fcb7ce34af0ba6a7d3.js" loaded.
2023-9-22 18:17:37-debug: [[Executor]] Register GameRoot
2023-9-22 18:17:37-debug: [[Executor]] Module "pack:///chunks/b3/b3707905d6bf9d190bdd423e9765d63f80638a77.js" loaded.
2023-9-22 18:17:37-debug: Query preload assets from cc.config.json: 60f7195c-ec2a-45eb-ba94-8955f60e81d0,1c02ae6f-4492-4915-b8f8-7492a3b1e4cd,810e96e4-e456-4468-9b59-f4e8f39732c0,efe8e2a3-eace-427b-b4f1-cb8a937ec77d,e9aa9a3e-5b2b-4ac7-a2c7-073de2b2b24f,8bbdbcdd-5cd4-4100-b6d5-b7c9625b6107,50f4348b-c883-4e2f-8f11-ce233b859fa1,fda095cb-831d-4601-ad94-846013963de8,f92806d7-1768-443f-afe8-12bcde84d0f0,dd3a144d-ab7f-41f0-82b8-2e43a090d496,f0416e68-0200-4b77-a926-4f9d16e494da,970b0598-bcb0-4714-91fb-2e81440dccd8,bcd64cc6-2dd9-43f6-abbe-66318d332032,d930590d-bb92-4cc8-8bd1-23cd027f9edf,a3cd009f-0ab0-420d-9278-b9fdab939bbc,c27215d8-6835-4b68-bfbb-bdeac6100c04,b5d6115f-0370-4d7c-aad3-c194cc71cf98,871c3b6c-7379-419d-bda3-794b239ab90d
2023-9-22 18:17:37-debug: // ---- build task 查询 Asset Bundle ---- (16ms)
2023-9-22 18:17:37-debug: [Build Memory track]: 查询 Asset Bundle start:251.38MB, end 251.30MB, increase: -81.21KB
2023-9-22 18:17:37-debug: 查询 Asset Bundle start5%
2023-9-22 18:17:37-debug: // ---- build task 查询 Asset Bundle ----
2023-9-22 18:17:37-debug: run build task 查询 Asset Bundle success in 16 ms √5%
2023-9-22 18:17:37-debug: run build task 查询 Asset Bundle success in 0 ms √10%
2023-9-22 18:17:37-debug: 整理部分构建选项内数据到 settings.json start10%
2023-9-22 18:17:37-debug: // ---- build task 整理部分构建选项内数据到 settings.json ----
2023-9-22 18:17:37-debug: [Build Memory track]: 查询 Asset Bundle start:251.31MB, end 251.32MB, increase: 9.97KB
2023-9-22 18:17:37-debug: // ---- build task 整理部分构建选项内数据到 settings.json ---- (1ms)
2023-9-22 18:17:37-debug: 填充脚本数据到 settings.json start12%
2023-9-22 18:17:37-debug: [Build Memory track]: 整理部分构建选项内数据到 settings.json start:251.33MB, end 251.34MB, increase: 13.49KB
2023-9-22 18:17:37-debug: // ---- build task 填充脚本数据到 settings.json ----
2023-9-22 18:17:37-debug: run build task 整理部分构建选项内数据到 settings.json success in 1 ms √12%
2023-9-22 18:17:37-debug: // ---- build task 填充脚本数据到 settings.json ---- (1ms)
2023-9-22 18:17:37-debug: // ---- build task 整理部分构建选项内数据到 settings.json ----
2023-9-22 18:17:37-debug: [Build Memory track]: 填充脚本数据到 settings.json start:251.35MB, end 251.37MB, increase: 13.17KB
2023-9-22 18:17:37-debug: 整理部分构建选项内数据到 settings.json start13%
2023-9-22 18:17:37-debug: run build task 填充脚本数据到 settings.json success in 1 ms √13%
2023-9-22 18:17:37-debug: // ---- build task 整理部分构建选项内数据到 settings.json ---- (5ms)
2023-9-22 18:17:37-debug: run build task 整理部分构建选项内数据到 settings.json success in 5 ms √15%
2023-9-22 18:17:37-debug: [Build Memory track]: 整理部分构建选项内数据到 settings.json start:251.37MB, end 251.43MB, increase: 57.50KB
2023-9-22 18:18:50-debug: refresh db internal success
2023-9-22 18:18:50-debug: refresh db assets success
2023-9-22 18:18:50-debug: Run asset db hook engine-extends:afterRefresh success!
2023-9-22 18:18:50-debug: Run asset db hook engine-extends:afterRefresh ...
2023-9-22 18:18:50-debug: asset-db:refresh-all-database (76ms)
2023-9-22 18:18:50-debug: asset-db:worker-effect-data-processing (1ms)
2023-9-22 18:18:50-debug: asset-db-hook-engine-extends-afterRefresh (1ms)
2023-9-22 18:20:12-debug: refresh db internal success
2023-9-22 18:20:12-debug: refresh db assets success
2023-9-22 18:20:12-debug: Run asset db hook engine-extends:afterRefresh ...
2023-9-22 18:20:12-debug: Run asset db hook engine-extends:afterRefresh success!
2023-9-22 18:20:12-debug: asset-db:refresh-all-database (61ms)
2023-9-22 18:20:12-debug: asset-db:worker-effect-data-processing (1ms)
2023-9-22 18:20:12-debug: asset-db-hook-engine-extends-afterRefresh (1ms)
2023-9-22 18:22:11-debug: refresh db internal success
2023-9-22 18:22:11-debug: refresh db assets success
2023-9-22 18:22:11-debug: Run asset db hook engine-extends:afterRefresh ...
2023-9-22 18:22:11-debug: Run asset db hook engine-extends:afterRefresh success!
2023-9-22 18:22:11-debug: asset-db:refresh-all-database (79ms)
2023-9-22 18:22:11-debug: asset-db-hook-engine-extends-afterRefresh (1ms)
2023-9-22 18:22:59-debug: start refresh asset from /Users/zhangxinxin/XXWorkSpace/Github项目/Cocos 项目/CocosLearnDemo/打火箭/assets/scenes/pushBox.scene...
2023-9-22 18:22:59-debug: %cImport%c: /Users/zhangxinxin/XXWorkSpace/Github项目/Cocos 项目/CocosLearnDemo/打火箭/assets/scenes/pushBox.scenebackground: #aaff85; color: #000;color: #000;
2023-9-22 18:22:59-debug: refresh asset /Users/zhangxinxin/XXWorkSpace/Github项目/Cocos 项目/CocosLearnDemo/打火箭/assets/scenes success
2023-9-22 18:23:19-debug: refresh db internal success
2023-9-22 18:23:19-debug: refresh db assets success
2023-9-22 18:23:19-debug: Run asset db hook engine-extends:afterRefresh ...
2023-9-22 18:23:19-debug: Run asset db hook engine-extends:afterRefresh success!
2023-9-22 18:23:19-debug: asset-db:refresh-all-database (49ms)
2023-9-22 18:23:19-debug: asset-db:worker-effect-data-processing (1ms)
2023-9-22 18:23:19-debug: asset-db-hook-engine-extends-afterRefresh (1ms)
2023-9-22 18:23:28-debug: Query all assets info in project
2023-9-22 18:23:28-debug: init custom config: keepNodeUuid: false, useCache: true
2023-9-22 18:23:28-debug:   Number of all scripts: 2
2023-9-22 18:23:28-debug:   Number of all scenes: 2
2023-9-22 18:23:28-debug:   Number of other assets: 340
2023-9-22 18:23:28-debug: reload all scripts.
2023-9-22 18:23:28-debug: Incremental keys: 
2023-9-22 18:23:28-debug: Set detail map pack:///resolution-detail-map.json: {}
2023-9-22 18:23:28-debug: Invalidating 'pack:///chunks/63/6324fd7f2a6a90bef45040fcb7ce34af0ba6a7d3.js'
2023-9-22 18:23:28-debug: Invalidating 'pack:///chunks/d5/d5608b38b037f8fab3d80ad8b6997514f74129c4.js'
2023-9-22 18:23:28-debug: Invalidating 'pack:///chunks/b3/b3707905d6bf9d190bdd423e9765d63f80638a77.js'
2023-9-22 18:23:28-debug: [[Executor]] Module "pack:///chunks/ce/cee638a986ad8fae09398db255647defcaa6612a.js" loaded.
2023-9-22 18:23:28-debug: [[Executor]] Module "pack:///chunks/63/6324fd7f2a6a90bef45040fcb7ce34af0ba6a7d3.js" loaded.
2023-9-22 18:23:28-debug: [[Executor]] Register DebugViewRuntimeControl
2023-9-22 18:23:28-debug: [[Executor]] Module "pack:///chunks/d5/d5608b38b037f8fab3d80ad8b6997514f74129c4.js" loaded.
2023-9-22 18:23:28-debug: [[Executor]] Register GameRoot
2023-9-22 18:23:28-debug: [[Executor]] Module "pack:///chunks/b3/b3707905d6bf9d190bdd423e9765d63f80638a77.js" loaded.
2023-9-22 18:23:28-debug: [[Executor]] Module "pack:///chunks/63/6324fd7f2a6a90bef45040fcb7ce34af0ba6a7d3.js" loaded.
2023-9-22 18:23:28-debug: 查询 Asset Bundle start0%
2023-9-22 18:23:28-debug: // ---- build task 查询 Asset Bundle ----
2023-9-22 18:23:28-debug: Invalidating 'pack:///chunks/ce/cee638a986ad8fae09398db255647defcaa6612a.js'
2023-9-22 18:23:28-debug: Unregister GameRoot
2023-9-22 18:23:28-debug: Unregister DebugViewRuntimeControl
2023-9-22 18:23:28-debug: Query preload assets from cc.config.json: 60f7195c-ec2a-45eb-ba94-8955f60e81d0,1c02ae6f-4492-4915-b8f8-7492a3b1e4cd,810e96e4-e456-4468-9b59-f4e8f39732c0,efe8e2a3-eace-427b-b4f1-cb8a937ec77d,e9aa9a3e-5b2b-4ac7-a2c7-073de2b2b24f,8bbdbcdd-5cd4-4100-b6d5-b7c9625b6107,50f4348b-c883-4e2f-8f11-ce233b859fa1,fda095cb-831d-4601-ad94-846013963de8,f92806d7-1768-443f-afe8-12bcde84d0f0,dd3a144d-ab7f-41f0-82b8-2e43a090d496,f0416e68-0200-4b77-a926-4f9d16e494da,970b0598-bcb0-4714-91fb-2e81440dccd8,bcd64cc6-2dd9-43f6-abbe-66318d332032,d930590d-bb92-4cc8-8bd1-23cd027f9edf,a3cd009f-0ab0-420d-9278-b9fdab939bbc,c27215d8-6835-4b68-bfbb-bdeac6100c04,b5d6115f-0370-4d7c-aad3-c194cc71cf98,871c3b6c-7379-419d-bda3-794b239ab90d
2023-9-22 18:23:28-debug: // ---- build task 查询 Asset Bundle ---- (20ms)
2023-9-22 18:23:28-debug: // ---- build task 查询 Asset Bundle ----
2023-9-22 18:23:28-debug: [Build Memory track]: 查询 Asset Bundle start:255.16MB, end 256.59MB, increase: 1.43MB
2023-9-22 18:23:28-debug: 查询 Asset Bundle start5%
2023-9-22 18:23:28-debug: run build task 查询 Asset Bundle success in 20 ms √5%
2023-9-22 18:23:28-debug: // ---- build task 查询 Asset Bundle ---- (1ms)
2023-9-22 18:23:28-debug: run build task 查询 Asset Bundle success in 1 ms √10%
2023-9-22 18:23:28-debug: [Build Memory track]: 查询 Asset Bundle start:256.60MB, end 256.61MB, increase: 12.00KB
2023-9-22 18:23:28-debug: 整理部分构建选项内数据到 settings.json start10%
2023-9-22 18:23:28-debug: // ---- build task 整理部分构建选项内数据到 settings.json ----
2023-9-22 18:23:28-debug: // ---- build task 整理部分构建选项内数据到 settings.json ---- (1ms)
2023-9-22 18:23:28-debug: run build task 整理部分构建选项内数据到 settings.json success in 1 ms √12%
2023-9-22 18:23:28-debug: [Build Memory track]: 整理部分构建选项内数据到 settings.json start:256.62MB, end 256.63MB, increase: 14.07KB
2023-9-22 18:23:28-debug: 填充脚本数据到 settings.json start12%
2023-9-22 18:23:28-debug: // ---- build task 填充脚本数据到 settings.json ----
2023-9-22 18:23:28-debug: // ---- build task 填充脚本数据到 settings.json ---- (1ms)
2023-9-22 18:23:28-debug: // ---- build task 整理部分构建选项内数据到 settings.json ----
2023-9-22 18:23:28-debug: [Build Memory track]: 填充脚本数据到 settings.json start:256.64MB, end 256.65MB, increase: 13.13KB
2023-9-22 18:23:28-debug: 整理部分构建选项内数据到 settings.json start13%
2023-9-22 18:23:28-debug: run build task 填充脚本数据到 settings.json success in 1 ms √13%
2023-9-22 18:23:28-debug: // ---- build task 整理部分构建选项内数据到 settings.json ---- (5ms)
2023-9-22 18:23:28-debug: run build task 整理部分构建选项内数据到 settings.json success in 5 ms √15%
2023-9-22 18:23:28-debug: [Build Memory track]: 整理部分构建选项内数据到 settings.json start:256.66MB, end 256.72MB, increase: 57.85KB
