2023-9-25 19:59:33-log: Cannot access game frame or container.
2023-9-25 19:59:34-debug: asset-db:require-engine-code (2273ms)
2023-9-25 19:59:35-log: Cocos Creator v3.8.0
2023-9-25 19:59:35-debug: [Assets Memory track]: asset-db:worker-init: initEngine start:17.93MB, end 121.74MB, increase: 103.81MB
2023-9-25 19:59:35-debug: [Assets Memory track]: asset-db-plugin-register: engine-extends start:93.21MB, end 96.45MB, increase: 3.23MB
2023-9-25 19:59:35-debug: [Assets Memory track]: asset-db-plugin-enable: project start:93.37MB, end 96.45MB, increase: 3.08MB
2023-9-25 19:59:35-debug: asset-db:worker-init: initPlugin (498ms)
2023-9-25 19:59:35-debug: [Assets Memory track]: asset-db:worker-init start:17.93MB, end 91.00MB, increase: 73.08MB
2023-9-25 19:59:35-debug: Run asset db hook programming:beforePreStart ...
2023-9-25 19:59:35-debug: Run asset db hook programming:beforePreStart success!
2023-9-25 19:59:35-debug: Run asset db hook engine-extends:beforePreStart ...
2023-9-25 19:59:35-debug: Run asset db hook engine-extends:beforePreStart success!
2023-9-25 19:59:36-debug: asset-db:worker-init (4373ms)
2023-9-25 19:59:36-debug: asset-db-hook-programming-beforePreStart (1063ms)
2023-9-25 19:59:36-debug: asset-db-hook-engine-extends-beforePreStart (1062ms)
2023-9-25 19:59:36-debug: Preimport db internal success
2023-9-25 19:59:36-debug: Preimport db assets success
2023-9-25 19:59:36-debug: Run asset db hook programming:afterPreStart ...
2023-9-25 19:59:40-debug: run package(builder) handler(enable) start
2023-9-25 19:59:57-debug: [Assets Memory track]: asset-db-plugin-enable: builder start:109.10MB, end 280.62MB, increase: 171.52MB
2023-9-25 19:59:57-debug: run package(builder) handler(enable) success!
2023-9-25 19:59:57-debug: run package(shortcuts) handler(enable) start
2023-9-25 19:59:57-debug: run package(shortcuts) handler(enable) success!
2023-9-25 19:59:57-debug: run package(about) handler(enable) success!
2023-9-25 19:59:57-debug: run package(assets) handler(enable) start
2023-9-25 19:59:57-debug: run package(assets) handler(enable) success!
2023-9-25 19:59:57-debug: run package(console) handler(enable) start
2023-9-25 19:59:57-debug: run package(console) handler(enable) success!
2023-9-25 19:59:57-debug: run package(crash-reporter) handler(enable) start
2023-9-25 19:59:57-debug: run package(crash-reporter) handler(enable) success!
2023-9-25 19:59:57-debug: run package(extension) handler(enable) start
2023-9-25 19:59:57-debug: run package(extension) handler(enable) success!
2023-9-25 19:59:57-debug: run package(hierarchy) handler(enable) start
2023-9-25 19:59:57-debug: run package(hierarchy) handler(enable) success!
2023-9-25 19:59:57-debug: run package(inspector) handler(enable) start
2023-9-25 19:59:57-debug: run package(inspector) handler(enable) success!
2023-9-25 19:59:57-debug: run package(light-probe) handler(enable) start
2023-9-25 19:59:57-debug: run package(light-probe) handler(enable) success!
2023-9-25 19:59:57-debug: run package(lightmap) handler(enable) start
2023-9-25 19:59:57-debug: run package(lightmap) handler(enable) success!
2023-9-25 19:59:57-debug: run package(node-library) handler(enable) start
2023-9-25 19:59:57-debug: run package(node-library) handler(enable) success!
2023-9-25 19:59:57-debug: run package(package-asset) handler(enable) start
2023-9-25 19:59:57-debug: run package(package-asset) handler(enable) success!
2023-9-25 19:59:57-debug: run package(process) handler(enable) start
2023-9-25 19:59:57-debug: run package(process) handler(enable) success!
2023-9-25 19:59:57-debug: run package(reference-image) handler(enable) start
2023-9-25 19:59:57-debug: run package(reference-image) handler(enable) success!
2023-9-25 19:59:57-debug: run package(reflection-probe) handler(enable) start
2023-9-25 19:59:57-debug: run package(reflection-probe) handler(enable) success!
2023-9-25 19:59:57-debug: run package(engine-extends) handler(enable) start
2023-9-25 19:59:57-debug: run package(engine-extends) handler(enable) success!
2023-9-25 19:59:57-debug: run package(adsense-h5g-plugin) handler(enable) start
2023-9-25 19:59:57-debug: run package(adsense-h5g-plugin) handler(enable) success!
2023-9-25 19:59:57-debug: run package(alipay-mini-game) handler(enable) start
2023-9-25 19:59:57-debug: run package(alipay-mini-game) handler(enable) success!
2023-9-25 19:59:57-debug: run package(android) handler(enable) start
2023-9-25 19:59:57-debug: run package(android) handler(enable) success!
2023-9-25 19:59:57-debug: run package(bytedance-mini-game) handler(enable) start
2023-9-25 19:59:57-debug: run package(bytedance-mini-game) handler(enable) success!
2023-9-25 19:59:57-debug: run package(certificate) handler(enable) start
2023-9-25 19:59:57-debug: run package(certificate) handler(enable) success!
2023-9-25 19:59:57-debug: run package(channel-upload-tools) handler(enable) start
2023-9-25 19:59:57-debug: run package(channel-upload-tools) handler(enable) success!
2023-9-25 19:59:57-debug: run package(fb-instant-games) handler(enable) start
2023-9-25 19:59:57-debug: run package(fb-instant-games) handler(enable) success!
2023-9-25 19:59:57-debug: run package(huawei-agc) handler(enable) start
2023-9-25 19:59:57-debug: run package(huawei-agc) handler(enable) success!
2023-9-25 19:59:57-debug: run package(huawei-quick-game) handler(enable) start
2023-9-25 19:59:57-debug: run package(huawei-quick-game) handler(enable) success!
2023-9-25 19:59:57-debug: run package(ios) handler(enable) start
2023-9-25 19:59:57-debug: run package(ios) handler(enable) success!
2023-9-25 19:59:57-debug: run package(linux) handler(enable) start
2023-9-25 19:59:57-debug: run package(linux) handler(enable) success!
2023-9-25 19:59:57-debug: run package(mac) handler(enable) start
2023-9-25 19:59:57-debug: run package(mac) handler(enable) success!
2023-9-25 19:59:57-debug: run package(animation-graph) handler(enable) success!
2023-9-25 19:59:57-debug: run package(native) handler(enable) success!
2023-9-25 19:59:57-debug: run package(ohos) handler(enable) start
2023-9-25 19:59:57-debug: run package(ohos) handler(enable) success!
2023-9-25 19:59:57-debug: run package(about) handler(enable) start
2023-9-25 19:59:57-debug: run package(openharmony) handler(enable) success!
2023-9-25 19:59:57-debug: run package(oppo-mini-game) handler(enable) start
2023-9-25 19:59:57-debug: run package(native) handler(enable) start
2023-9-25 19:59:57-debug: run package(runtime-dev-tools) handler(enable) start
2023-9-25 19:59:57-debug: run package(runtime-dev-tools) handler(enable) success!
2023-9-25 19:59:57-debug: run package(taobao-creative-app) handler(enable) start
2023-9-25 19:59:57-debug: run package(openharmony) handler(enable) start
2023-9-25 19:59:57-debug: run package(taobao-mini-game) handler(enable) start
2023-9-25 19:59:57-debug: run package(taobao-mini-game) handler(enable) success!
2023-9-25 19:59:57-debug: run package(vivo-mini-game) handler(enable) start
2023-9-25 19:59:57-debug: run package(vivo-mini-game) handler(enable) success!
2023-9-25 19:59:57-debug: run package(web-desktop) handler(enable) start
2023-9-25 19:59:57-debug: run package(web-desktop) handler(enable) success!
2023-9-25 19:59:57-debug: run package(web-mobile) handler(enable) start
2023-9-25 19:59:57-debug: run package(web-mobile) handler(enable) success!
2023-9-25 19:59:57-debug: run package(wechatgame) handler(enable) start
2023-9-25 19:59:57-debug: run package(wechatgame) handler(enable) success!
2023-9-25 19:59:57-debug: run package(wechatprogram) handler(enable) start
2023-9-25 19:59:57-debug: run package(wechatprogram) handler(enable) success!
2023-9-25 19:59:57-debug: run package(windows) handler(enable) start
2023-9-25 19:59:57-debug: run package(windows) handler(enable) success!
2023-9-25 19:59:57-debug: run package(xiaomi-quick-game) handler(enable) start
2023-9-25 19:59:57-debug: run package(xiaomi-quick-game) handler(enable) success!
2023-9-25 19:59:57-debug: run package(cocos-service) handler(enable) start
2023-9-25 19:59:57-debug: run package(cocos-service) handler(enable) success!
2023-9-25 19:59:57-debug: run package(im-plugin) handler(enable) start
2023-9-25 19:59:57-debug: run package(im-plugin) handler(enable) success!
2023-9-25 19:59:57-debug: run package(prefab380fix) handler(enable) start
2023-9-25 19:59:57-debug: run package(prefab380fix) handler(enable) success!
2023-9-25 19:59:57-debug: run package(placeholder) handler(enable) start
2023-9-25 19:59:57-debug: run package(placeholder) handler(enable) success!
2023-9-25 19:59:57-debug: run package(animation-graph) handler(enable) start
2023-9-25 19:59:57-debug: run package(taobao-creative-app) handler(enable) success!
2023-9-25 19:59:57-debug: run package(oppo-mini-game) handler(enable) success!
2023-9-25 19:59:58-debug: Set detail map pack:///resolution-detail-map.json: {}
2023-9-25 19:59:58-debug: Run asset db hook programming:afterPreStart success!
2023-9-25 19:59:58-debug: Start up the 'internal' database...
2023-9-25 19:59:58-debug: Run asset db hook engine-extends:afterPreStart success!
2023-9-25 19:59:58-debug: [Assets Memory track]: asset-db:worker-init: preStart start:91.01MB, end 282.45MB, increase: 191.45MB
2023-9-25 19:59:58-debug: Run asset db hook engine-extends:afterPreStart ...
2023-9-25 19:59:58-debug: asset-db-hook-programming-afterPreStart (21283ms)
2023-9-25 19:59:58-debug: asset-db:worker-effect-data-processing (56ms)
2023-9-25 19:59:58-debug: asset-db-hook-engine-extends-afterPreStart (56ms)
2023-9-25 19:59:58-debug: start asset-db with asset: 459
2023-9-25 19:59:58-debug: [Assets Memory track]: asset-db:worker-startup-database[internal] start:109.03MB, end 285.64MB, increase: 176.61MB
2023-9-25 19:59:58-debug: Start up the 'assets' database...
2023-9-25 19:59:58-debug: asset-db:worker-startup-database[internal] (21519ms)
2023-9-25 19:59:58-debug: start asset-db with asset: 16
2023-9-25 19:59:58-debug: [Assets Memory track]: asset-db:worker-startup-database[assets] start:108.85MB, end 285.88MB, increase: 177.03MB
2023-9-25 19:59:58-debug: [Assets Memory track]: asset-db:worker-init: startup start:282.45MB, end 285.88MB, increase: 3.43MB
2023-9-25 19:59:58-debug: asset-db:worker-startup-database[assets] (21356ms)
2023-9-25 19:59:58-debug: asset-db:start-database (22450ms)
2023-9-25 19:59:58-debug: asset-db:ready (31444ms)
2023-9-25 19:59:58-debug: init worker message success
2023-9-25 19:59:59-debug: [Build Memory track]: builder:worker-init start:281.36MB, end 295.73MB, increase: 14.38MB
2023-9-25 19:59:59-debug: programming:execute-script (9ms)
2023-9-25 19:59:59-debug: builder:worker-init (905ms)
2023-9-25 19:59:59-debug: refresh db internal success
2023-9-25 19:59:59-debug: refresh db assets success
2023-9-25 19:59:59-debug: Run asset db hook engine-extends:afterRefresh ...
2023-9-25 19:59:59-debug: Run asset db hook engine-extends:afterRefresh success!
2023-9-25 19:59:59-debug: asset-db:refresh-all-database (68ms)
2023-9-25 19:59:59-debug: asset-db-hook-engine-extends-afterRefresh (1ms)
2023-9-25 20:00:01-debug: programming:execute-script (6ms)
2023-9-25 20:00:40-debug: refresh db internal success
2023-9-25 20:00:40-debug: refresh db assets success
2023-9-25 20:00:40-debug: Run asset db hook engine-extends:afterRefresh ...
2023-9-25 20:00:40-debug: Run asset db hook engine-extends:afterRefresh success!
2023-9-25 20:00:40-debug: asset-db:refresh-all-database (77ms)
2023-9-25 20:00:40-debug: asset-db:worker-effect-data-processing (1ms)
2023-9-25 20:00:40-debug: asset-db-hook-engine-extends-afterRefresh (1ms)
2023-9-25 20:01:13-debug: refresh db internal success
2023-9-25 20:01:13-debug: refresh db assets success
2023-9-25 20:01:13-debug: Run asset db hook engine-extends:afterRefresh success!
2023-9-25 20:01:13-debug: Run asset db hook engine-extends:afterRefresh ...
2023-9-25 20:01:13-debug: asset-db:refresh-all-database (74ms)
2023-9-25 20:01:13-debug: asset-db:worker-effect-data-processing (1ms)
2023-9-25 20:01:13-debug: asset-db-hook-engine-extends-afterRefresh (1ms)
2023-9-25 20:01:16-debug: refresh db internal success
2023-9-25 20:01:16-debug: refresh db assets success
2023-9-25 20:01:16-debug: Run asset db hook engine-extends:afterRefresh ...
2023-9-25 20:01:16-debug: Run asset db hook engine-extends:afterRefresh success!
2023-9-25 20:01:16-debug: asset-db:refresh-all-database (63ms)
2023-9-25 20:01:16-debug: asset-db:worker-effect-data-processing (1ms)
2023-9-25 20:01:16-debug: asset-db-hook-engine-extends-afterRefresh (2ms)
2023-9-25 20:04:00-debug: refresh db internal success
2023-9-25 20:04:00-debug: refresh db assets success
2023-9-25 20:04:00-debug: Run asset db hook engine-extends:afterRefresh ...
2023-9-25 20:04:00-debug: Run asset db hook engine-extends:afterRefresh success!
2023-9-25 20:04:00-debug: asset-db:refresh-all-database (77ms)
2023-9-25 20:04:00-debug: asset-db:worker-effect-data-processing (1ms)
2023-9-25 20:04:00-debug: asset-db-hook-engine-extends-afterRefresh (1ms)
2023-9-25 20:04:04-debug: refresh db internal success
2023-9-25 20:04:04-debug: refresh db assets success
2023-9-25 20:04:04-debug: Run asset db hook engine-extends:afterRefresh ...
2023-9-25 20:04:04-debug: Run asset db hook engine-extends:afterRefresh success!
2023-9-25 20:04:04-debug: asset-db:refresh-all-database (57ms)
2023-9-25 20:04:04-debug: asset-db:worker-effect-data-processing (1ms)
2023-9-25 20:04:04-debug: asset-db-hook-engine-extends-afterRefresh (1ms)
2023-9-25 20:05:57-debug: refresh db internal success
2023-9-25 20:05:57-debug: refresh db assets success
2023-9-25 20:05:57-debug: Run asset db hook engine-extends:afterRefresh ...
2023-9-25 20:05:57-debug: Run asset db hook engine-extends:afterRefresh success!
2023-9-25 20:05:57-debug: asset-db:refresh-all-database (88ms)
2023-9-25 20:05:57-debug: asset-db:worker-effect-data-processing (1ms)
2023-9-25 20:05:57-debug: asset-db-hook-engine-extends-afterRefresh (1ms)
2023-9-25 20:06:57-debug: refresh db internal success
2023-9-25 20:06:57-debug: refresh db assets success
2023-9-25 20:06:57-debug: Run asset db hook engine-extends:afterRefresh ...
2023-9-25 20:06:57-debug: Run asset db hook engine-extends:afterRefresh success!
2023-9-25 20:06:57-debug: asset-db:refresh-all-database (56ms)
2023-9-25 20:06:57-debug: asset-db:worker-effect-data-processing (1ms)
2023-9-25 20:06:57-debug: asset-db-hook-engine-extends-afterRefresh (1ms)
2023-9-25 20:07:00-debug: refresh db internal success
2023-9-25 20:07:00-debug: refresh db assets success
2023-9-25 20:07:00-debug: Run asset db hook engine-extends:afterRefresh ...
2023-9-25 20:07:00-debug: Run asset db hook engine-extends:afterRefresh success!
2023-9-25 20:07:00-debug: asset-db:refresh-all-database (60ms)
2023-9-25 20:07:00-debug: asset-db:worker-effect-data-processing (1ms)
2023-9-25 20:07:00-debug: asset-db-hook-engine-extends-afterRefresh (1ms)
2023-9-25 20:08:08-debug: refresh db internal success
2023-9-25 20:08:08-debug: %cImport%c: /Users/zhangxinxin/XXWorkSpace/Github项目/Cocos 项目/CocosLearnDemo/打火箭/assets/scriptsbackground: #aaff85; color: #000;color: #000;
2023-9-25 20:08:08-debug: %cImport%c: /Users/zhangxinxin/XXWorkSpace/Github项目/Cocos 项目/CocosLearnDemo/打火箭/assets/scripts/GameRoot.tsbackground: #aaff85; color: #000;color: #000;
2023-9-25 20:08:08-debug: refresh db assets success
2023-9-25 20:08:08-debug: Run asset db hook engine-extends:afterRefresh ...
2023-9-25 20:08:08-debug: Run asset db hook engine-extends:afterRefresh success!
2023-9-25 20:08:08-debug: asset-db:refresh-all-database (155ms)
2023-9-25 20:08:08-debug: asset-db:worker-effect-data-processing (2ms)
2023-9-25 20:08:08-debug: asset-db-hook-engine-extends-afterRefresh (2ms)
2023-9-25 20:54:31-debug: refresh db internal success
2023-9-25 20:54:31-debug: %cImport%c: /Users/zhangxinxin/XXWorkSpace/Github项目/Cocos 项目/CocosLearnDemo/打火箭/assets/scriptsbackground: #aaff85; color: #000;color: #000;
2023-9-25 20:54:31-debug: %cImport%c: /Users/zhangxinxin/XXWorkSpace/Github项目/Cocos 项目/CocosLearnDemo/打火箭/assets/scripts/GameRoot.tsbackground: #aaff85; color: #000;color: #000;
2023-9-25 20:54:31-debug: refresh db assets success
2023-9-25 20:54:31-debug: Run asset db hook engine-extends:afterRefresh ...
2023-9-25 20:54:31-debug: Run asset db hook engine-extends:afterRefresh success!
2023-9-25 20:54:31-debug: asset-db:refresh-all-database (196ms)
2023-9-25 20:54:31-debug: asset-db:worker-effect-data-processing (12ms)
2023-9-25 20:54:31-debug: asset-db-hook-engine-extends-afterRefresh (12ms)
2023-9-25 20:54:45-debug: programming:execute-script (8ms)
2023-9-25 20:58:32-debug: start refresh asset from /Users/zhangxinxin/XXWorkSpace/Github项目/Cocos 项目/CocosLearnDemo/打火箭/assets/scenes/scene.scene...
2023-9-25 20:58:32-debug: %cImport%c: /Users/zhangxinxin/XXWorkSpace/Github项目/Cocos 项目/CocosLearnDemo/打火箭/assets/scenes/scene.scenebackground: #aaff85; color: #000;color: #000;
2023-9-25 20:58:32-debug: refresh asset /Users/zhangxinxin/XXWorkSpace/Github项目/Cocos 项目/CocosLearnDemo/打火箭/assets/scenes success
2023-9-25 20:59:20-debug: refresh db internal success
2023-9-25 20:59:20-debug: refresh db assets success
2023-9-25 20:59:20-debug: Run asset db hook engine-extends:afterRefresh ...
2023-9-25 20:59:20-debug: Run asset db hook engine-extends:afterRefresh success!
2023-9-25 20:59:20-debug: asset-db:refresh-all-database (106ms)
2023-9-25 20:59:20-debug: asset-db:worker-effect-data-processing (1ms)
2023-9-25 20:59:20-debug: asset-db-hook-engine-extends-afterRefresh (1ms)
2023-10-9 09:52:20-debug: refresh db internal success
2023-10-9 09:52:20-debug: refresh db assets success
2023-10-9 09:52:20-debug: Run asset db hook engine-extends:afterRefresh ...
2023-10-9 09:52:20-debug: Run asset db hook engine-extends:afterRefresh success!
2023-10-9 09:52:20-debug: asset-db:refresh-all-database (3552ms)
2023-10-9 09:52:20-debug: asset-db:worker-effect-data-processing (9ms)
2023-10-9 09:52:20-debug: asset-db-hook-engine-extends-afterRefresh (10ms)
