2024-3-26 18:02:38-log: Cannot access game frame or container.
2024-3-26 18:02:39-debug: asset-db:require-engine-code (2724ms)
2024-3-26 18:02:40-log: Cocos Creator v3.8.0
2024-3-26 18:02:40-debug: [Assets Memory track]: asset-db-plugin-register: programming start:88.14MB, end 93.25MB, increase: 5.11MB
2024-3-26 18:02:40-debug: [Assets Memory track]: asset-db:worker-init: initPlugin start:87.37MB, end 96.45MB, increase: 9.09MB
2024-3-26 18:02:40-debug: [Assets Memory track]: asset-db-plugin-register: engine-extends start:93.30MB, end 96.45MB, increase: 3.15MB
2024-3-26 18:02:40-debug: [Assets Memory track]: asset-db:worker-init: initEngine start:17.99MB, end 87.36MB, increase: 69.37MB
2024-3-26 18:02:40-debug: [Assets Memory track]: asset-db-plugin-enable: project start:93.46MB, end 96.45MB, increase: 2.99MB
2024-3-26 18:02:40-debug: asset-db:worker-init: initPlugin (577ms)
2024-3-26 18:02:40-debug: [Assets Memory track]: asset-db:worker-init start:17.99MB, end 90.28MB, increase: 72.29MB
2024-3-26 18:02:40-debug: Run asset db hook engine-extends:beforePreStart ...
2024-3-26 18:02:40-debug: Run asset db hook engine-extends:beforePreStart success!
2024-3-26 18:02:40-debug: Run asset db hook programming:beforePreStart ...
2024-3-26 18:02:40-debug: Run asset db hook programming:beforePreStart success!
2024-3-26 18:02:42-debug: asset-db-hook-programming-beforePreStart (1216ms)
2024-3-26 18:02:42-debug: asset-db:worker-init (5190ms)
2024-3-26 18:02:42-debug: asset-db-hook-engine-extends-beforePreStart (1217ms)
2024-3-26 18:02:42-debug: Preimport db internal success
2024-3-26 18:02:42-debug: Preimport db assets success
2024-3-26 18:02:42-debug: Run asset db hook programming:afterPreStart ...
2024-3-26 18:02:46-debug: run package(builder) handler(enable) start
2024-3-26 18:03:06-debug: [Assets Memory track]: asset-db-plugin-enable: builder start:108.83MB, end 281.25MB, increase: 172.42MB
2024-3-26 18:03:06-debug: run package(builder) handler(enable) success!
2024-3-26 18:03:06-debug: run package(shortcuts) handler(enable) start
2024-3-26 18:03:06-debug: run package(about) handler(enable) start
2024-3-26 18:03:06-debug: run package(about) handler(enable) success!
2024-3-26 18:03:06-debug: run package(assets) handler(enable) start
2024-3-26 18:03:06-debug: run package(assets) handler(enable) success!
2024-3-26 18:03:06-debug: run package(console) handler(enable) start
2024-3-26 18:03:06-debug: run package(console) handler(enable) success!
2024-3-26 18:03:06-debug: run package(crash-reporter) handler(enable) start
2024-3-26 18:03:06-debug: run package(shortcuts) handler(enable) success!
2024-3-26 18:03:06-debug: run package(extension) handler(enable) start
2024-3-26 18:03:06-debug: run package(extension) handler(enable) success!
2024-3-26 18:03:06-debug: run package(hierarchy) handler(enable) start
2024-3-26 18:03:06-debug: run package(hierarchy) handler(enable) success!
2024-3-26 18:03:06-debug: run package(inspector) handler(enable) start
2024-3-26 18:03:06-debug: run package(inspector) handler(enable) success!
2024-3-26 18:03:06-debug: run package(light-probe) handler(enable) start
2024-3-26 18:03:06-debug: run package(light-probe) handler(enable) success!
2024-3-26 18:03:06-debug: run package(lightmap) handler(enable) start
2024-3-26 18:03:06-debug: run package(lightmap) handler(enable) success!
2024-3-26 18:03:06-debug: run package(node-library) handler(enable) start
2024-3-26 18:03:06-debug: run package(node-library) handler(enable) success!
2024-3-26 18:03:06-debug: run package(package-asset) handler(enable) start
2024-3-26 18:03:06-debug: run package(package-asset) handler(enable) success!
2024-3-26 18:03:06-debug: run package(process) handler(enable) start
2024-3-26 18:03:06-debug: run package(process) handler(enable) success!
2024-3-26 18:03:06-debug: run package(reference-image) handler(enable) start
2024-3-26 18:03:06-debug: run package(reference-image) handler(enable) success!
2024-3-26 18:03:06-debug: run package(reflection-probe) handler(enable) start
2024-3-26 18:03:06-debug: run package(reflection-probe) handler(enable) success!
2024-3-26 18:03:06-debug: run package(engine-extends) handler(enable) start
2024-3-26 18:03:06-debug: run package(engine-extends) handler(enable) success!
2024-3-26 18:03:06-debug: run package(adsense-h5g-plugin) handler(enable) start
2024-3-26 18:03:06-debug: run package(adsense-h5g-plugin) handler(enable) success!
2024-3-26 18:03:06-debug: run package(alipay-mini-game) handler(enable) start
2024-3-26 18:03:06-debug: run package(alipay-mini-game) handler(enable) success!
2024-3-26 18:03:06-debug: run package(android) handler(enable) start
2024-3-26 18:03:06-debug: run package(android) handler(enable) success!
2024-3-26 18:03:06-debug: run package(bytedance-mini-game) handler(enable) start
2024-3-26 18:03:06-debug: run package(bytedance-mini-game) handler(enable) success!
2024-3-26 18:03:06-debug: run package(certificate) handler(enable) start
2024-3-26 18:03:06-debug: run package(certificate) handler(enable) success!
2024-3-26 18:03:06-debug: run package(channel-upload-tools) handler(enable) start
2024-3-26 18:03:06-debug: run package(channel-upload-tools) handler(enable) success!
2024-3-26 18:03:06-debug: run package(fb-instant-games) handler(enable) start
2024-3-26 18:03:06-debug: run package(fb-instant-games) handler(enable) success!
2024-3-26 18:03:06-debug: run package(huawei-agc) handler(enable) start
2024-3-26 18:03:06-debug: run package(huawei-agc) handler(enable) success!
2024-3-26 18:03:06-debug: run package(huawei-quick-game) handler(enable) start
2024-3-26 18:03:06-debug: run package(huawei-quick-game) handler(enable) success!
2024-3-26 18:03:06-debug: run package(ios) handler(enable) start
2024-3-26 18:03:06-debug: run package(ios) handler(enable) success!
2024-3-26 18:03:06-debug: run package(linux) handler(enable) start
2024-3-26 18:03:06-debug: run package(linux) handler(enable) success!
2024-3-26 18:03:06-debug: run package(mac) handler(enable) start
2024-3-26 18:03:06-debug: run package(mac) handler(enable) success!
2024-3-26 18:03:06-debug: run package(native) handler(enable) start
2024-3-26 18:03:06-debug: run package(native) handler(enable) success!
2024-3-26 18:03:06-debug: run package(ohos) handler(enable) start
2024-3-26 18:03:06-debug: run package(ohos) handler(enable) success!
2024-3-26 18:03:06-debug: run package(crash-reporter) handler(enable) success!
2024-3-26 18:03:06-debug: run package(animation-graph) handler(enable) start
2024-3-26 18:03:06-debug: run package(oppo-mini-game) handler(enable) start
2024-3-26 18:03:06-debug: run package(openharmony) handler(enable) start
2024-3-26 18:03:06-debug: run package(runtime-dev-tools) handler(enable) start
2024-3-26 18:03:06-debug: run package(runtime-dev-tools) handler(enable) success!
2024-3-26 18:03:06-debug: run package(taobao-creative-app) handler(enable) start
2024-3-26 18:03:06-debug: run package(taobao-creative-app) handler(enable) success!
2024-3-26 18:03:06-debug: run package(taobao-mini-game) handler(enable) start
2024-3-26 18:03:06-debug: run package(taobao-mini-game) handler(enable) success!
2024-3-26 18:03:06-debug: run package(vivo-mini-game) handler(enable) start
2024-3-26 18:03:06-debug: run package(vivo-mini-game) handler(enable) success!
2024-3-26 18:03:06-debug: run package(animation-graph) handler(enable) success!
2024-3-26 18:03:06-debug: run package(openharmony) handler(enable) success!
2024-3-26 18:03:06-debug: run package(web-mobile) handler(enable) start
2024-3-26 18:03:06-debug: run package(web-mobile) handler(enable) success!
2024-3-26 18:03:06-debug: run package(wechatgame) handler(enable) start
2024-3-26 18:03:06-debug: run package(wechatgame) handler(enable) success!
2024-3-26 18:03:06-debug: run package(wechatprogram) handler(enable) start
2024-3-26 18:03:06-debug: run package(wechatprogram) handler(enable) success!
2024-3-26 18:03:06-debug: run package(windows) handler(enable) start
2024-3-26 18:03:06-debug: run package(windows) handler(enable) success!
2024-3-26 18:03:06-debug: run package(xiaomi-quick-game) handler(enable) start
2024-3-26 18:03:06-debug: run package(xiaomi-quick-game) handler(enable) success!
2024-3-26 18:03:06-debug: run package(cocos-service) handler(enable) start
2024-3-26 18:03:06-debug: run package(web-desktop) handler(enable) success!
2024-3-26 18:03:06-debug: run package(im-plugin) handler(enable) start
2024-3-26 18:03:06-debug: run package(im-plugin) handler(enable) success!
2024-3-26 18:03:06-debug: run package(prefab380fix) handler(enable) start
2024-3-26 18:03:06-debug: run package(prefab380fix) handler(enable) success!
2024-3-26 18:03:06-debug: run package(placeholder) handler(enable) start
2024-3-26 18:03:06-debug: run package(placeholder) handler(enable) success!
2024-3-26 18:03:06-debug: run package(im-plugin) handler(register) start
2024-3-26 18:03:06-debug: run package(im-plugin) handler(register) success!
2024-3-26 18:03:06-debug: run package(im-plugin) handler(disable) start
2024-3-26 18:03:06-debug: run package(im-plugin) handler(disable) success!
2024-3-26 18:03:06-debug: run package(im-plugin) handler(enable) start
2024-3-26 18:03:06-debug: run package(cocos-service) handler(enable) success!
2024-3-26 18:03:06-debug: run package(web-desktop) handler(enable) start
2024-3-26 18:03:06-debug: run package(im-plugin) handler(enable) success!
2024-3-26 18:03:06-debug: run package(oppo-mini-game) handler(enable) success!
2024-3-26 18:03:06-debug: Set detail map pack:///resolution-detail-map.json: {}
2024-3-26 18:03:06-debug: [Assets Memory track]: asset-db:worker-init: preStart start:90.29MB, end 283.15MB, increase: 192.86MB
2024-3-26 18:03:06-debug: Start up the 'internal' database...
2024-3-26 18:03:06-debug: Run asset db hook engine-extends:afterPreStart success!
2024-3-26 18:03:06-debug: Run asset db hook programming:afterPreStart success!
2024-3-26 18:03:06-debug: Run asset db hook engine-extends:afterPreStart ...
2024-3-26 18:03:06-debug: asset-db-hook-programming-afterPreStart (24588ms)
2024-3-26 18:03:06-debug: asset-db:worker-effect-data-processing (87ms)
2024-3-26 18:03:06-debug: asset-db-hook-engine-extends-afterPreStart (87ms)
2024-3-26 18:03:06-debug: start asset-db with asset: 459
2024-3-26 18:03:06-debug: [Assets Memory track]: asset-db:worker-startup-database[internal] start:108.67MB, end 286.41MB, increase: 177.74MB
2024-3-26 18:03:06-debug: Start up the 'assets' database...
2024-3-26 18:03:06-debug: asset-db:worker-startup-database[internal] (24951ms)
2024-3-26 18:03:06-debug: start asset-db with asset: 16
2024-3-26 18:03:06-debug: [Assets Memory track]: asset-db:worker-startup-database[assets] start:108.59MB, end 281.56MB, increase: 172.97MB
2024-3-26 18:03:06-debug: asset-db:worker-startup-database[assets] (24685ms)
2024-3-26 18:03:06-debug: asset-db:start-database (25964ms)
2024-3-26 18:03:06-debug: asset-db:ready (36005ms)
2024-3-26 18:03:06-debug: init worker message success
2024-3-26 18:03:07-debug: [Build Memory track]: builder:worker-init start:283.38MB, end 297.16MB, increase: 13.78MB
2024-3-26 18:03:07-debug: programming:execute-script (12ms)
2024-3-26 18:03:07-debug: builder:worker-init (955ms)
2024-3-26 18:03:10-debug: programming:execute-script (8ms)
2024-3-27 18:26:49-debug: refresh db internal success
2024-3-27 18:26:49-debug: refresh db assets success
2024-3-27 18:26:49-debug: Run asset db hook engine-extends:afterRefresh ...
2024-3-27 18:26:49-debug: Run asset db hook engine-extends:afterRefresh success!
2024-3-27 18:26:49-debug: asset-db:refresh-all-database (884ms)
2024-3-27 18:26:49-debug: asset-db:worker-effect-data-processing (6ms)
2024-3-27 18:26:49-debug: asset-db-hook-engine-extends-afterRefresh (7ms)
2024-3-27 18:43:06-debug: refresh db internal success
2024-3-27 18:43:06-debug: refresh db assets success
2024-3-27 18:43:06-debug: Run asset db hook engine-extends:afterRefresh ...
2024-3-27 18:43:06-debug: Run asset db hook engine-extends:afterRefresh success!
2024-3-27 18:43:06-debug: asset-db:refresh-all-database (270ms)
2024-3-27 18:43:06-debug: asset-db:worker-effect-data-processing (2ms)
2024-3-27 18:43:06-debug: asset-db-hook-engine-extends-afterRefresh (2ms)
2024-3-27 18:43:12-debug: Query all assets info in project
2024-3-27 18:43:12-debug: init custom config: keepNodeUuid: false, useCache: true
2024-3-27 18:43:12-debug:   Number of other assets: 340
2024-3-27 18:43:12-debug:   Number of all scripts: 2
2024-3-27 18:43:12-debug:   Number of all scenes: 2
2024-3-27 18:43:12-debug: reload all scripts.
2024-3-27 18:43:12-debug: Incremental keys: 
2024-3-27 18:43:12-debug: Set detail map pack:///resolution-detail-map.json: {}
2024-3-27 18:43:12-debug: /Users/zhangxinxin/XXWorkSpace/Github项目/Cocos 项目/CocosLearnDemo/打火箭/temp/programming/packer-driver/targets/editor/chunks/ce/cee638a986ad8fae09398db255647defcaa6612a.js resolved to /Users/zhangxinxin/XXWorkSpace/Github项目/Cocos 项目/CocosLearnDemo/打火箭/temp/programming/packer-driver/targets/editor/chunks/ce/cee638a986ad8fae09398db255647defcaa6612a.js is not in module cache!
2024-3-27 18:43:12-debug: [[Executor]] Module "cce:/internal/x/cc-fu/base" loaded.
2024-3-27 18:43:12-debug: [[Executor]] Module "cce:/internal/x/cc-fu/3d" loaded.
2024-3-27 18:43:12-debug: [[Executor]] Module "cce:/internal/x/cc-fu/animation" loaded.
2024-3-27 18:43:12-debug: [[Executor]] Module "cce:/internal/x/cc-fu/skeletal-animation" loaded.
2024-3-27 18:43:12-debug: [[Executor]] Module "cce:/internal/x/cc-fu/2d" loaded.
2024-3-27 18:43:12-debug: [[Executor]] Module "cce:/internal/x/cc-fu/sorting" loaded.
2024-3-27 18:43:12-debug: [[Executor]] Module "cce:/internal/x/cc-fu/ui" loaded.
2024-3-27 18:43:12-debug: [[Executor]] Module "cce:/internal/x/cc-fu/particle" loaded.
2024-3-27 18:43:12-debug: [[Executor]] Module "cce:/internal/x/cc-fu/gfx-webgl" loaded.
2024-3-27 18:43:12-debug: [[Executor]] Module "cce:/internal/x/cc-fu/physics-framework" loaded.
2024-3-27 18:43:12-debug: [[Executor]] Module "cce:/internal/x/cc-fu/physics-2d-framework" loaded.
2024-3-27 18:43:12-debug: [[Executor]] Module "cce:/internal/x/cc-fu/intersection-2d" loaded.
2024-3-27 18:43:12-debug: [[Executor]] Module "cce:/internal/x/cc-fu/primitive" loaded.
2024-3-27 18:43:12-debug: [[Executor]] Module "cce:/internal/x/cc-fu/profiler" loaded.
2024-3-27 18:43:12-debug: [[Executor]] Module "cce:/internal/x/cc-fu/geometry-renderer" loaded.
2024-3-27 18:43:12-debug: [[Executor]] Module "cce:/internal/x/cc-fu/audio" loaded.
2024-3-27 18:43:12-debug: [[Executor]] Module "cce:/internal/x/cc-fu/video" loaded.
2024-3-27 18:43:12-debug: [[Executor]] Module "cce:/internal/x/cc-fu/xr" loaded.
2024-3-27 18:43:12-debug: [[Executor]] Module "cce:/internal/x/cc-fu/light-probe" loaded.
2024-3-27 18:43:12-debug: [[Executor]] Module "cce:/internal/x/cc-fu/terrain" loaded.
2024-3-27 18:43:12-debug: [[Executor]] Module "cce:/internal/x/cc-fu/webview" loaded.
2024-3-27 18:43:12-debug: [[Executor]] Module "cce:/internal/x/cc-fu/tween" loaded.
2024-3-27 18:43:12-debug: [[Executor]] Module "cce:/internal/x/cc-fu/tiled-map" loaded.
2024-3-27 18:43:12-debug: [[Executor]] Module "cce:/internal/x/cc-fu/spine" loaded.
2024-3-27 18:43:12-debug: [[Executor]] Module "cce:/internal/x/cc-fu/dragon-bones" loaded.
2024-3-27 18:43:12-debug: [[Executor]] Module "cce:/internal/x/cc-fu/custom-pipeline" loaded.
2024-3-27 18:43:12-debug: [[Executor]] Module "cce:/internal/x/cc-fu/base" loaded.
2024-3-27 18:43:12-debug: [[Executor]] Module "cce:/internal/x/cc-fu/gfx-webgl" loaded.
2024-3-27 18:43:12-debug: [[Executor]] Module "cce:/internal/x/cc-fu/gfx-webgl2" loaded.
2024-3-27 18:43:12-debug: [[Executor]] Module "cce:/internal/x/cc-fu/gfx-empty" loaded.
2024-3-27 18:43:12-debug: [[Executor]] Module "cce:/internal/x/cc-fu/3d" loaded.
2024-3-27 18:43:12-debug: [[Executor]] Module "cce:/internal/x/cc-fu/animation" loaded.
2024-3-27 18:43:12-debug: [[Executor]] Module "cce:/internal/x/cc-fu/skeletal-animation" loaded.
2024-3-27 18:43:12-debug: [[Executor]] Module "cce:/internal/x/cc-fu/2d" loaded.
2024-3-27 18:43:12-debug: [[Executor]] Module "cce:/internal/x/cc-fu/sorting" loaded.
2024-3-27 18:43:12-debug: [[Executor]] Module "cce:/internal/x/cc-fu/ui" loaded.
2024-3-27 18:43:12-debug: [[Executor]] Module "cce:/internal/x/cc-fu/particle" loaded.
2024-3-27 18:43:12-debug: [[Executor]] Module "cce:/internal/x/cc-fu/particle-2d" loaded.
2024-3-27 18:43:12-debug: [[Executor]] Module "cce:/internal/x/cc-fu/physics-framework" loaded.
2024-3-27 18:43:12-debug: [[Executor]] Module "cce:/internal/x/cc-fu/physics-2d-framework" loaded.
2024-3-27 18:43:12-debug: [[Executor]] Module "cce:/internal/x/cc-fu/intersection-2d" loaded.
2024-3-27 18:43:12-debug: [[Executor]] Module "cce:/internal/x/cc-fu/primitive" loaded.
2024-3-27 18:43:12-debug: [[Executor]] Module "cce:/internal/x/cc-fu/profiler" loaded.
2024-3-27 18:43:12-debug: [[Executor]] Module "cce:/internal/x/cc-fu/geometry-renderer" loaded.
2024-3-27 18:43:12-debug: [[Executor]] Module "cce:/internal/x/cc-fu/audio" loaded.
2024-3-27 18:43:12-debug: [[Executor]] Module "cce:/internal/x/cc-fu/video" loaded.
2024-3-27 18:43:12-debug: [[Executor]] Module "cce:/internal/x/cc-fu/xr" loaded.
2024-3-27 18:43:12-debug: [[Executor]] Module "cce:/internal/x/cc-fu/light-probe" loaded.
2024-3-27 18:43:12-debug: [[Executor]] Module "cce:/internal/x/cc-fu/terrain" loaded.
2024-3-27 18:43:12-debug: [[Executor]] Module "cce:/internal/x/cc-fu/webview" loaded.
2024-3-27 18:43:12-debug: [[Executor]] Module "cce:/internal/x/cc-fu/tween" loaded.
2024-3-27 18:43:12-debug: [[Executor]] Module "cce:/internal/x/cc-fu/tiled-map" loaded.
2024-3-27 18:43:12-debug: [[Executor]] Module "cce:/internal/x/cc-fu/spine" loaded.
2024-3-27 18:43:12-debug: [[Executor]] Module "cce:/internal/x/cc-fu/dragon-bones" loaded.
2024-3-27 18:43:12-debug: [[Executor]] Module "cce:/internal/x/cc-fu/custom-pipeline" loaded.
2024-3-27 18:43:12-debug: [[Executor]] Module "pack:///chunks/ce/cee638a986ad8fae09398db255647defcaa6612a.js" loaded.
2024-3-27 18:43:12-debug: Invalidating 'pack:///chunks/ce/cee638a986ad8fae09398db255647defcaa6612a.js'
2024-3-27 18:43:12-debug: [[Executor]] Module "pack:///chunks/ce/cee638a986ad8fae09398db255647defcaa6612a.js" loaded.
2024-3-27 18:43:12-debug: [[Executor]] Module "cce:/internal/x/cc-fu/gfx-webgl2" loaded.
2024-3-27 18:43:12-debug: [[Executor]] Module "cce:/internal/x/cc-fu/gfx-empty" loaded.
2024-3-27 18:43:12-debug: [[Executor]] Module "cce:/internal/x/cc-fu/particle-2d" loaded.
2024-3-27 18:43:12-debug: /Users/zhangxinxin/XXWorkSpace/Github项目/Cocos 项目/CocosLearnDemo/打火箭/temp/programming/packer-driver/targets/editor/chunks/63/6324fd7f2a6a90bef45040fcb7ce34af0ba6a7d3.js resolved to /Users/zhangxinxin/XXWorkSpace/Github项目/Cocos 项目/CocosLearnDemo/打火箭/temp/programming/packer-driver/targets/editor/chunks/63/6324fd7f2a6a90bef45040fcb7ce34af0ba6a7d3.js is not in module cache!
2024-3-27 18:43:12-debug: [[Executor]] Module "pack:///chunks/63/6324fd7f2a6a90bef45040fcb7ce34af0ba6a7d3.js" loaded.
2024-3-27 18:43:12-debug: /Users/zhangxinxin/XXWorkSpace/Github项目/Cocos 项目/CocosLearnDemo/打火箭/temp/programming/packer-driver/targets/editor/chunks/d5/d5608b38b037f8fab3d80ad8b6997514f74129c4.js resolved to /Users/zhangxinxin/XXWorkSpace/Github项目/Cocos 项目/CocosLearnDemo/打火箭/temp/programming/packer-driver/targets/editor/chunks/d5/d5608b38b037f8fab3d80ad8b6997514f74129c4.js is not in module cache!
2024-3-27 18:43:12-debug: [[Executor]] Register DebugViewRuntimeControl
2024-3-27 18:43:12-debug: [[Executor]] Module "pack:///chunks/d5/d5608b38b037f8fab3d80ad8b6997514f74129c4.js" loaded.
2024-3-27 18:43:12-debug: /Users/zhangxinxin/XXWorkSpace/Github项目/Cocos 项目/CocosLearnDemo/打火箭/temp/programming/packer-driver/targets/editor/chunks/df/df3810c030bd89b17d0a770cfaa3ba9b57ab8cbe.js resolved to /Users/zhangxinxin/XXWorkSpace/Github项目/Cocos 项目/CocosLearnDemo/打火箭/temp/programming/packer-driver/targets/editor/chunks/df/df3810c030bd89b17d0a770cfaa3ba9b57ab8cbe.js is not in module cache!
2024-3-27 18:43:12-debug: 查询 Asset Bundle start0%
2024-3-27 18:43:12-debug: // ---- build task 查询 Asset Bundle ----
2024-3-27 18:43:12-debug: [[Executor]] Module "pack:///chunks/63/6324fd7f2a6a90bef45040fcb7ce34af0ba6a7d3.js" loaded.
2024-3-27 18:43:12-debug: [[Executor]] Register GameRoot
2024-3-27 18:43:12-debug: [[Executor]] Module "pack:///chunks/df/df3810c030bd89b17d0a770cfaa3ba9b57ab8cbe.js" loaded.
2024-3-27 18:43:12-debug: Query preload assets from cc.config.json: 60f7195c-ec2a-45eb-ba94-8955f60e81d0,1c02ae6f-4492-4915-b8f8-7492a3b1e4cd,810e96e4-e456-4468-9b59-f4e8f39732c0,efe8e2a3-eace-427b-b4f1-cb8a937ec77d,e9aa9a3e-5b2b-4ac7-a2c7-073de2b2b24f,8bbdbcdd-5cd4-4100-b6d5-b7c9625b6107,50f4348b-c883-4e2f-8f11-ce233b859fa1,fda095cb-831d-4601-ad94-846013963de8,f92806d7-1768-443f-afe8-12bcde84d0f0,dd3a144d-ab7f-41f0-82b8-2e43a090d496,f0416e68-0200-4b77-a926-4f9d16e494da,970b0598-bcb0-4714-91fb-2e81440dccd8,bcd64cc6-2dd9-43f6-abbe-66318d332032,d930590d-bb92-4cc8-8bd1-23cd027f9edf,a3cd009f-0ab0-420d-9278-b9fdab939bbc,c27215d8-6835-4b68-bfbb-bdeac6100c04,b5d6115f-0370-4d7c-aad3-c194cc71cf98,871c3b6c-7379-419d-bda3-794b239ab90d
2024-3-27 18:43:12-debug: // ---- build task 查询 Asset Bundle ---- (73ms)
2024-3-27 18:43:12-debug: run build task 查询 Asset Bundle success in 73 ms √5%
2024-3-27 18:43:12-debug: [Build Memory track]: 查询 Asset Bundle start:248.17MB, end 247.56MB, increase: -624.65KB
2024-3-27 18:43:12-debug: 查询 Asset Bundle start5%
2024-3-27 18:43:12-debug: // ---- build task 查询 Asset Bundle ----
2024-3-27 18:43:12-debug: // ---- build task 查询 Asset Bundle ---- (1ms)
2024-3-27 18:43:12-debug: 整理部分构建选项内数据到 settings.json start10%
2024-3-27 18:43:12-debug: [Build Memory track]: 查询 Asset Bundle start:247.57MB, end 247.58MB, increase: 13.09KB
2024-3-27 18:43:12-debug: // ---- build task 整理部分构建选项内数据到 settings.json ----
2024-3-27 18:43:12-debug: run build task 查询 Asset Bundle success in 1 ms √10%
2024-3-27 18:43:12-debug: // ---- build task 整理部分构建选项内数据到 settings.json ---- (1ms)
2024-3-27 18:43:12-debug: 填充脚本数据到 settings.json start12%
2024-3-27 18:43:12-debug: [Build Memory track]: 整理部分构建选项内数据到 settings.json start:247.59MB, end 247.60MB, increase: 14.11KB
2024-3-27 18:43:12-debug: run build task 整理部分构建选项内数据到 settings.json success in 1 ms √12%
2024-3-27 18:43:12-debug: // ---- build task 填充脚本数据到 settings.json ----
2024-3-27 18:43:12-debug: // ---- build task 填充脚本数据到 settings.json ---- (1ms)
2024-3-27 18:43:12-debug: [Build Memory track]: 填充脚本数据到 settings.json start:247.61MB, end 247.63MB, increase: 19.13KB
2024-3-27 18:43:12-debug: 整理部分构建选项内数据到 settings.json start13%
2024-3-27 18:43:12-debug: run build task 填充脚本数据到 settings.json success in 1 ms √13%
2024-3-27 18:43:12-debug: // ---- build task 整理部分构建选项内数据到 settings.json ----
2024-3-27 18:43:12-debug: // ---- build task 整理部分构建选项内数据到 settings.json ---- (4ms)
2024-3-27 18:43:12-debug: run build task 整理部分构建选项内数据到 settings.json success in 4 ms √15%
2024-3-27 18:43:12-debug: [Build Memory track]: 整理部分构建选项内数据到 settings.json start:247.64MB, end 247.70MB, increase: 61.34KB
2024-3-27 18:43:22-debug: refresh db internal success
2024-3-27 18:43:22-debug: refresh db assets success
2024-3-27 18:43:22-debug: Run asset db hook engine-extends:afterRefresh ...
2024-3-27 18:43:22-debug: Run asset db hook engine-extends:afterRefresh success!
2024-3-27 18:43:22-debug: asset-db:refresh-all-database (230ms)
2024-3-27 18:43:22-debug: asset-db:worker-effect-data-processing (1ms)
2024-3-27 18:43:22-debug: asset-db-hook-engine-extends-afterRefresh (1ms)
2024-3-27 18:45:12-debug: refresh db internal success
2024-3-27 18:45:12-debug: %cImport%c: /Users/zhangxinxin/XXWorkSpace/Github项目/Cocos 项目/CocosLearnDemo/打火箭/assets/scripts/GameRoot.tsbackground: #aaff85; color: #000;color: #000;
2024-3-27 18:45:12-debug: refresh db assets success
2024-3-27 18:45:12-debug: Run asset db hook engine-extends:afterRefresh ...
2024-3-27 18:45:12-debug: Run asset db hook engine-extends:afterRefresh success!
2024-3-27 18:45:12-debug: asset-db:refresh-all-database (166ms)
2024-3-27 18:45:12-debug: asset-db:worker-effect-data-processing (1ms)
2024-3-27 18:45:12-debug: asset-db-hook-engine-extends-afterRefresh (1ms)
2024-3-27 18:45:15-debug: Query all assets info in project
2024-3-27 18:45:15-debug: init custom config: keepNodeUuid: false, useCache: true
2024-3-27 18:45:15-debug:   Number of all scenes: 2
2024-3-27 18:45:15-debug:   Number of all scripts: 2
2024-3-27 18:45:15-debug:   Number of other assets: 340
2024-3-27 18:45:15-debug: reload all scripts.
2024-3-27 18:45:15-debug: Incremental keys: 
2024-3-27 18:45:15-debug: Set detail map pack:///resolution-detail-map.json: {}
2024-3-27 18:45:15-debug: Unregister DebugViewRuntimeControl
2024-3-27 18:45:15-debug: Unregister GameRoot
2024-3-27 18:45:15-debug: Invalidating 'pack:///chunks/ce/cee638a986ad8fae09398db255647defcaa6612a.js'
2024-3-27 18:45:15-debug: Invalidating 'pack:///chunks/63/6324fd7f2a6a90bef45040fcb7ce34af0ba6a7d3.js'
2024-3-27 18:45:15-debug: Invalidating 'pack:///chunks/d5/d5608b38b037f8fab3d80ad8b6997514f74129c4.js'
2024-3-27 18:45:15-debug: Invalidating 'pack:///chunks/df/df3810c030bd89b17d0a770cfaa3ba9b57ab8cbe.js'
2024-3-27 18:45:15-debug: [[Executor]] Module "pack:///chunks/ce/cee638a986ad8fae09398db255647defcaa6612a.js" loaded.
2024-3-27 18:45:15-debug: /Users/zhangxinxin/XXWorkSpace/Github项目/Cocos 项目/CocosLearnDemo/打火箭/temp/programming/packer-driver/targets/editor/chunks/63/6324fd7f2a6a90bef45040fcb7ce34af0ba6a7d3.js resolved to /Users/zhangxinxin/XXWorkSpace/Github项目/Cocos 项目/CocosLearnDemo/打火箭/temp/programming/packer-driver/targets/editor/chunks/63/6324fd7f2a6a90bef45040fcb7ce34af0ba6a7d3.js is not in module cache!
2024-3-27 18:45:15-debug: [[Executor]] Module "pack:///chunks/d5/d5608b38b037f8fab3d80ad8b6997514f74129c4.js" loaded.
2024-3-27 18:45:15-debug: [[Executor]] Register DebugViewRuntimeControl
2024-3-27 18:45:15-debug: [[Executor]] Module "pack:///chunks/63/6324fd7f2a6a90bef45040fcb7ce34af0ba6a7d3.js" loaded.
2024-3-27 18:45:15-debug: /Users/zhangxinxin/XXWorkSpace/Github项目/Cocos 项目/CocosLearnDemo/打火箭/temp/programming/packer-driver/targets/editor/chunks/df/df3810c030bd89b17d0a770cfaa3ba9b57ab8cbe.js resolved to /Users/zhangxinxin/XXWorkSpace/Github项目/Cocos 项目/CocosLearnDemo/打火箭/temp/programming/packer-driver/targets/editor/chunks/df/df3810c030bd89b17d0a770cfaa3ba9b57ab8cbe.js is not in module cache!
2024-3-27 18:45:15-debug: [[Executor]] Register GameRoot
2024-3-27 18:45:15-debug: [[Executor]] Module "pack:///chunks/df/df3810c030bd89b17d0a770cfaa3ba9b57ab8cbe.js" loaded.
2024-3-27 18:45:15-debug: [[Executor]] Module "pack:///chunks/63/6324fd7f2a6a90bef45040fcb7ce34af0ba6a7d3.js" loaded.
2024-3-27 18:45:15-debug: 查询 Asset Bundle start0%
2024-3-27 18:45:15-debug: // ---- build task 查询 Asset Bundle ----
2024-3-27 18:45:15-debug: Query preload assets from cc.config.json: 60f7195c-ec2a-45eb-ba94-8955f60e81d0,1c02ae6f-4492-4915-b8f8-7492a3b1e4cd,810e96e4-e456-4468-9b59-f4e8f39732c0,efe8e2a3-eace-427b-b4f1-cb8a937ec77d,e9aa9a3e-5b2b-4ac7-a2c7-073de2b2b24f,8bbdbcdd-5cd4-4100-b6d5-b7c9625b6107,50f4348b-c883-4e2f-8f11-ce233b859fa1,fda095cb-831d-4601-ad94-846013963de8,f92806d7-1768-443f-afe8-12bcde84d0f0,dd3a144d-ab7f-41f0-82b8-2e43a090d496,f0416e68-0200-4b77-a926-4f9d16e494da,970b0598-bcb0-4714-91fb-2e81440dccd8,bcd64cc6-2dd9-43f6-abbe-66318d332032,d930590d-bb92-4cc8-8bd1-23cd027f9edf,a3cd009f-0ab0-420d-9278-b9fdab939bbc,c27215d8-6835-4b68-bfbb-bdeac6100c04,b5d6115f-0370-4d7c-aad3-c194cc71cf98,871c3b6c-7379-419d-bda3-794b239ab90d
2024-3-27 18:45:15-debug: // ---- build task 查询 Asset Bundle ---- (23ms)
2024-3-27 18:45:15-debug: run build task 查询 Asset Bundle success in 23 ms √5%
2024-3-27 18:45:15-debug: [Build Memory track]: 查询 Asset Bundle start:250.27MB, end 250.92MB, increase: 657.39KB
2024-3-27 18:45:15-debug: 查询 Asset Bundle start5%
2024-3-27 18:45:15-debug: // ---- build task 查询 Asset Bundle ----
2024-3-27 18:45:15-debug: // ---- build task 查询 Asset Bundle ---- (2ms)
2024-3-27 18:45:15-debug: run build task 查询 Asset Bundle success in 2 ms √10%
2024-3-27 18:45:15-debug: [Build Memory track]: 查询 Asset Bundle start:250.92MB, end 250.94MB, increase: 11.15KB
2024-3-27 18:45:15-debug: 整理部分构建选项内数据到 settings.json start10%
2024-3-27 18:45:15-debug: // ---- build task 整理部分构建选项内数据到 settings.json ----
2024-3-27 18:45:15-debug: // ---- build task 整理部分构建选项内数据到 settings.json ---- (1ms)
2024-3-27 18:45:15-debug: run build task 整理部分构建选项内数据到 settings.json success in 1 ms √12%
2024-3-27 18:45:15-debug: [Build Memory track]: 整理部分构建选项内数据到 settings.json start:250.94MB, end 250.96MB, increase: 13.60KB
2024-3-27 18:45:15-debug: 填充脚本数据到 settings.json start12%
2024-3-27 18:45:15-debug: // ---- build task 填充脚本数据到 settings.json ----
2024-3-27 18:45:15-debug: // ---- build task 填充脚本数据到 settings.json ---- (6ms)
2024-3-27 18:45:15-debug: // ---- build task 整理部分构建选项内数据到 settings.json ----
2024-3-27 18:45:15-debug: [Build Memory track]: 填充脚本数据到 settings.json start:250.97MB, end 250.98MB, increase: 13.12KB
2024-3-27 18:45:15-debug: 整理部分构建选项内数据到 settings.json start13%
2024-3-27 18:45:15-debug: run build task 填充脚本数据到 settings.json success in 6 ms √13%
2024-3-27 18:45:15-debug: // ---- build task 整理部分构建选项内数据到 settings.json ---- (7ms)
2024-3-27 18:45:15-debug: run build task 整理部分构建选项内数据到 settings.json success in 7 ms √15%
2024-3-27 18:45:15-debug: [Build Memory track]: 整理部分构建选项内数据到 settings.json start:250.99MB, end 251.05MB, increase: 58.76KB
2024-3-27 18:45:31-debug: refresh db internal success
2024-3-27 18:45:31-debug: refresh db assets success
2024-3-27 18:45:31-debug: Run asset db hook engine-extends:afterRefresh ...
2024-3-27 18:45:31-debug: Run asset db hook engine-extends:afterRefresh success!
2024-3-27 18:45:31-debug: asset-db:refresh-all-database (97ms)
2024-3-27 18:45:31-debug: asset-db:worker-effect-data-processing (6ms)
2024-3-27 18:45:31-debug: asset-db-hook-engine-extends-afterRefresh (7ms)
2024-3-27 18:46:04-debug: refresh db internal success
2024-3-27 18:46:04-debug: %cImport%c: /Users/zhangxinxin/XXWorkSpace/Github项目/Cocos 项目/CocosLearnDemo/打火箭/assets/scripts/GameRoot.tsbackground: #aaff85; color: #000;color: #000;
2024-3-27 18:46:04-debug: refresh db assets success
2024-3-27 18:46:04-debug: Run asset db hook engine-extends:afterRefresh ...
2024-3-27 18:46:04-debug: Run asset db hook engine-extends:afterRefresh success!
2024-3-27 18:46:04-debug: asset-db:refresh-all-database (72ms)
2024-3-27 18:46:04-debug: asset-db-hook-engine-extends-afterRefresh (2ms)
2024-3-27 18:46:04-debug: asset-db:worker-effect-data-processing (2ms)
2024-3-27 18:46:06-debug: Query all assets info in project
2024-3-27 18:46:06-debug: init custom config: keepNodeUuid: false, useCache: true
2024-3-27 18:46:06-debug:   Number of all scenes: 2
2024-3-27 18:46:06-debug:   Number of all scripts: 2
2024-3-27 18:46:06-debug:   Number of other assets: 340
2024-3-27 18:46:06-debug: reload all scripts.
2024-3-27 18:46:06-debug: Incremental keys: 
2024-3-27 18:46:06-debug: Set detail map pack:///resolution-detail-map.json: {}
2024-3-27 18:46:06-debug: Unregister DebugViewRuntimeControl
2024-3-27 18:46:06-debug: Unregister GameRoot
2024-3-27 18:46:06-debug: Invalidating 'pack:///chunks/d5/d5608b38b037f8fab3d80ad8b6997514f74129c4.js'
2024-3-27 18:46:06-debug: Invalidating 'pack:///chunks/63/6324fd7f2a6a90bef45040fcb7ce34af0ba6a7d3.js'
2024-3-27 18:46:06-debug: Invalidating 'pack:///chunks/ce/cee638a986ad8fae09398db255647defcaa6612a.js'
2024-3-27 18:46:06-debug: Invalidating 'pack:///chunks/df/df3810c030bd89b17d0a770cfaa3ba9b57ab8cbe.js'
2024-3-27 18:46:06-debug: [[Executor]] Module "pack:///chunks/ce/cee638a986ad8fae09398db255647defcaa6612a.js" loaded.
2024-3-27 18:46:06-debug: /Users/zhangxinxin/XXWorkSpace/Github项目/Cocos 项目/CocosLearnDemo/打火箭/temp/programming/packer-driver/targets/editor/chunks/63/6324fd7f2a6a90bef45040fcb7ce34af0ba6a7d3.js resolved to /Users/zhangxinxin/XXWorkSpace/Github项目/Cocos 项目/CocosLearnDemo/打火箭/temp/programming/packer-driver/targets/editor/chunks/63/6324fd7f2a6a90bef45040fcb7ce34af0ba6a7d3.js is not in module cache!
2024-3-27 18:46:06-debug: [[Executor]] Module "pack:///chunks/63/6324fd7f2a6a90bef45040fcb7ce34af0ba6a7d3.js" loaded.
2024-3-27 18:46:06-debug: [[Executor]] Register DebugViewRuntimeControl
2024-3-27 18:46:06-debug: [[Executor]] Module "pack:///chunks/d5/d5608b38b037f8fab3d80ad8b6997514f74129c4.js" loaded.
2024-3-27 18:46:06-debug: /Users/zhangxinxin/XXWorkSpace/Github项目/Cocos 项目/CocosLearnDemo/打火箭/temp/programming/packer-driver/targets/editor/chunks/80/806a03d5ca4af7315234b4f5e87c9bf21759c2e1.js resolved to /Users/zhangxinxin/XXWorkSpace/Github项目/Cocos 项目/CocosLearnDemo/打火箭/temp/programming/packer-driver/targets/editor/chunks/80/806a03d5ca4af7315234b4f5e87c9bf21759c2e1.js is not in module cache!
2024-3-27 18:46:06-debug: [[Executor]] Register GameRoot
2024-3-27 18:46:06-debug: 查询 Asset Bundle start0%
2024-3-27 18:46:06-debug: [[Executor]] Module "pack:///chunks/63/6324fd7f2a6a90bef45040fcb7ce34af0ba6a7d3.js" loaded.
2024-3-27 18:46:06-debug: [[Executor]] Module "pack:///chunks/80/806a03d5ca4af7315234b4f5e87c9bf21759c2e1.js" loaded.
2024-3-27 18:46:06-debug: // ---- build task 查询 Asset Bundle ----
2024-3-27 18:46:06-debug: Query preload assets from cc.config.json: 60f7195c-ec2a-45eb-ba94-8955f60e81d0,1c02ae6f-4492-4915-b8f8-7492a3b1e4cd,810e96e4-e456-4468-9b59-f4e8f39732c0,efe8e2a3-eace-427b-b4f1-cb8a937ec77d,e9aa9a3e-5b2b-4ac7-a2c7-073de2b2b24f,8bbdbcdd-5cd4-4100-b6d5-b7c9625b6107,50f4348b-c883-4e2f-8f11-ce233b859fa1,fda095cb-831d-4601-ad94-846013963de8,f92806d7-1768-443f-afe8-12bcde84d0f0,dd3a144d-ab7f-41f0-82b8-2e43a090d496,f0416e68-0200-4b77-a926-4f9d16e494da,970b0598-bcb0-4714-91fb-2e81440dccd8,bcd64cc6-2dd9-43f6-abbe-66318d332032,d930590d-bb92-4cc8-8bd1-23cd027f9edf,a3cd009f-0ab0-420d-9278-b9fdab939bbc,c27215d8-6835-4b68-bfbb-bdeac6100c04,b5d6115f-0370-4d7c-aad3-c194cc71cf98,871c3b6c-7379-419d-bda3-794b239ab90d
2024-3-27 18:46:06-debug: // ---- build task 查询 Asset Bundle ---- (19ms)
2024-3-27 18:46:06-debug: // ---- build task 查询 Asset Bundle ----
2024-3-27 18:46:06-debug: [Build Memory track]: 查询 Asset Bundle start:252.40MB, end 253.07MB, increase: 681.74KB
2024-3-27 18:46:06-debug: 查询 Asset Bundle start5%
2024-3-27 18:46:06-debug: run build task 查询 Asset Bundle success in 19 ms √5%
2024-3-27 18:46:06-debug: // ---- build task 查询 Asset Bundle ---- (1ms)
2024-3-27 18:46:06-debug: // ---- build task 整理部分构建选项内数据到 settings.json ----
2024-3-27 18:46:06-debug: [Build Memory track]: 查询 Asset Bundle start:253.08MB, end 253.09MB, increase: 12.64KB
2024-3-27 18:46:06-debug: 整理部分构建选项内数据到 settings.json start10%
2024-3-27 18:46:06-debug: run build task 查询 Asset Bundle success in 1 ms √10%
2024-3-27 18:46:06-debug: // ---- build task 整理部分构建选项内数据到 settings.json ---- (1ms)
2024-3-27 18:46:06-debug: 填充脚本数据到 settings.json start12%
2024-3-27 18:46:06-debug: [Build Memory track]: 整理部分构建选项内数据到 settings.json start:253.10MB, end 253.11MB, increase: 13.62KB
2024-3-27 18:46:06-debug: // ---- build task 填充脚本数据到 settings.json ----
2024-3-27 18:46:06-debug: run build task 整理部分构建选项内数据到 settings.json success in 1 ms √12%
2024-3-27 18:46:06-debug: // ---- build task 填充脚本数据到 settings.json ---- (1ms)
2024-3-27 18:46:06-debug: // ---- build task 整理部分构建选项内数据到 settings.json ----
2024-3-27 18:46:06-debug: [Build Memory track]: 填充脚本数据到 settings.json start:253.12MB, end 253.13MB, increase: 13.54KB
2024-3-27 18:46:06-debug: 整理部分构建选项内数据到 settings.json start13%
2024-3-27 18:46:06-debug: run build task 填充脚本数据到 settings.json success in 1 ms √13%
2024-3-27 18:46:06-debug: // ---- build task 整理部分构建选项内数据到 settings.json ---- (4ms)
2024-3-27 18:46:06-debug: run build task 整理部分构建选项内数据到 settings.json success in 4 ms √15%
2024-3-27 18:46:06-debug: [Build Memory track]: 整理部分构建选项内数据到 settings.json start:253.14MB, end 253.20MB, increase: 57.33KB
2024-3-27 18:46:26-debug: Query all assets info in project
2024-3-27 18:46:26-debug: init custom config: keepNodeUuid: false, useCache: true
2024-3-27 18:46:26-debug:   Number of all scenes: 2
2024-3-27 18:46:26-debug:   Number of all scripts: 2
2024-3-27 18:46:26-debug:   Number of other assets: 340
2024-3-27 18:46:26-debug: reload all scripts.
2024-3-27 18:46:26-debug: Incremental keys: 
2024-3-27 18:46:26-debug: Set detail map pack:///resolution-detail-map.json: {}
2024-3-27 18:46:26-debug: Invalidating 'pack:///chunks/63/6324fd7f2a6a90bef45040fcb7ce34af0ba6a7d3.js'
2024-3-27 18:46:26-debug: Invalidating 'pack:///chunks/d5/d5608b38b037f8fab3d80ad8b6997514f74129c4.js'
2024-3-27 18:46:26-debug: Invalidating 'pack:///chunks/80/806a03d5ca4af7315234b4f5e87c9bf21759c2e1.js'
2024-3-27 18:46:26-debug: [[Executor]] Module "pack:///chunks/ce/cee638a986ad8fae09398db255647defcaa6612a.js" loaded.
2024-3-27 18:46:26-debug: Unregister GameRoot
2024-3-27 18:46:26-debug: [[Executor]] Register DebugViewRuntimeControl
2024-3-27 18:46:26-debug: [[Executor]] Module "pack:///chunks/d5/d5608b38b037f8fab3d80ad8b6997514f74129c4.js" loaded.
2024-3-27 18:46:26-debug: [[Executor]] Module "pack:///chunks/63/6324fd7f2a6a90bef45040fcb7ce34af0ba6a7d3.js" loaded.
2024-3-27 18:46:26-debug: [[Executor]] Module "pack:///chunks/80/806a03d5ca4af7315234b4f5e87c9bf21759c2e1.js" loaded.
2024-3-27 18:46:26-debug: [[Executor]] Module "pack:///chunks/63/6324fd7f2a6a90bef45040fcb7ce34af0ba6a7d3.js" loaded.
2024-3-27 18:46:26-debug: [[Executor]] Register GameRoot
2024-3-27 18:46:26-debug: // ---- build task 查询 Asset Bundle ----
2024-3-27 18:46:26-debug: Invalidating 'pack:///chunks/ce/cee638a986ad8fae09398db255647defcaa6612a.js'
2024-3-27 18:46:26-debug: 查询 Asset Bundle start0%
2024-3-27 18:46:26-debug: Unregister DebugViewRuntimeControl
2024-3-27 18:46:26-debug: Query preload assets from cc.config.json: 60f7195c-ec2a-45eb-ba94-8955f60e81d0,1c02ae6f-4492-4915-b8f8-7492a3b1e4cd,810e96e4-e456-4468-9b59-f4e8f39732c0,efe8e2a3-eace-427b-b4f1-cb8a937ec77d,e9aa9a3e-5b2b-4ac7-a2c7-073de2b2b24f,8bbdbcdd-5cd4-4100-b6d5-b7c9625b6107,50f4348b-c883-4e2f-8f11-ce233b859fa1,fda095cb-831d-4601-ad94-846013963de8,f92806d7-1768-443f-afe8-12bcde84d0f0,dd3a144d-ab7f-41f0-82b8-2e43a090d496,f0416e68-0200-4b77-a926-4f9d16e494da,970b0598-bcb0-4714-91fb-2e81440dccd8,bcd64cc6-2dd9-43f6-abbe-66318d332032,d930590d-bb92-4cc8-8bd1-23cd027f9edf,a3cd009f-0ab0-420d-9278-b9fdab939bbc,c27215d8-6835-4b68-bfbb-bdeac6100c04,b5d6115f-0370-4d7c-aad3-c194cc71cf98,871c3b6c-7379-419d-bda3-794b239ab90d
2024-3-27 18:46:26-debug: run build task 查询 Asset Bundle success in 22 ms √5%
2024-3-27 18:46:26-debug: [Build Memory track]: 查询 Asset Bundle start:253.72MB, end 254.45MB, increase: 750.69KB
2024-3-27 18:46:26-debug: // ---- build task 查询 Asset Bundle ----
2024-3-27 18:46:26-debug: 查询 Asset Bundle start5%
2024-3-27 18:46:26-debug: // ---- build task 查询 Asset Bundle ---- (22ms)
2024-3-27 18:46:26-debug: // ---- build task 查询 Asset Bundle ---- (1ms)
2024-3-27 18:46:26-debug: run build task 查询 Asset Bundle success in 1 ms √10%
2024-3-27 18:46:26-debug: [Build Memory track]: 查询 Asset Bundle start:254.46MB, end 254.47MB, increase: 12.60KB
2024-3-27 18:46:26-debug: 整理部分构建选项内数据到 settings.json start10%
2024-3-27 18:46:26-debug: // ---- build task 整理部分构建选项内数据到 settings.json ----
2024-3-27 18:46:26-debug: // ---- build task 整理部分构建选项内数据到 settings.json ---- (1ms)
2024-3-27 18:46:26-debug: // ---- build task 填充脚本数据到 settings.json ----
2024-3-27 18:46:26-debug: [Build Memory track]: 整理部分构建选项内数据到 settings.json start:254.48MB, end 254.49MB, increase: 12.18KB
2024-3-27 18:46:26-debug: 填充脚本数据到 settings.json start12%
2024-3-27 18:46:26-debug: run build task 整理部分构建选项内数据到 settings.json success in 1 ms √12%
2024-3-27 18:46:26-debug: // ---- build task 填充脚本数据到 settings.json ---- (1ms)
2024-3-27 18:46:26-debug: 整理部分构建选项内数据到 settings.json start13%
2024-3-27 18:46:26-debug: // ---- build task 整理部分构建选项内数据到 settings.json ----
2024-3-27 18:46:26-debug: run build task 填充脚本数据到 settings.json success in 1 ms √13%
2024-3-27 18:46:26-debug: [Build Memory track]: 填充脚本数据到 settings.json start:254.50MB, end 254.51MB, increase: 12.06KB
2024-3-27 18:46:26-debug: // ---- build task 整理部分构建选项内数据到 settings.json ---- (5ms)
2024-3-27 18:46:26-debug: run build task 整理部分构建选项内数据到 settings.json success in 5 ms √15%
2024-3-27 18:46:26-debug: [Build Memory track]: 整理部分构建选项内数据到 settings.json start:254.52MB, end 253.90MB, increase: -641.57KB
2024-3-27 18:46:36-debug: refresh db internal success
2024-3-27 18:46:36-debug: refresh db assets success
2024-3-27 18:46:36-debug: Run asset db hook engine-extends:afterRefresh ...
2024-3-27 18:46:36-debug: Run asset db hook engine-extends:afterRefresh success!
2024-3-27 18:46:36-debug: asset-db:refresh-all-database (50ms)
2024-3-27 18:46:36-debug: asset-db:worker-effect-data-processing (1ms)
2024-3-27 18:46:36-debug: asset-db-hook-engine-extends-afterRefresh (1ms)
2024-3-27 18:46:59-debug: Query all assets info in project
2024-3-27 18:46:59-debug: init custom config: keepNodeUuid: false, useCache: true
2024-3-27 18:46:59-debug:   Number of all scenes: 2
2024-3-27 18:46:59-debug:   Number of all scripts: 2
2024-3-27 18:46:59-debug:   Number of other assets: 340
2024-3-27 18:46:59-debug: reload all scripts.
2024-3-27 18:46:59-debug: Incremental keys: 
2024-3-27 18:46:59-debug: Set detail map pack:///resolution-detail-map.json: {}
2024-3-27 18:46:59-debug: Unregister DebugViewRuntimeControl
2024-3-27 18:46:59-debug: Unregister GameRoot
2024-3-27 18:46:59-debug: Invalidating 'pack:///chunks/80/806a03d5ca4af7315234b4f5e87c9bf21759c2e1.js'
2024-3-27 18:46:59-debug: [[Executor]] Module "pack:///chunks/ce/cee638a986ad8fae09398db255647defcaa6612a.js" loaded.
2024-3-27 18:46:59-debug: Invalidating 'pack:///chunks/d5/d5608b38b037f8fab3d80ad8b6997514f74129c4.js'
2024-3-27 18:46:59-debug: [[Executor]] Register DebugViewRuntimeControl
2024-3-27 18:46:59-debug: [[Executor]] Module "pack:///chunks/d5/d5608b38b037f8fab3d80ad8b6997514f74129c4.js" loaded.
2024-3-27 18:46:59-debug: [[Executor]] Register GameRoot
2024-3-27 18:46:59-debug: [[Executor]] Module "pack:///chunks/80/806a03d5ca4af7315234b4f5e87c9bf21759c2e1.js" loaded.
2024-3-27 18:46:59-debug: [[Executor]] Module "pack:///chunks/63/6324fd7f2a6a90bef45040fcb7ce34af0ba6a7d3.js" loaded.
2024-3-27 18:46:59-debug: Invalidating 'pack:///chunks/ce/cee638a986ad8fae09398db255647defcaa6612a.js'
2024-3-27 18:46:59-debug: // ---- build task 查询 Asset Bundle ----
2024-3-27 18:46:59-debug: 查询 Asset Bundle start0%
2024-3-27 18:46:59-debug: Invalidating 'pack:///chunks/63/6324fd7f2a6a90bef45040fcb7ce34af0ba6a7d3.js'
2024-3-27 18:46:59-debug: [[Executor]] Module "pack:///chunks/63/6324fd7f2a6a90bef45040fcb7ce34af0ba6a7d3.js" loaded.
2024-3-27 18:46:59-debug: Query preload assets from cc.config.json: 60f7195c-ec2a-45eb-ba94-8955f60e81d0,1c02ae6f-4492-4915-b8f8-7492a3b1e4cd,810e96e4-e456-4468-9b59-f4e8f39732c0,efe8e2a3-eace-427b-b4f1-cb8a937ec77d,e9aa9a3e-5b2b-4ac7-a2c7-073de2b2b24f,8bbdbcdd-5cd4-4100-b6d5-b7c9625b6107,50f4348b-c883-4e2f-8f11-ce233b859fa1,fda095cb-831d-4601-ad94-846013963de8,f92806d7-1768-443f-afe8-12bcde84d0f0,dd3a144d-ab7f-41f0-82b8-2e43a090d496,f0416e68-0200-4b77-a926-4f9d16e494da,970b0598-bcb0-4714-91fb-2e81440dccd8,bcd64cc6-2dd9-43f6-abbe-66318d332032,d930590d-bb92-4cc8-8bd1-23cd027f9edf,a3cd009f-0ab0-420d-9278-b9fdab939bbc,c27215d8-6835-4b68-bfbb-bdeac6100c04,b5d6115f-0370-4d7c-aad3-c194cc71cf98,871c3b6c-7379-419d-bda3-794b239ab90d
2024-3-27 18:46:59-debug: // ---- build task 查询 Asset Bundle ---- (17ms)
2024-3-27 18:46:59-debug: // ---- build task 查询 Asset Bundle ----
2024-3-27 18:46:59-debug: [Build Memory track]: 查询 Asset Bundle start:255.76MB, end 255.78MB, increase: 17.27KB
2024-3-27 18:46:59-debug: 查询 Asset Bundle start5%
2024-3-27 18:46:59-debug: run build task 查询 Asset Bundle success in 17 ms √5%
2024-3-27 18:46:59-debug: // ---- build task 查询 Asset Bundle ---- (1ms)
2024-3-27 18:46:59-debug: run build task 查询 Asset Bundle success in 1 ms √10%
2024-3-27 18:46:59-debug: 整理部分构建选项内数据到 settings.json start10%
2024-3-27 18:46:59-debug: [Build Memory track]: 查询 Asset Bundle start:255.79MB, end 255.80MB, increase: 12.71KB
2024-3-27 18:46:59-debug: // ---- build task 整理部分构建选项内数据到 settings.json ----
2024-3-27 18:46:59-debug: // ---- build task 整理部分构建选项内数据到 settings.json ---- (1ms)
2024-3-27 18:46:59-debug: run build task 整理部分构建选项内数据到 settings.json success in 1 ms √12%
2024-3-27 18:46:59-debug: [Build Memory track]: 整理部分构建选项内数据到 settings.json start:255.81MB, end 255.82MB, increase: 13.30KB
2024-3-27 18:46:59-debug: 填充脚本数据到 settings.json start12%
2024-3-27 18:46:59-debug: // ---- build task 填充脚本数据到 settings.json ----
2024-3-27 18:46:59-debug: // ---- build task 填充脚本数据到 settings.json ---- (1ms)
2024-3-27 18:46:59-debug: run build task 填充脚本数据到 settings.json success in 1 ms √13%
2024-3-27 18:46:59-debug: // ---- build task 整理部分构建选项内数据到 settings.json ----
2024-3-27 18:46:59-debug: [Build Memory track]: 填充脚本数据到 settings.json start:255.83MB, end 255.84MB, increase: 12.62KB
2024-3-27 18:46:59-debug: 整理部分构建选项内数据到 settings.json start13%
2024-3-27 18:46:59-debug: // ---- build task 整理部分构建选项内数据到 settings.json ---- (6ms)
2024-3-27 18:46:59-debug: run build task 整理部分构建选项内数据到 settings.json success in 6 ms √15%
2024-3-27 18:46:59-debug: [Build Memory track]: 整理部分构建选项内数据到 settings.json start:255.85MB, end 255.91MB, increase: 59.01KB
2024-3-27 18:47:05-debug: refresh db internal success
2024-3-27 18:47:05-debug: %cImport%c: /Users/zhangxinxin/XXWorkSpace/Github项目/Cocos 项目/CocosLearnDemo/打火箭/assets/scripts/GameRoot.tsbackground: #aaff85; color: #000;color: #000;
2024-3-27 18:47:05-debug: refresh db assets success
2024-3-27 18:47:05-debug: Run asset db hook engine-extends:afterRefresh ...
2024-3-27 18:47:05-debug: Run asset db hook engine-extends:afterRefresh success!
2024-3-27 18:47:05-debug: asset-db:refresh-all-database (52ms)
2024-3-27 18:47:05-debug: asset-db:worker-effect-data-processing (2ms)
2024-3-27 18:47:05-debug: asset-db-hook-engine-extends-afterRefresh (2ms)
2024-3-27 18:47:06-debug: Query all assets info in project
2024-3-27 18:47:06-debug: init custom config: keepNodeUuid: false, useCache: true
2024-3-27 18:47:06-debug:   Number of all scenes: 2
2024-3-27 18:47:06-debug:   Number of all scripts: 2
2024-3-27 18:47:06-debug:   Number of other assets: 340
2024-3-27 18:47:06-debug: reload all scripts.
2024-3-27 18:47:06-debug: Incremental keys: 
2024-3-27 18:47:06-debug: Set detail map pack:///resolution-detail-map.json: {}
2024-3-27 18:47:06-debug: Unregister DebugViewRuntimeControl
2024-3-27 18:47:06-debug: Invalidating 'pack:///chunks/d5/d5608b38b037f8fab3d80ad8b6997514f74129c4.js'
2024-3-27 18:47:06-debug: Invalidating 'pack:///chunks/80/806a03d5ca4af7315234b4f5e87c9bf21759c2e1.js'
2024-3-27 18:47:06-debug: [[Executor]] Module "pack:///chunks/ce/cee638a986ad8fae09398db255647defcaa6612a.js" loaded.
2024-3-27 18:47:06-debug: Unregister GameRoot
2024-3-27 18:47:06-debug: Invalidating 'pack:///chunks/ce/cee638a986ad8fae09398db255647defcaa6612a.js'
2024-3-27 18:47:06-debug: Invalidating 'pack:///chunks/63/6324fd7f2a6a90bef45040fcb7ce34af0ba6a7d3.js'
2024-3-27 18:47:06-debug: /Users/zhangxinxin/XXWorkSpace/Github项目/Cocos 项目/CocosLearnDemo/打火箭/temp/programming/packer-driver/targets/editor/chunks/63/6324fd7f2a6a90bef45040fcb7ce34af0ba6a7d3.js resolved to /Users/zhangxinxin/XXWorkSpace/Github项目/Cocos 项目/CocosLearnDemo/打火箭/temp/programming/packer-driver/targets/editor/chunks/63/6324fd7f2a6a90bef45040fcb7ce34af0ba6a7d3.js is not in module cache!
2024-3-27 18:47:06-debug: [[Executor]] Module "pack:///chunks/63/6324fd7f2a6a90bef45040fcb7ce34af0ba6a7d3.js" loaded.
2024-3-27 18:47:06-debug: [[Executor]] Register DebugViewRuntimeControl
2024-3-27 18:47:06-debug: [[Executor]] Module "pack:///chunks/d5/d5608b38b037f8fab3d80ad8b6997514f74129c4.js" loaded.
2024-3-27 18:47:06-debug: /Users/zhangxinxin/XXWorkSpace/Github项目/Cocos 项目/CocosLearnDemo/打火箭/temp/programming/packer-driver/targets/editor/chunks/5c/5c90b9915a9935592f99ddbbb889a5f4558f39bc.js resolved to /Users/zhangxinxin/XXWorkSpace/Github项目/Cocos 项目/CocosLearnDemo/打火箭/temp/programming/packer-driver/targets/editor/chunks/5c/5c90b9915a9935592f99ddbbb889a5f4558f39bc.js is not in module cache!
2024-3-27 18:47:06-debug: [[Executor]] Register GameRoot
2024-3-27 18:47:06-debug: [[Executor]] Module "pack:///chunks/63/6324fd7f2a6a90bef45040fcb7ce34af0ba6a7d3.js" loaded.
2024-3-27 18:47:06-debug: [[Executor]] Module "pack:///chunks/5c/5c90b9915a9935592f99ddbbb889a5f4558f39bc.js" loaded.
2024-3-27 18:47:06-debug: 查询 Asset Bundle start0%
2024-3-27 18:47:06-debug: // ---- build task 查询 Asset Bundle ----
2024-3-27 18:47:06-debug: Query preload assets from cc.config.json: 60f7195c-ec2a-45eb-ba94-8955f60e81d0,1c02ae6f-4492-4915-b8f8-7492a3b1e4cd,810e96e4-e456-4468-9b59-f4e8f39732c0,efe8e2a3-eace-427b-b4f1-cb8a937ec77d,e9aa9a3e-5b2b-4ac7-a2c7-073de2b2b24f,8bbdbcdd-5cd4-4100-b6d5-b7c9625b6107,50f4348b-c883-4e2f-8f11-ce233b859fa1,fda095cb-831d-4601-ad94-846013963de8,f92806d7-1768-443f-afe8-12bcde84d0f0,dd3a144d-ab7f-41f0-82b8-2e43a090d496,f0416e68-0200-4b77-a926-4f9d16e494da,970b0598-bcb0-4714-91fb-2e81440dccd8,bcd64cc6-2dd9-43f6-abbe-66318d332032,d930590d-bb92-4cc8-8bd1-23cd027f9edf,a3cd009f-0ab0-420d-9278-b9fdab939bbc,c27215d8-6835-4b68-bfbb-bdeac6100c04,b5d6115f-0370-4d7c-aad3-c194cc71cf98,871c3b6c-7379-419d-bda3-794b239ab90d
2024-3-27 18:47:06-debug: // ---- build task 查询 Asset Bundle ---- (24ms)
2024-3-27 18:47:06-debug: [Build Memory track]: 查询 Asset Bundle start:258.61MB, end 259.09MB, increase: 493.13KB
2024-3-27 18:47:06-debug: // ---- build task 查询 Asset Bundle ----
2024-3-27 18:47:06-debug: 查询 Asset Bundle start5%
2024-3-27 18:47:06-debug: run build task 查询 Asset Bundle success in 24 ms √5%
2024-3-27 18:47:06-debug: run build task 查询 Asset Bundle success in 2 ms √10%
2024-3-27 18:47:06-debug: 整理部分构建选项内数据到 settings.json start10%
2024-3-27 18:47:06-debug: // ---- build task 查询 Asset Bundle ---- (2ms)
2024-3-27 18:47:06-debug: [Build Memory track]: 查询 Asset Bundle start:259.10MB, end 259.11MB, increase: 11.12KB
2024-3-27 18:47:06-debug: // ---- build task 整理部分构建选项内数据到 settings.json ----
2024-3-27 18:47:06-debug: // ---- build task 整理部分构建选项内数据到 settings.json ---- (3ms)
2024-3-27 18:47:06-debug: run build task 整理部分构建选项内数据到 settings.json success in 3 ms √12%
2024-3-27 18:47:06-debug: [Build Memory track]: 整理部分构建选项内数据到 settings.json start:259.12MB, end 259.13MB, increase: 14.24KB
2024-3-27 18:47:06-debug: 填充脚本数据到 settings.json start12%
2024-3-27 18:47:06-debug: // ---- build task 填充脚本数据到 settings.json ----
2024-3-27 18:47:06-debug: run build task 填充脚本数据到 settings.json success in 2 ms √13%
2024-3-27 18:47:06-debug: // ---- build task 整理部分构建选项内数据到 settings.json ----
2024-3-27 18:47:06-debug: // ---- build task 填充脚本数据到 settings.json ---- (2ms)
2024-3-27 18:47:06-debug: [Build Memory track]: 填充脚本数据到 settings.json start:259.14MB, end 259.15MB, increase: 11.90KB
2024-3-27 18:47:06-debug: 整理部分构建选项内数据到 settings.json start13%
2024-3-27 18:47:06-debug: run build task 整理部分构建选项内数据到 settings.json success in 9 ms √15%
2024-3-27 18:47:06-debug: // ---- build task 整理部分构建选项内数据到 settings.json ---- (9ms)
2024-3-27 18:47:06-debug: [Build Memory track]: 整理部分构建选项内数据到 settings.json start:259.16MB, end 259.22MB, increase: 64.50KB
2024-3-27 18:47:27-debug: refresh db internal success
2024-3-27 18:47:27-debug: %cImport%c: /Users/zhangxinxin/XXWorkSpace/Github项目/Cocos 项目/CocosLearnDemo/打火箭/assets/scripts/GameRoot.tsbackground: #aaff85; color: #000;color: #000;
2024-3-27 18:47:27-debug: refresh db assets success
2024-3-27 18:47:27-debug: Run asset db hook engine-extends:afterRefresh ...
2024-3-27 18:47:27-debug: Run asset db hook engine-extends:afterRefresh success!
2024-3-27 18:47:27-debug: asset-db:refresh-all-database (53ms)
2024-3-27 18:47:27-debug: asset-db:worker-effect-data-processing (1ms)
2024-3-27 18:47:27-debug: asset-db-hook-engine-extends-afterRefresh (2ms)
2024-3-27 18:47:29-debug: Query all assets info in project
2024-3-27 18:47:29-debug: init custom config: keepNodeUuid: false, useCache: true
2024-3-27 18:47:29-debug:   Number of all scenes: 2
2024-3-27 18:47:29-debug:   Number of all scripts: 2
2024-3-27 18:47:29-debug:   Number of other assets: 340
2024-3-27 18:47:29-debug: reload all scripts.
2024-3-27 18:47:29-debug: Incremental keys: 
2024-3-27 18:47:29-debug: Set detail map pack:///resolution-detail-map.json: {}
2024-3-27 18:47:29-debug: Unregister DebugViewRuntimeControl
2024-3-27 18:47:29-debug: Invalidating 'pack:///chunks/d5/d5608b38b037f8fab3d80ad8b6997514f74129c4.js'
2024-3-27 18:47:29-debug: Unregister GameRoot
2024-3-27 18:47:29-debug: [[Executor]] Module "pack:///chunks/ce/cee638a986ad8fae09398db255647defcaa6612a.js" loaded.
2024-3-27 18:47:29-debug: Invalidating 'pack:///chunks/5c/5c90b9915a9935592f99ddbbb889a5f4558f39bc.js'
2024-3-27 18:47:29-debug: Invalidating 'pack:///chunks/ce/cee638a986ad8fae09398db255647defcaa6612a.js'
2024-3-27 18:47:29-debug: Invalidating 'pack:///chunks/63/6324fd7f2a6a90bef45040fcb7ce34af0ba6a7d3.js'
2024-3-27 18:47:29-debug: /Users/zhangxinxin/XXWorkSpace/Github项目/Cocos 项目/CocosLearnDemo/打火箭/temp/programming/packer-driver/targets/editor/chunks/63/6324fd7f2a6a90bef45040fcb7ce34af0ba6a7d3.js resolved to /Users/zhangxinxin/XXWorkSpace/Github项目/Cocos 项目/CocosLearnDemo/打火箭/temp/programming/packer-driver/targets/editor/chunks/63/6324fd7f2a6a90bef45040fcb7ce34af0ba6a7d3.js is not in module cache!
2024-3-27 18:47:29-debug: [[Executor]] Module "pack:///chunks/63/6324fd7f2a6a90bef45040fcb7ce34af0ba6a7d3.js" loaded.
2024-3-27 18:47:29-debug: [[Executor]] Register DebugViewRuntimeControl
2024-3-27 18:47:29-debug: [[Executor]] Module "pack:///chunks/d5/d5608b38b037f8fab3d80ad8b6997514f74129c4.js" loaded.
2024-3-27 18:47:29-debug: /Users/zhangxinxin/XXWorkSpace/Github项目/Cocos 项目/CocosLearnDemo/打火箭/temp/programming/packer-driver/targets/editor/chunks/b1/b15061c17838f214da404b939bbbd8c7c7753f22.js resolved to /Users/zhangxinxin/XXWorkSpace/Github项目/Cocos 项目/CocosLearnDemo/打火箭/temp/programming/packer-driver/targets/editor/chunks/b1/b15061c17838f214da404b939bbbd8c7c7753f22.js is not in module cache!
2024-3-27 18:47:29-debug: 查询 Asset Bundle start0%
2024-3-27 18:47:29-debug: // ---- build task 查询 Asset Bundle ----
2024-3-27 18:47:29-debug: [[Executor]] Module "pack:///chunks/63/6324fd7f2a6a90bef45040fcb7ce34af0ba6a7d3.js" loaded.
2024-3-27 18:47:29-debug: [[Executor]] Register GameRoot
2024-3-27 18:47:29-debug: [[Executor]] Module "pack:///chunks/b1/b15061c17838f214da404b939bbbd8c7c7753f22.js" loaded.
2024-3-27 18:47:29-debug: Query preload assets from cc.config.json: 60f7195c-ec2a-45eb-ba94-8955f60e81d0,1c02ae6f-4492-4915-b8f8-7492a3b1e4cd,810e96e4-e456-4468-9b59-f4e8f39732c0,efe8e2a3-eace-427b-b4f1-cb8a937ec77d,e9aa9a3e-5b2b-4ac7-a2c7-073de2b2b24f,8bbdbcdd-5cd4-4100-b6d5-b7c9625b6107,50f4348b-c883-4e2f-8f11-ce233b859fa1,fda095cb-831d-4601-ad94-846013963de8,f92806d7-1768-443f-afe8-12bcde84d0f0,dd3a144d-ab7f-41f0-82b8-2e43a090d496,f0416e68-0200-4b77-a926-4f9d16e494da,970b0598-bcb0-4714-91fb-2e81440dccd8,bcd64cc6-2dd9-43f6-abbe-66318d332032,d930590d-bb92-4cc8-8bd1-23cd027f9edf,a3cd009f-0ab0-420d-9278-b9fdab939bbc,c27215d8-6835-4b68-bfbb-bdeac6100c04,b5d6115f-0370-4d7c-aad3-c194cc71cf98,871c3b6c-7379-419d-bda3-794b239ab90d
2024-3-27 18:47:29-debug: // ---- build task 查询 Asset Bundle ---- (19ms)
2024-3-27 18:47:29-debug: // ---- build task 查询 Asset Bundle ----
2024-3-27 18:47:29-debug: [Build Memory track]: 查询 Asset Bundle start:259.35MB, end 259.41MB, increase: 61.00KB
2024-3-27 18:47:29-debug: 查询 Asset Bundle start5%
2024-3-27 18:47:29-debug: run build task 查询 Asset Bundle success in 19 ms √5%
2024-3-27 18:47:29-debug: // ---- build task 查询 Asset Bundle ---- (1ms)
2024-3-27 18:47:29-debug: // ---- build task 整理部分构建选项内数据到 settings.json ----
2024-3-27 18:47:29-debug: [Build Memory track]: 查询 Asset Bundle start:259.42MB, end 259.43MB, increase: 12.64KB
2024-3-27 18:47:29-debug: 整理部分构建选项内数据到 settings.json start10%
2024-3-27 18:47:29-debug: run build task 查询 Asset Bundle success in 1 ms √10%
2024-3-27 18:47:29-debug: run build task 整理部分构建选项内数据到 settings.json success in 0 ms √12%
2024-3-27 18:47:29-debug: [Build Memory track]: 整理部分构建选项内数据到 settings.json start:259.44MB, end 259.45MB, increase: 15.81KB
2024-3-27 18:47:29-debug: 填充脚本数据到 settings.json start12%
2024-3-27 18:47:29-debug: // ---- build task 填充脚本数据到 settings.json ----
2024-3-27 18:47:29-debug: run build task 填充脚本数据到 settings.json success in 0 ms √13%
2024-3-27 18:47:29-debug: // ---- build task 整理部分构建选项内数据到 settings.json ----
2024-3-27 18:47:29-debug: 整理部分构建选项内数据到 settings.json start13%
2024-3-27 18:47:29-debug: [Build Memory track]: 填充脚本数据到 settings.json start:259.46MB, end 259.47MB, increase: 10.07KB
2024-3-27 18:47:29-debug: // ---- build task 整理部分构建选项内数据到 settings.json ---- (3ms)
2024-3-27 18:47:29-debug: run build task 整理部分构建选项内数据到 settings.json success in 3 ms √15%
2024-3-27 18:47:29-debug: [Build Memory track]: 整理部分构建选项内数据到 settings.json start:259.48MB, end 259.54MB, increase: 56.86KB
2024-3-27 18:47:42-debug: Query all assets info in project
2024-3-27 18:47:42-debug: init custom config: keepNodeUuid: false, useCache: true
2024-3-27 18:47:42-debug:   Number of other assets: 340
2024-3-27 18:47:42-debug:   Number of all scripts: 2
2024-3-27 18:47:42-debug:   Number of all scenes: 2
2024-3-27 18:47:42-debug: reload all scripts.
2024-3-27 18:47:42-debug: Incremental keys: 
2024-3-27 18:47:42-debug: Set detail map pack:///resolution-detail-map.json: {}
2024-3-27 18:47:42-debug: Invalidating 'pack:///chunks/ce/cee638a986ad8fae09398db255647defcaa6612a.js'
2024-3-27 18:47:42-debug: Invalidating 'pack:///chunks/63/6324fd7f2a6a90bef45040fcb7ce34af0ba6a7d3.js'
2024-3-27 18:47:42-debug: Invalidating 'pack:///chunks/d5/d5608b38b037f8fab3d80ad8b6997514f74129c4.js'
2024-3-27 18:47:42-debug: [[Executor]] Module "pack:///chunks/ce/cee638a986ad8fae09398db255647defcaa6612a.js" loaded.
2024-3-27 18:47:42-debug: [[Executor]] Module "pack:///chunks/63/6324fd7f2a6a90bef45040fcb7ce34af0ba6a7d3.js" loaded.
2024-3-27 18:47:42-debug: [[Executor]] Register DebugViewRuntimeControl
2024-3-27 18:47:42-debug: [[Executor]] Module "pack:///chunks/d5/d5608b38b037f8fab3d80ad8b6997514f74129c4.js" loaded.
2024-3-27 18:47:42-debug: [[Executor]] Register GameRoot
2024-3-27 18:47:42-debug: [[Executor]] Module "pack:///chunks/b1/b15061c17838f214da404b939bbbd8c7c7753f22.js" loaded.
2024-3-27 18:47:42-debug: [[Executor]] Module "pack:///chunks/63/6324fd7f2a6a90bef45040fcb7ce34af0ba6a7d3.js" loaded.
2024-3-27 18:47:42-debug: 查询 Asset Bundle start0%
2024-3-27 18:47:42-debug: // ---- build task 查询 Asset Bundle ----
2024-3-27 18:47:42-debug: Unregister GameRoot
2024-3-27 18:47:42-debug: Invalidating 'pack:///chunks/b1/b15061c17838f214da404b939bbbd8c7c7753f22.js'
2024-3-27 18:47:42-debug: Unregister DebugViewRuntimeControl
2024-3-27 18:47:42-debug: Query preload assets from cc.config.json: 60f7195c-ec2a-45eb-ba94-8955f60e81d0,1c02ae6f-4492-4915-b8f8-7492a3b1e4cd,810e96e4-e456-4468-9b59-f4e8f39732c0,efe8e2a3-eace-427b-b4f1-cb8a937ec77d,e9aa9a3e-5b2b-4ac7-a2c7-073de2b2b24f,8bbdbcdd-5cd4-4100-b6d5-b7c9625b6107,50f4348b-c883-4e2f-8f11-ce233b859fa1,fda095cb-831d-4601-ad94-846013963de8,f92806d7-1768-443f-afe8-12bcde84d0f0,dd3a144d-ab7f-41f0-82b8-2e43a090d496,f0416e68-0200-4b77-a926-4f9d16e494da,970b0598-bcb0-4714-91fb-2e81440dccd8,bcd64cc6-2dd9-43f6-abbe-66318d332032,d930590d-bb92-4cc8-8bd1-23cd027f9edf,a3cd009f-0ab0-420d-9278-b9fdab939bbc,c27215d8-6835-4b68-bfbb-bdeac6100c04,b5d6115f-0370-4d7c-aad3-c194cc71cf98,871c3b6c-7379-419d-bda3-794b239ab90d
2024-3-27 18:47:42-debug: // ---- build task 查询 Asset Bundle ---- (15ms)
2024-3-27 18:47:42-debug: // ---- build task 查询 Asset Bundle ----
2024-3-27 18:47:42-debug: [Build Memory track]: 查询 Asset Bundle start:260.92MB, end 260.92MB, increase: 7.93KB
2024-3-27 18:47:42-debug: 查询 Asset Bundle start5%
2024-3-27 18:47:42-debug: run build task 查询 Asset Bundle success in 15 ms √5%
2024-3-27 18:47:42-debug: run build task 查询 Asset Bundle success in 0 ms √10%
2024-3-27 18:47:42-debug: [Build Memory track]: 查询 Asset Bundle start:260.93MB, end 260.94MB, increase: 10.21KB
2024-3-27 18:47:42-debug: 整理部分构建选项内数据到 settings.json start10%
2024-3-27 18:47:42-debug: // ---- build task 整理部分构建选项内数据到 settings.json ----
2024-3-27 18:47:42-debug: run build task 整理部分构建选项内数据到 settings.json success in 0 ms √12%
2024-3-27 18:47:42-debug: // ---- build task 填充脚本数据到 settings.json ----
2024-3-27 18:47:42-debug: 填充脚本数据到 settings.json start12%
2024-3-27 18:47:42-debug: [Build Memory track]: 整理部分构建选项内数据到 settings.json start:260.95MB, end 260.96MB, increase: 10.56KB
2024-3-27 18:47:42-debug: run build task 填充脚本数据到 settings.json success in 0 ms √13%
2024-3-27 18:47:42-debug: // ---- build task 整理部分构建选项内数据到 settings.json ----
2024-3-27 18:47:42-debug: 整理部分构建选项内数据到 settings.json start13%
2024-3-27 18:47:42-debug: [Build Memory track]: 填充脚本数据到 settings.json start:260.97MB, end 260.98MB, increase: 10.04KB
2024-3-27 18:47:42-debug: // ---- build task 整理部分构建选项内数据到 settings.json ---- (3ms)
2024-3-27 18:47:42-debug: run build task 整理部分构建选项内数据到 settings.json success in 3 ms √15%
2024-3-27 18:47:42-debug: [Build Memory track]: 整理部分构建选项内数据到 settings.json start:260.99MB, end 261.05MB, increase: 56.84KB
2024-3-27 18:48:01-debug: refresh db internal success
2024-3-27 18:48:01-debug: refresh db assets success
2024-3-27 18:48:01-debug: Run asset db hook engine-extends:afterRefresh ...
2024-3-27 18:48:01-debug: Run asset db hook engine-extends:afterRefresh success!
2024-3-27 18:48:01-debug: asset-db:refresh-all-database (46ms)
2024-3-27 18:48:01-debug: asset-db:worker-effect-data-processing (1ms)
2024-3-27 18:48:01-debug: asset-db-hook-engine-extends-afterRefresh (1ms)
2024-3-27 18:48:52-debug: Query all assets info in project
2024-3-27 18:48:52-debug: init custom config: keepNodeUuid: false, useCache: true
2024-3-27 18:48:52-debug:   Number of all scenes: 2
2024-3-27 18:48:52-debug:   Number of all scripts: 2
2024-3-27 18:48:52-debug:   Number of other assets: 340
2024-3-27 18:48:52-debug: reload all scripts.
2024-3-27 18:48:52-debug: Incremental keys: 
2024-3-27 18:48:52-debug: Set detail map pack:///resolution-detail-map.json: {}
2024-3-27 18:48:52-debug: Unregister DebugViewRuntimeControl
2024-3-27 18:48:52-debug: Invalidating 'pack:///chunks/63/6324fd7f2a6a90bef45040fcb7ce34af0ba6a7d3.js'
2024-3-27 18:48:52-debug: Invalidating 'pack:///chunks/b1/b15061c17838f214da404b939bbbd8c7c7753f22.js'
2024-3-27 18:48:52-debug: [[Executor]] Module "pack:///chunks/ce/cee638a986ad8fae09398db255647defcaa6612a.js" loaded.
2024-3-27 18:48:52-debug: [[Executor]] Module "pack:///chunks/63/6324fd7f2a6a90bef45040fcb7ce34af0ba6a7d3.js" loaded.
2024-3-27 18:48:52-debug: [[Executor]] Register DebugViewRuntimeControl
2024-3-27 18:48:52-debug: [[Executor]] Module "pack:///chunks/d5/d5608b38b037f8fab3d80ad8b6997514f74129c4.js" loaded.
2024-3-27 18:48:52-debug: [[Executor]] Register GameRoot
2024-3-27 18:48:52-debug: [[Executor]] Module "pack:///chunks/b1/b15061c17838f214da404b939bbbd8c7c7753f22.js" loaded.
2024-3-27 18:48:52-debug: [[Executor]] Module "pack:///chunks/63/6324fd7f2a6a90bef45040fcb7ce34af0ba6a7d3.js" loaded.
2024-3-27 18:48:52-debug: 查询 Asset Bundle start0%
2024-3-27 18:48:52-debug: // ---- build task 查询 Asset Bundle ----
2024-3-27 18:48:52-debug: Unregister GameRoot
2024-3-27 18:48:52-debug: Invalidating 'pack:///chunks/d5/d5608b38b037f8fab3d80ad8b6997514f74129c4.js'
2024-3-27 18:48:52-debug: Invalidating 'pack:///chunks/ce/cee638a986ad8fae09398db255647defcaa6612a.js'
2024-3-27 18:48:52-debug: Query preload assets from cc.config.json: 60f7195c-ec2a-45eb-ba94-8955f60e81d0,1c02ae6f-4492-4915-b8f8-7492a3b1e4cd,810e96e4-e456-4468-9b59-f4e8f39732c0,efe8e2a3-eace-427b-b4f1-cb8a937ec77d,e9aa9a3e-5b2b-4ac7-a2c7-073de2b2b24f,8bbdbcdd-5cd4-4100-b6d5-b7c9625b6107,50f4348b-c883-4e2f-8f11-ce233b859fa1,fda095cb-831d-4601-ad94-846013963de8,f92806d7-1768-443f-afe8-12bcde84d0f0,dd3a144d-ab7f-41f0-82b8-2e43a090d496,f0416e68-0200-4b77-a926-4f9d16e494da,970b0598-bcb0-4714-91fb-2e81440dccd8,bcd64cc6-2dd9-43f6-abbe-66318d332032,d930590d-bb92-4cc8-8bd1-23cd027f9edf,a3cd009f-0ab0-420d-9278-b9fdab939bbc,c27215d8-6835-4b68-bfbb-bdeac6100c04,b5d6115f-0370-4d7c-aad3-c194cc71cf98,871c3b6c-7379-419d-bda3-794b239ab90d
2024-3-27 18:48:52-debug: // ---- build task 查询 Asset Bundle ---- (19ms)
2024-3-27 18:48:52-debug: // ---- build task 查询 Asset Bundle ----
2024-3-27 18:48:52-debug: [Build Memory track]: 查询 Asset Bundle start:262.18MB, end 262.94MB, increase: 774.95KB
2024-3-27 18:48:52-debug: 查询 Asset Bundle start5%
2024-3-27 18:48:52-debug: run build task 查询 Asset Bundle success in 19 ms √5%
2024-3-27 18:48:52-debug: // ---- build task 查询 Asset Bundle ---- (1ms)
2024-3-27 18:48:52-debug: run build task 查询 Asset Bundle success in 1 ms √10%
2024-3-27 18:48:52-debug: [Build Memory track]: 查询 Asset Bundle start:262.95MB, end 262.96MB, increase: 12.62KB
2024-3-27 18:48:52-debug: 整理部分构建选项内数据到 settings.json start10%
2024-3-27 18:48:52-debug: // ---- build task 整理部分构建选项内数据到 settings.json ----
2024-3-27 18:48:52-debug: run build task 整理部分构建选项内数据到 settings.json success in 0 ms √12%
2024-3-27 18:48:52-debug: 填充脚本数据到 settings.json start12%
2024-3-27 18:48:52-debug: // ---- build task 填充脚本数据到 settings.json ----
2024-3-27 18:48:52-debug: [Build Memory track]: 整理部分构建选项内数据到 settings.json start:262.97MB, end 262.98MB, increase: 10.35KB
2024-3-27 18:48:52-debug: run build task 填充脚本数据到 settings.json success in 0 ms √13%
2024-3-27 18:48:52-debug: 整理部分构建选项内数据到 settings.json start13%
2024-3-27 18:48:52-debug: // ---- build task 整理部分构建选项内数据到 settings.json ----
2024-3-27 18:48:52-debug: [Build Memory track]: 填充脚本数据到 settings.json start:262.99MB, end 263.00MB, increase: 10.90KB
2024-3-27 18:48:52-debug: // ---- build task 整理部分构建选项内数据到 settings.json ---- (3ms)
2024-3-27 18:48:52-debug: run build task 整理部分构建选项内数据到 settings.json success in 3 ms √15%
2024-3-27 18:48:52-debug: [Build Memory track]: 整理部分构建选项内数据到 settings.json start:263.01MB, end 263.06MB, increase: 56.82KB
