9-21-2023 20:07:57 - log: Load engine in /Applications/Cocos/Creator/3.8.0/CocosCreator.app/Contents/Resources/resources/3d/engine
9-21-2023 20:07:58 - log: Profile changed: engine (modules.includeModules: 2d,animation,audio,base,dragon-bones,gfx-webgl,gfx-webgl2,intersection-2d,particle-2d,physics-2d-box2d,profiler,spine,tiled-map,tween,ui,video,webview)
9-21-2023 20:07:58 - log: Register native engine in /Applications/Cocos/Creator/3.8.0/CocosCreator.app/Contents/Resources/resources/3d/engine/native
9-21-2023 20:08:15 - log: Profile changed: builder (log.level: 1)
9-21-2023 20:08:37 - info: [Scene] [PHYSICS]: using builtin.
9-21-2023 20:08:37 - log: [Scene] Cocos Creator v3.8.0
9-21-2023 20:08:37 - info: [Scene] Forward render pipeline initialized.
9-21-2023 20:08:37 - info: [Scene] [PHYSICS2D]: switch from builtin to box2d.
9-21-2023 20:08:47 - error: [Window] Cannot read property 'top' of nullTypeError: Cannot read property 'top' of null
    at /Applications/Cocos/Creator/3.8.0/CocosCreator.app/Contents/Resources/app.asar/builtin/animator/dist/panel/share/animation-editor.ccc:1:58921
    at Array.forEach (<anonymous>)
    at AnimationEditor.calcDisplayNodes (/Applications/Cocos/Creator/3.8.0/CocosCreator.app/Contents/Resources/app.asar/builtin/animator/dist/panel/share/animation-editor.ccc:1:58638)
    at AnimationEditor.calcDisplayClips (/Applications/Cocos/Creator/3.8.0/CocosCreator.app/Contents/Resources/app.asar/builtin/animator/dist/panel/share/animation-editor.ccc:1:59567)
    at AnimationEditor.clearClips (/Applications/Cocos/Creator/3.8.0/CocosCreator.app/Contents/Resources/app.asar/builtin/animator/dist/panel/share/animation-editor.ccc:1:55870)
    at AnimationEditor.updateClips (/Applications/Cocos/Creator/3.8.0/CocosCreator.app/Contents/Resources/app.asar/builtin/animator/dist/panel/share/animation-editor.ccc:1:53970)
    at AnimationEditor.updateNode (/Applications/Cocos/Creator/3.8.0/CocosCreator.app/Contents/Resources/app.asar/builtin/animator/dist/panel/share/animation-editor.ccc:1:43242)
    at async Object._onChangeNode (/Applications/Cocos/Creator/3.8.0/CocosCreator.app/Contents/Resources/app.asar/builtin/animator/dist/panel/index.ccc:1:3501)
9-21-2023 20:08:47 - error: [Window] Cannot read property 'top' of nullTypeError: Cannot read property 'top' of null
    at /Applications/Cocos/Creator/3.8.0/CocosCreator.app/Contents/Resources/app.asar/builtin/animator/dist/panel/share/animation-editor.ccc:1:58921
    at Array.forEach (<anonymous>)
    at AnimationEditor.calcDisplayNodes (/Applications/Cocos/Creator/3.8.0/CocosCreator.app/Contents/Resources/app.asar/builtin/animator/dist/panel/share/animation-editor.ccc:1:58638)
    at AnimationEditor.calcDisplayClips (/Applications/Cocos/Creator/3.8.0/CocosCreator.app/Contents/Resources/app.asar/builtin/animator/dist/panel/share/animation-editor.ccc:1:59567)
    at AnimationEditor.clearClips (/Applications/Cocos/Creator/3.8.0/CocosCreator.app/Contents/Resources/app.asar/builtin/animator/dist/panel/share/animation-editor.ccc:1:55870)
    at AnimationEditor.updateClips (/Applications/Cocos/Creator/3.8.0/CocosCreator.app/Contents/Resources/app.asar/builtin/animator/dist/panel/share/animation-editor.ccc:1:53970)
    at AnimationEditor.updateNode (/Applications/Cocos/Creator/3.8.0/CocosCreator.app/Contents/Resources/app.asar/builtin/animator/dist/panel/share/animation-editor.ccc:1:43242)
    at async Object._onChangeNode (/Applications/Cocos/Creator/3.8.0/CocosCreator.app/Contents/Resources/app.asar/builtin/animator/dist/panel/index.ccc:1:3501)
9-21-2023 20:08:47 - error: [Window] Cannot read property 'top' of nullTypeError: Cannot read property 'top' of null
    at /Applications/Cocos/Creator/3.8.0/CocosCreator.app/Contents/Resources/app.asar/builtin/animator/dist/panel/share/animation-editor.ccc:1:58921
    at Array.forEach (<anonymous>)
    at AnimationEditor.calcDisplayNodes (/Applications/Cocos/Creator/3.8.0/CocosCreator.app/Contents/Resources/app.asar/builtin/animator/dist/panel/share/animation-editor.ccc:1:58638)
    at AnimationEditor.calcDisplayClips (/Applications/Cocos/Creator/3.8.0/CocosCreator.app/Contents/Resources/app.asar/builtin/animator/dist/panel/share/animation-editor.ccc:1:59567)
    at AnimationEditor.clearClips (/Applications/Cocos/Creator/3.8.0/CocosCreator.app/Contents/Resources/app.asar/builtin/animator/dist/panel/share/animation-editor.ccc:1:55870)
    at AnimationEditor.updateClips (/Applications/Cocos/Creator/3.8.0/CocosCreator.app/Contents/Resources/app.asar/builtin/animator/dist/panel/share/animation-editor.ccc:1:53970)
    at AnimationEditor.updateNode (/Applications/Cocos/Creator/3.8.0/CocosCreator.app/Contents/Resources/app.asar/builtin/animator/dist/panel/share/animation-editor.ccc:1:43242)
    at async Object._onChangeNode (/Applications/Cocos/Creator/3.8.0/CocosCreator.app/Contents/Resources/app.asar/builtin/animator/dist/panel/index.ccc:1:3501)
9-21-2023 20:08:47 - error: [Window] Cannot read property 'top' of nullTypeError: Cannot read property 'top' of null
    at /Applications/Cocos/Creator/3.8.0/CocosCreator.app/Contents/Resources/app.asar/builtin/animator/dist/panel/share/animation-editor.ccc:1:58921
    at Array.forEach (<anonymous>)
    at AnimationEditor.calcDisplayNodes (/Applications/Cocos/Creator/3.8.0/CocosCreator.app/Contents/Resources/app.asar/builtin/animator/dist/panel/share/animation-editor.ccc:1:58638)
    at AnimationEditor.calcDisplayClips (/Applications/Cocos/Creator/3.8.0/CocosCreator.app/Contents/Resources/app.asar/builtin/animator/dist/panel/share/animation-editor.ccc:1:59567)
    at AnimationEditor.clearClips (/Applications/Cocos/Creator/3.8.0/CocosCreator.app/Contents/Resources/app.asar/builtin/animator/dist/panel/share/animation-editor.ccc:1:55870)
    at AnimationEditor.updateClips (/Applications/Cocos/Creator/3.8.0/CocosCreator.app/Contents/Resources/app.asar/builtin/animator/dist/panel/share/animation-editor.ccc:1:53970)
    at AnimationEditor.updateNode (/Applications/Cocos/Creator/3.8.0/CocosCreator.app/Contents/Resources/app.asar/builtin/animator/dist/panel/share/animation-editor.ccc:1:43242)
    at async Object._onChangeNode (/Applications/Cocos/Creator/3.8.0/CocosCreator.app/Contents/Resources/app.asar/builtin/animator/dist/panel/index.ccc:1:3501)
9-21-2023 20:08:47 - error: [Window] Cannot read property 'top' of nullTypeError: Cannot read property 'top' of null
    at /Applications/Cocos/Creator/3.8.0/CocosCreator.app/Contents/Resources/app.asar/builtin/animator/dist/panel/share/animation-editor.ccc:1:58921
    at Array.forEach (<anonymous>)
    at AnimationEditor.calcDisplayNodes (/Applications/Cocos/Creator/3.8.0/CocosCreator.app/Contents/Resources/app.asar/builtin/animator/dist/panel/share/animation-editor.ccc:1:58638)
    at AnimationEditor.calcDisplayClips (/Applications/Cocos/Creator/3.8.0/CocosCreator.app/Contents/Resources/app.asar/builtin/animator/dist/panel/share/animation-editor.ccc:1:59567)
    at AnimationEditor.clearClips (/Applications/Cocos/Creator/3.8.0/CocosCreator.app/Contents/Resources/app.asar/builtin/animator/dist/panel/share/animation-editor.ccc:1:55870)
    at AnimationEditor.updateClips (/Applications/Cocos/Creator/3.8.0/CocosCreator.app/Contents/Resources/app.asar/builtin/animator/dist/panel/share/animation-editor.ccc:1:53970)
    at AnimationEditor.updateNode (/Applications/Cocos/Creator/3.8.0/CocosCreator.app/Contents/Resources/app.asar/builtin/animator/dist/panel/share/animation-editor.ccc:1:43242)
    at async Object._onChangeNode (/Applications/Cocos/Creator/3.8.0/CocosCreator.app/Contents/Resources/app.asar/builtin/animator/dist/panel/index.ccc:1:3501)
9-21-2023 20:08:47 - error: [Window] Cannot read property 'top' of nullTypeError: Cannot read property 'top' of null
    at /Applications/Cocos/Creator/3.8.0/CocosCreator.app/Contents/Resources/app.asar/builtin/animator/dist/panel/share/animation-editor.ccc:1:58921
    at Array.forEach (<anonymous>)
    at AnimationEditor.calcDisplayNodes (/Applications/Cocos/Creator/3.8.0/CocosCreator.app/Contents/Resources/app.asar/builtin/animator/dist/panel/share/animation-editor.ccc:1:58638)
    at AnimationEditor.calcDisplayClips (/Applications/Cocos/Creator/3.8.0/CocosCreator.app/Contents/Resources/app.asar/builtin/animator/dist/panel/share/animation-editor.ccc:1:59567)
    at AnimationEditor.clearClips (/Applications/Cocos/Creator/3.8.0/CocosCreator.app/Contents/Resources/app.asar/builtin/animator/dist/panel/share/animation-editor.ccc:1:55870)
    at AnimationEditor.updateClips (/Applications/Cocos/Creator/3.8.0/CocosCreator.app/Contents/Resources/app.asar/builtin/animator/dist/panel/share/animation-editor.ccc:1:53970)
    at AnimationEditor.updateNode (/Applications/Cocos/Creator/3.8.0/CocosCreator.app/Contents/Resources/app.asar/builtin/animator/dist/panel/share/animation-editor.ccc:1:43242)
    at async Object._onChangeNode (/Applications/Cocos/Creator/3.8.0/CocosCreator.app/Contents/Resources/app.asar/builtin/animator/dist/panel/index.ccc:1:3501)
9-21-2023 20:08:47 - error: [Window] Cannot read property 'top' of nullTypeError: Cannot read property 'top' of null
    at /Applications/Cocos/Creator/3.8.0/CocosCreator.app/Contents/Resources/app.asar/builtin/animator/dist/panel/share/animation-editor.ccc:1:58921
    at Array.forEach (<anonymous>)
    at AnimationEditor.calcDisplayNodes (/Applications/Cocos/Creator/3.8.0/CocosCreator.app/Contents/Resources/app.asar/builtin/animator/dist/panel/share/animation-editor.ccc:1:58638)
    at AnimationEditor.calcDisplayClips (/Applications/Cocos/Creator/3.8.0/CocosCreator.app/Contents/Resources/app.asar/builtin/animator/dist/panel/share/animation-editor.ccc:1:59567)
    at AnimationEditor.clearClips (/Applications/Cocos/Creator/3.8.0/CocosCreator.app/Contents/Resources/app.asar/builtin/animator/dist/panel/share/animation-editor.ccc:1:55870)
    at AnimationEditor.updateClips (/Applications/Cocos/Creator/3.8.0/CocosCreator.app/Contents/Resources/app.asar/builtin/animator/dist/panel/share/animation-editor.ccc:1:53970)
    at AnimationEditor.updateNode (/Applications/Cocos/Creator/3.8.0/CocosCreator.app/Contents/Resources/app.asar/builtin/animator/dist/panel/share/animation-editor.ccc:1:43242)
    at async Object._onChangeNode (/Applications/Cocos/Creator/3.8.0/CocosCreator.app/Contents/Resources/app.asar/builtin/animator/dist/panel/index.ccc:1:3501)
9-21-2023 20:08:47 - error: [Window] Cannot read property 'top' of nullTypeError: Cannot read property 'top' of null
    at /Applications/Cocos/Creator/3.8.0/CocosCreator.app/Contents/Resources/app.asar/builtin/animator/dist/panel/share/animation-editor.ccc:1:58921
    at Array.forEach (<anonymous>)
    at AnimationEditor.calcDisplayNodes (/Applications/Cocos/Creator/3.8.0/CocosCreator.app/Contents/Resources/app.asar/builtin/animator/dist/panel/share/animation-editor.ccc:1:58638)
    at AnimationEditor.calcDisplayClips (/Applications/Cocos/Creator/3.8.0/CocosCreator.app/Contents/Resources/app.asar/builtin/animator/dist/panel/share/animation-editor.ccc:1:59567)
    at AnimationEditor.clearClips (/Applications/Cocos/Creator/3.8.0/CocosCreator.app/Contents/Resources/app.asar/builtin/animator/dist/panel/share/animation-editor.ccc:1:55870)
    at AnimationEditor.updateClips (/Applications/Cocos/Creator/3.8.0/CocosCreator.app/Contents/Resources/app.asar/builtin/animator/dist/panel/share/animation-editor.ccc:1:53970)
    at AnimationEditor.updateNode (/Applications/Cocos/Creator/3.8.0/CocosCreator.app/Contents/Resources/app.asar/builtin/animator/dist/panel/share/animation-editor.ccc:1:43242)
    at async Object._onChangeNode (/Applications/Cocos/Creator/3.8.0/CocosCreator.app/Contents/Resources/app.asar/builtin/animator/dist/panel/index.ccc:1:3501)
9-21-2023 20:08:47 - error: [Window] Cannot read property 'top' of nullTypeError: Cannot read property 'top' of null
    at /Applications/Cocos/Creator/3.8.0/CocosCreator.app/Contents/Resources/app.asar/builtin/animator/dist/panel/share/animation-editor.ccc:1:58921
    at Array.forEach (<anonymous>)
    at AnimationEditor.calcDisplayNodes (/Applications/Cocos/Creator/3.8.0/CocosCreator.app/Contents/Resources/app.asar/builtin/animator/dist/panel/share/animation-editor.ccc:1:58638)
    at AnimationEditor.calcDisplayClips (/Applications/Cocos/Creator/3.8.0/CocosCreator.app/Contents/Resources/app.asar/builtin/animator/dist/panel/share/animation-editor.ccc:1:59567)
    at AnimationEditor.clearClips (/Applications/Cocos/Creator/3.8.0/CocosCreator.app/Contents/Resources/app.asar/builtin/animator/dist/panel/share/animation-editor.ccc:1:55870)
    at AnimationEditor.updateClips (/Applications/Cocos/Creator/3.8.0/CocosCreator.app/Contents/Resources/app.asar/builtin/animator/dist/panel/share/animation-editor.ccc:1:53970)
    at AnimationEditor.updateNode (/Applications/Cocos/Creator/3.8.0/CocosCreator.app/Contents/Resources/app.asar/builtin/animator/dist/panel/share/animation-editor.ccc:1:43242)
    at async Object._onChangeNode (/Applications/Cocos/Creator/3.8.0/CocosCreator.app/Contents/Resources/app.asar/builtin/animator/dist/panel/index.ccc:1:3501)
9-22-2023 10:18:00 - error: Error occurred in handler for 'GUEST_VIEW_MANAGER_CALL': Error: Invalid guestInstanceId: 6
    at getGuestForWebContents (electron/js2c/browser_init.js:181:6307)
    at electron/js2c/browser_init.js:181:5372
    at electron/js2c/browser_init.js:181:1637
    at electron/js2c/browser_init.js:197:579
    at Object.<anonymous> (electron/js2c/browser_init.js:161:9782)
    at Object.emit (events.js:315:20)
    at Object.emit (domain.js:467:12)
